<?xml version="1.0" encoding="UTF-8"?>
<coverage generated="1783286495496" clover="3.2.0">
  <project timestamp="1783286495496" name="All files">
    <metrics statements="913" coveredstatements="646" conditionals="887" coveredconditionals="469" methods="261" coveredmethods="157" elements="2061" coveredelements="1272" complexity="0" loc="913" ncloc="913" packages="4" files="24" classes="24"/>
    <package name="app">
      <metrics statements="35" coveredstatements="18" conditionals="34" coveredconditionals="8" methods="12" coveredmethods="5"/>
      <file name="metadata.ts" path="F:\Content\Work\Yale\EGC\WorkInData\gender_gap\app\metadata.ts">
        <metrics statements="4" coveredstatements="4" conditionals="0" coveredconditionals="0" methods="0" coveredmethods="0"/>
        <line num="3" count="2" type="stmt"/>
        <line num="36" count="2" type="stmt"/>
        <line num="45" count="2" type="stmt"/>
        <line num="46" count="2" type="stmt"/>
      </file>
      <file name="page.tsx" path="F:\Content\Work\Yale\EGC\WorkInData\gender_gap\app\page.tsx">
        <metrics statements="18" coveredstatements="7" conditionals="16" coveredconditionals="6" methods="8" coveredmethods="2"/>
        <line num="13" count="2" type="stmt"/>
        <line num="14" count="2" type="stmt"/>
        <line num="17" count="4" type="stmt"/>
        <line num="18" count="4" type="stmt"/>
        <line num="19" count="4" type="stmt"/>
        <line num="20" count="0" type="cond" truecount="0" falsecount="2"/>
        <line num="21" count="0" type="stmt"/>
        <line num="22" count="0" type="stmt"/>
        <line num="23" count="0" type="stmt"/>
        <line num="25" count="4" type="stmt"/>
        <line num="26" count="4" type="stmt"/>
        <line num="35" count="0" type="cond" truecount="0" falsecount="2"/>
        <line num="36" count="0" type="stmt"/>
        <line num="38" count="0" type="stmt"/>
        <line num="39" count="0" type="stmt"/>
        <line num="51" count="0" type="stmt"/>
        <line num="52" count="0" type="stmt"/>
        <line num="81" count="0" type="cond" truecount="1" falsecount="1"/>
      </file>
      <file name="theme.tsx" path="F:\Content\Work\Yale\EGC\WorkInData\gender_gap\app\theme.tsx">
        <metrics statements="3" coveredstatements="3" conditionals="0" coveredconditionals="0" methods="1" coveredmethods="1"/>
        <line num="6" count="2" type="stmt"/>
        <line num="11" count="2" type="stmt"/>
        <line num="14" count="4" type="stmt"/>
      </file>
      <file name="utils.ts" path="F:\Content\Work\Yale\EGC\WorkInData\gender_gap\app\utils.ts">
        <metrics statements="10" coveredstatements="4" conditionals="18" coveredconditionals="2" methods="3" coveredmethods="2"/>
        <line num="5" count="2" type="stmt"/>
        <line num="7" count="1114" type="cond" truecount="1" falsecount="1"/>
        <line num="8" count="0" type="cond" truecount="0" falsecount="2"/>
        <line num="9" count="0" type="cond" truecount="0" falsecount="4"/>
        <line num="11" count="1114" type="stmt"/>
        <line num="19" count="84" type="stmt"/>
        <line num="23" count="0" type="stmt"/>
        <line num="24" count="0" type="stmt"/>
        <line num="25" count="0" type="stmt"/>
        <line num="35" count="0" type="stmt"/>
      </file>
    </package>
    <package name="app.dashboard">
      <metrics statements="247" coveredstatements="135" conditionals="223" coveredconditionals="102" methods="92" coveredmethods="45"/>
      <file name="about.tsx" path="F:\Content\Work\Yale\EGC\WorkInData\gender_gap\app\dashboard\about.tsx">
        <metrics statements="10" coveredstatements="1" conditionals="4" coveredconditionals="0" methods="3" coveredmethods="0"/>
        <line num="7" count="2" type="stmt"/>
        <line num="180" count="0" type="stmt"/>
        <line num="181" count="0" type="stmt"/>
        <line num="182" count="0" type="stmt"/>
        <line num="183" count="0" type="stmt"/>
        <line num="184" count="0" type="stmt"/>
        <line num="185" count="0" type="stmt"/>
        <line num="266" count="0" type="stmt"/>
        <line num="277" count="0" type="stmt"/>
        <line num="278" count="0" type="stmt"/>
      </file>
      <file name="color_basis_select.tsx" path="F:\Content\Work\Yale\EGC\WorkInData\gender_gap\app\dashboard\color_basis_select.tsx">
        <metrics statements="2" coveredstatements="1" conditionals="2" coveredconditionals="2" methods="2" coveredmethods="1"/>
        <line num="13" count="28" type="stmt"/>
        <line num="22" count="0" type="stmt"/>
      </file>
      <file name="custom_variable.tsx" path="F:\Content\Work\Yale\EGC\WorkInData\gender_gap\app\dashboard\custom_variable.tsx">
        <metrics statements="38" coveredstatements="8" conditionals="50" coveredconditionals="4" methods="16" coveredmethods="1"/>
        <line num="26" count="2" type="stmt"/>
        <line num="34" count="2" type="stmt"/>
        <line num="47" count="28" type="stmt"/>
        <line num="48" count="28" type="stmt"/>
        <line num="49" count="28" type="cond" truecount="3" falsecount="1"/>
        <line num="50" count="28" type="stmt"/>
        <line num="51" count="28" type="stmt"/>
        <line num="52" count="28" type="stmt"/>
        <line num="86" count="0" type="stmt"/>
        <line num="87" count="0" type="stmt"/>
        <line num="91" count="0" type="stmt"/>
        <line num="110" count="0" type="stmt"/>
        <line num="111" count="0" type="stmt"/>
        <line num="125" count="0" type="stmt"/>
        <line num="126" count="0" type="stmt"/>
        <line num="138" count="0" type="cond" truecount="0" falsecount="2"/>
        <line num="139" count="0" type="stmt"/>
        <line num="141" count="0" type="stmt"/>
        <line num="147" count="0" type="stmt"/>
        <line num="167" count="0" type="stmt"/>
        <line num="170" count="0" type="cond" truecount="0" falsecount="2"/>
        <line num="175" count="0" type="cond" truecount="0" falsecount="4"/>
        <line num="176" count="0" type="stmt"/>
        <line num="181" count="0" type="stmt"/>
        <line num="187" count="0" type="stmt"/>
        <line num="207" count="0" type="stmt"/>
        <line num="211" count="0" type="stmt"/>
        <line num="227" count="0" type="cond" truecount="0" falsecount="2"/>
        <line num="228" count="0" type="stmt"/>
        <line num="230" count="0" type="stmt"/>
        <line num="236" count="0" type="stmt"/>
        <line num="251" count="0" type="stmt"/>
        <line num="256" count="0" type="stmt"/>
        <line num="261" count="0" type="stmt"/>
        <line num="276" count="0" type="stmt"/>
        <line num="280" count="0" type="stmt"/>
        <line num="296" count="0" type="stmt"/>
        <line num="300" count="0" type="stmt"/>
      </file>
      <file name="data_menu.tsx" path="F:\Content\Work\Yale\EGC\WorkInData\gender_gap\app\dashboard\data_menu.tsx">
        <metrics statements="59" coveredstatements="28" conditionals="41" coveredconditionals="27" methods="13" coveredmethods="3"/>
        <line num="24" count="28" type="stmt"/>
        <line num="25" count="28" type="stmt"/>
        <line num="26" count="28" type="stmt"/>
        <line num="27" count="28" type="stmt"/>
        <line num="28" count="28" type="stmt"/>
        <line num="30" count="28" type="stmt"/>
        <line num="31" count="28" type="stmt"/>
        <line num="32" count="14" type="stmt"/>
        <line num="33" count="14" type="stmt"/>
        <line num="34" count="14" type="cond" truecount="1" falsecount="1"/>
        <line num="39" count="0" type="stmt"/>
        <line num="40" count="0" type="stmt"/>
        <line num="49" count="14" type="cond" truecount="3" falsecount="1"/>
        <line num="50" count="0" type="stmt"/>
        <line num="60" count="14" type="cond" truecount="3" falsecount="1"/>
        <line num="61" count="0" type="stmt"/>
        <line num="62" count="0" type="stmt"/>
        <line num="64" count="14" type="cond" truecount="1" falsecount="1"/>
        <line num="65" count="0" type="stmt"/>
        <line num="66" count="0" type="stmt"/>
        <line num="68" count="14" type="cond" truecount="1" falsecount="1"/>
        <line num="69" count="0" type="stmt"/>
        <line num="70" count="0" type="stmt"/>
        <line num="72" count="14" type="cond" truecount="1" falsecount="1"/>
        <line num="73" count="0" type="stmt"/>
        <line num="74" count="0" type="stmt"/>
        <line num="76" count="14" type="cond" truecount="3" falsecount="1"/>
        <line num="77" count="0" type="stmt"/>
        <line num="78" count="0" type="stmt"/>
        <line num="80" count="14" type="cond" truecount="1" falsecount="1"/>
        <line num="81" count="0" type="stmt"/>
        <line num="82" count="0" type="stmt"/>
        <line num="84" count="14" type="cond" truecount="1" falsecount="1"/>
        <line num="85" count="0" type="stmt"/>
        <line num="86" count="0" type="stmt"/>
        <line num="88" count="14" type="cond" truecount="1" falsecount="1"/>
        <line num="89" count="0" type="stmt"/>
        <line num="90" count="0" type="stmt"/>
        <line num="92" count="14" type="stmt"/>
        <line num="93" count="14" type="stmt"/>
        <line num="95" count="28" type="cond" truecount="2" falsecount="0"/>
        <line num="96" count="14" type="stmt"/>
        <line num="97" count="14" type="cond" truecount="1" falsecount="1"/>
        <line num="98" count="14" type="stmt"/>
        <line num="100" count="28" type="stmt"/>
        <line num="114" count="0" type="stmt"/>
        <line num="126" count="1" type="cond" truecount="1" falsecount="1"/>
        <line num="127" count="0" type="stmt"/>
        <line num="128" count="0" type="stmt"/>
        <line num="130" count="1" type="stmt"/>
        <line num="140" count="0" type="stmt"/>
        <line num="154" count="0" type="stmt"/>
        <line num="164" count="0" type="stmt"/>
        <line num="173" count="0" type="stmt"/>
        <line num="184" count="0" type="stmt"/>
        <line num="190" count="0" type="stmt"/>
        <line num="194" count="0" type="stmt"/>
        <line num="204" count="0" type="stmt"/>
        <line num="205" count="0" type="stmt"/>
      </file>
      <file name="filter_country.tsx" path="F:\Content\Work\Yale\EGC\WorkInData\gender_gap\app\dashboard\filter_country.tsx">
        <metrics statements="40" coveredstatements="32" conditionals="14" coveredconditionals="9" methods="18" coveredmethods="14"/>
        <line num="7" count="2" type="stmt"/>
        <line num="8" count="2" type="stmt"/>
        <line num="11" count="28" type="stmt"/>
        <line num="12" count="28" type="stmt"/>
        <line num="13" count="28" type="stmt"/>
        <line num="14" count="28" type="stmt"/>
        <line num="16" count="810" type="cond" truecount="2" falsecount="0"/>
        <line num="17" count="202" type="stmt"/>
        <line num="18" count="202" type="stmt"/>
        <line num="23" count="810" type="stmt"/>
        <line num="27" count="28" type="stmt"/>
        <line num="28" count="4" type="stmt"/>
        <line num="31" count="28" type="stmt"/>
        <line num="32" count="8" type="stmt"/>
        <line num="36" count="28" type="stmt"/>
        <line num="38" count="98" type="stmt"/>
        <line num="39" count="98" type="stmt"/>
        <line num="40" count="98" type="stmt"/>
        <line num="41" count="9898" type="cond" truecount="4" falsecount="0"/>
        <line num="42" count="98" type="stmt"/>
        <line num="45" count="98" type="stmt"/>
        <line num="49" count="28" type="stmt"/>
        <line num="53" count="404" type="stmt"/>
        <line num="56" count="98" type="stmt"/>
        <line num="71" count="0" type="stmt"/>
        <line num="72" count="0" type="stmt"/>
        <line num="73" count="0" type="cond" truecount="0" falsecount="2"/>
        <line num="74" count="0" type="cond" truecount="0" falsecount="2"/>
        <line num="75" count="0" type="stmt"/>
        <line num="77" count="0" type="stmt"/>
        <line num="81" count="0" type="stmt"/>
        <line num="92" count="1414" type="stmt"/>
        <line num="93" count="1414" type="stmt"/>
        <line num="102" count="1818" type="stmt"/>
        <line num="103" count="36" type="stmt"/>
        <line num="107" count="32" type="stmt"/>
        <line num="116" count="2" type="stmt"/>
        <line num="117" count="2" type="stmt"/>
        <line num="118" count="2" type="stmt"/>
        <line num="124" count="0" type="stmt"/>
      </file>
      <file name="regression_select.tsx" path="F:\Content\Work\Yale\EGC\WorkInData\gender_gap\app\dashboard\regression_select.tsx">
        <metrics statements="2" coveredstatements="1" conditionals="0" coveredconditionals="0" methods="2" coveredmethods="1"/>
        <line num="5" count="28" type="stmt"/>
        <line num="13" count="0" type="stmt"/>
      </file>
      <file name="view_menu_advanced.tsx" path="F:\Content\Work\Yale\EGC\WorkInData\gender_gap\app\dashboard\view_menu_advanced.tsx">
        <metrics statements="65" coveredstatements="33" conditionals="96" coveredconditionals="50" methods="24" coveredmethods="11"/>
        <line num="25" count="14" type="stmt"/>
        <line num="26" count="14" type="stmt"/>
        <line num="27" count="14" type="stmt"/>
        <line num="28" count="14" type="stmt"/>
        <line num="30" count="14" type="stmt"/>
        <line num="31" count="10" type="stmt"/>
        <line num="32" count="10" type="stmt"/>
        <line num="33" count="40" type="stmt"/>
        <line num="34" count="40" type="cond" truecount="2" falsecount="0"/>
        <line num="35" count="6" type="stmt"/>
        <line num="36" count="6" type="stmt"/>
        <line num="39" count="10" type="stmt"/>
        <line num="41" count="14" type="stmt"/>
        <line num="42" count="2" type="stmt"/>
        <line num="63" count="10" type="stmt"/>
        <line num="69" count="14" type="stmt"/>
        <line num="70" count="112" type="stmt"/>
        <line num="71" count="112" type="stmt"/>
        <line num="79" count="14" type="stmt"/>
        <line num="91" count="0" type="stmt"/>
        <line num="92" count="0" type="cond" truecount="0" falsecount="2"/>
        <line num="93" count="0" type="stmt"/>
        <line num="95" count="0" type="stmt"/>
        <line num="97" count="0" type="cond" truecount="0" falsecount="2"/>
        <line num="104" count="0" type="stmt"/>
        <line num="115" count="0" type="stmt"/>
        <line num="116" count="0" type="cond" truecount="0" falsecount="2"/>
        <line num="117" count="0" type="stmt"/>
        <line num="119" count="0" type="stmt"/>
        <line num="121" count="0" type="cond" truecount="0" falsecount="2"/>
        <line num="128" count="0" type="stmt"/>
        <line num="136" count="0" type="stmt"/>
        <line num="137" count="0" type="stmt"/>
        <line num="155" count="0" type="cond" truecount="0" falsecount="2"/>
        <line num="156" count="0" type="cond" truecount="0" falsecount="4"/>
        <line num="157" count="0" type="stmt"/>
        <line num="159" count="0" type="cond" truecount="0" falsecount="2"/>
        <line num="160" count="0" type="cond" truecount="0" falsecount="2"/>
        <line num="162" count="0" type="cond" truecount="0" falsecount="2"/>
        <line num="165" count="0" type="stmt"/>
        <line num="168" count="168" type="stmt"/>
        <line num="186" count="1" type="cond" truecount="1" falsecount="1"/>
        <line num="187" count="1" type="cond" truecount="2" falsecount="2"/>
        <line num="188" count="0" type="stmt"/>
        <line num="189" count="1" type="cond" truecount="3" falsecount="1"/>
        <line num="190" count="1" type="stmt"/>
        <line num="193" count="168" type="cond" truecount="2" falsecount="0"/>
        <line num="209" count="2" type="cond" truecount="1" falsecount="1"/>
        <line num="210" count="2" type="cond" truecount="3" falsecount="1"/>
        <line num="211" count="0" type="stmt"/>
        <line num="212" count="2" type="cond" truecount="3" falsecount="1"/>
        <line num="213" count="0" type="stmt"/>
        <line num="215" count="2" type="stmt"/>
        <line num="228" count="1" type="cond" truecount="1" falsecount="1"/>
        <line num="229" count="1" type="cond" truecount="3" falsecount="1"/>
        <line num="230" count="1" type="stmt"/>
        <line num="231" count="0" type="cond" truecount="0" falsecount="4"/>
        <line num="232" count="0" type="stmt"/>
        <line num="234" count="1" type="stmt"/>
        <line num="244" count="0" type="stmt"/>
        <line num="245" count="0" type="stmt"/>
        <line num="270" count="0" type="stmt"/>
        <line num="294" count="0" type="stmt"/>
        <line num="306" count="0" type="stmt"/>
        <line num="316" count="0" type="stmt"/>
      </file>
      <file name="view_menu_basic.tsx" path="F:\Content\Work\Yale\EGC\WorkInData\gender_gap\app\dashboard\view_menu_basic.tsx">
        <metrics statements="31" coveredstatements="31" conditionals="16" coveredconditionals="10" methods="14" coveredmethods="14"/>
        <line num="10" count="2" type="stmt"/>
        <line num="18" count="2" type="stmt"/>
        <line num="19" count="10" type="stmt"/>
        <line num="20" count="10" type="stmt"/>
        <line num="28" count="14" type="stmt"/>
        <line num="29" count="14" type="stmt"/>
        <line num="30" count="14" type="stmt"/>
        <line num="32" count="14" type="stmt"/>
        <line num="33" count="4" type="stmt"/>
        <line num="36" count="28" type="stmt"/>
        <line num="38" count="20" type="stmt"/>
        <line num="52" count="14" type="stmt"/>
        <line num="54" count="4" type="stmt"/>
        <line num="55" count="24" type="stmt"/>
        <line num="61" count="14" type="stmt"/>
        <line num="63" count="4" type="stmt"/>
        <line num="64" count="24" type="stmt"/>
        <line num="71" count="14" type="stmt"/>
        <line num="81" count="1" type="stmt"/>
        <line num="82" count="1" type="stmt"/>
        <line num="83" count="1" type="stmt"/>
        <line num="84" count="1" type="stmt"/>
        <line num="85" count="1" type="stmt"/>
        <line num="98" count="1" type="stmt"/>
        <line num="99" count="1" type="stmt"/>
        <line num="100" count="1" type="stmt"/>
        <line num="101" count="1" type="stmt"/>
        <line num="102" count="1" type="stmt"/>
        <line num="118" count="1" type="stmt"/>
        <line num="138" count="1" type="stmt"/>
        <line num="156" count="1" type="stmt"/>
      </file>
    </package>
    <package name="app.data">
      <metrics statements="466" coveredstatements="374" conditionals="463" coveredconditionals="287" methods="99" coveredmethods="79"/>
      <file name="display.tsx" path="F:\Content\Work\Yale\EGC\WorkInData\gender_gap\app\data\display.tsx">
        <metrics statements="7" coveredstatements="7" conditionals="6" coveredconditionals="5" methods="3" coveredmethods="3"/>
        <line num="11" count="112" type="stmt"/>
        <line num="21" count="28" type="stmt"/>
        <line num="22" count="28" type="stmt"/>
        <line num="23" count="28" type="stmt"/>
        <line num="24" count="28" type="stmt"/>
        <line num="26" count="28" type="stmt"/>
        <line num="40" count="28" type="cond" truecount="1" falsecount="1"/>
      </file>
      <file name="load.tsx" path="F:\Content\Work\Yale\EGC\WorkInData\gender_gap\app\data\load.tsx">
        <metrics statements="44" coveredstatements="44" conditionals="14" coveredconditionals="13" methods="14" coveredmethods="14"/>
        <line num="29" count="2" type="stmt"/>
        <line num="30" count="2" type="stmt"/>
        <line num="33" count="18" type="stmt"/>
        <line num="34" count="18" type="stmt"/>
        <line num="35" count="18" type="stmt"/>
        <line num="36" count="18" type="stmt"/>
        <line num="37" count="18" type="stmt"/>
        <line num="38" count="2" type="stmt"/>
        <line num="39" count="2" type="stmt"/>
        <line num="40" count="2" type="stmt"/>
        <line num="41" count="2" type="stmt"/>
        <line num="42" count="2" type="stmt"/>
        <line num="43" count="2" type="stmt"/>
        <line num="44" count="2" type="stmt"/>
        <line num="45" count="2" type="stmt"/>
        <line num="48" count="18" type="cond" truecount="6" falsecount="0"/>
        <line num="49" count="4" type="stmt"/>
        <line num="50" count="680" type="stmt"/>
        <line num="51" count="4" type="stmt"/>
        <line num="54" count="4" type="stmt"/>
        <line num="55" count="4" type="stmt"/>
        <line num="56" count="4" type="stmt"/>
        <line num="57" count="44" type="cond" truecount="2" falsecount="0"/>
        <line num="58" count="20" type="stmt"/>
        <line num="61" count="4" type="stmt"/>
        <line num="62" count="4" type="stmt"/>
        <line num="63" count="4" type="stmt"/>
        <line num="64" count="4" type="stmt"/>
        <line num="65" count="404" type="cond" truecount="2" falsecount="0"/>
        <line num="66" count="4" type="cond" truecount="1" falsecount="1"/>
        <line num="68" count="4" type="stmt"/>
        <line num="70" count="2124" type="stmt"/>
        <line num="71" count="2124" type="stmt"/>
        <line num="72" count="2124" type="cond" truecount="2" falsecount="0"/>
        <line num="74" count="404" type="stmt"/>
        <line num="75" count="4" type="stmt"/>
        <line num="76" count="4" type="stmt"/>
        <line num="77" count="24" type="stmt"/>
        <line num="79" count="20" type="stmt"/>
        <line num="80" count="4" type="stmt"/>
        <line num="81" count="4" type="stmt"/>
        <line num="91" count="4" type="stmt"/>
        <line num="92" count="4" type="stmt"/>
        <line num="94" count="14" type="stmt"/>
      </file>
      <file name="make_series.ts" path="F:\Content\Work\Yale\EGC\WorkInData\gender_gap\app\data\make_series.ts">
        <metrics statements="185" coveredstatements="135" conditionals="173" coveredconditionals="100" methods="25" coveredmethods="14"/>
        <line num="11" count="2" type="stmt"/>
        <line num="12" count="2" type="stmt"/>
        <line num="13" count="2" type="stmt"/>
        <line num="14" count="2" type="stmt"/>
        <line num="17" count="0" type="stmt"/>
        <line num="18" count="0" type="stmt"/>
        <line num="23" count="0" type="stmt"/>
        <line num="24" count="0" type="stmt"/>
        <line num="33" count="28" type="stmt"/>
        <line num="34" count="28" type="cond" truecount="2" falsecount="0"/>
        <line num="35" count="28" type="cond" truecount="2" falsecount="0"/>
        <line num="36" count="28" type="stmt"/>
        <line num="37" count="28" type="stmt"/>
        <line num="38" count="28" type="stmt"/>
        <line num="39" count="28" type="stmt"/>
        <line num="40" count="28" type="stmt"/>
        <line num="41" count="28" type="stmt"/>
        <line num="42" count="28" type="cond" truecount="1" falsecount="1"/>
        <line num="43" count="28" type="stmt"/>
        <line num="44" count="28" type="cond" truecount="2" falsecount="0"/>
        <line num="45" count="28" type="cond" truecount="1" falsecount="1"/>
        <line num="46" count="28" type="cond" truecount="1" falsecount="1"/>
        <line num="47" count="28" type="cond" truecount="4" falsecount="0"/>
        <line num="48" count="8" type="stmt"/>
        <line num="49" count="8" type="stmt"/>
        <line num="50" count="16" type="stmt"/>
        <line num="58" count="28" type="cond" truecount="1" falsecount="1"/>
        <line num="84" count="0" type="stmt"/>
        <line num="88" count="0" type="stmt"/>
        <line num="94" count="28" type="stmt"/>
        <line num="95" count="28" type="stmt"/>
        <line num="100" count="28" type="stmt"/>
        <line num="101" count="28" type="stmt"/>
        <line num="102" count="28" type="stmt"/>
        <line num="108" count="28" type="cond" truecount="3" falsecount="1"/>
        <line num="109" count="28" type="stmt"/>
        <line num="110" count="28" type="stmt"/>
        <line num="111" count="28" type="stmt"/>
        <line num="113" count="28" type="cond" truecount="3" falsecount="1"/>
        <line num="115" count="28" type="cond" truecount="3" falsecount="0"/>
        <line num="116" count="28" type="stmt"/>
        <line num="120" count="28" type="cond" truecount="6" falsecount="2"/>
        <line num="122" count="28" type="stmt"/>
        <line num="123" count="28" type="stmt"/>
        <line num="124" count="28" type="cond" truecount="3" falsecount="1"/>
        <line num="125" count="28" type="cond" truecount="1" falsecount="1"/>
        <line num="126" count="28" type="cond" truecount="2" falsecount="2"/>
        <line num="128" count="28" type="stmt"/>
        <line num="129" count="28" type="stmt"/>
        <line num="130" count="28" type="cond" truecount="1" falsecount="1"/>
        <line num="131" count="28" type="stmt"/>
        <line num="132" count="28" type="cond" truecount="1" falsecount="1"/>
        <line num="133" count="0" type="stmt"/>
        <line num="134" count="0" type="stmt"/>
        <line num="135" count="0" type="stmt"/>
        <line num="137" count="28" type="cond" truecount="1" falsecount="1"/>
        <line num="138" count="28" type="cond" truecount="2" falsecount="2"/>
        <line num="139" count="0" type="cond" truecount="0" falsecount="2"/>
        <line num="141" count="28" type="cond" truecount="3" falsecount="1"/>
        <line num="142" count="0" type="stmt"/>
        <line num="143" count="0" type="cond" truecount="0" falsecount="2"/>
        <line num="144" count="0" type="stmt"/>
        <line num="145" count="0" type="stmt"/>
        <line num="146" count="0" type="stmt"/>
        <line num="148" count="0" type="cond" truecount="0" falsecount="2"/>
        <line num="149" count="0" type="cond" truecount="0" falsecount="4"/>
        <line num="150" count="0" type="cond" truecount="0" falsecount="2"/>
        <line num="153" count="28" type="stmt"/>
        <line num="154" count="28" type="cond" truecount="4" falsecount="0"/>
        <line num="155" count="28" type="cond" truecount="2" falsecount="2"/>
        <line num="156" count="28" type="stmt"/>
        <line num="160" count="28" type="cond" truecount="1" falsecount="1"/>
        <line num="161" count="0" type="cond" truecount="0" falsecount="2"/>
        <line num="162" count="0" type="stmt"/>
        <line num="163" count="0" type="stmt"/>
        <line num="166" count="0" type="cond" truecount="0" falsecount="2"/>
        <line num="167" count="0" type="stmt"/>
        <line num="168" count="0" type="stmt"/>
        <line num="172" count="28" type="stmt"/>
        <line num="173" count="28" type="stmt"/>
        <line num="174" count="38" type="stmt"/>
        <line num="175" count="54" type="stmt"/>
        <line num="180" count="194" type="stmt"/>
        <line num="181" count="54" type="stmt"/>
        <line num="182" count="54" type="cond" truecount="2" falsecount="0"/>
        <line num="183" count="54" type="cond" truecount="2" falsecount="0"/>
        <line num="184" count="54" type="cond" truecount="2" falsecount="0"/>
        <line num="185" count="52" type="cond" truecount="1" falsecount="1"/>
        <line num="186" count="52" type="cond" truecount="1" falsecount="1"/>
        <line num="187" count="0" type="stmt"/>
        <line num="188" count="0" type="stmt"/>
        <line num="191" count="52" type="cond" truecount="1" falsecount="1"/>
        <line num="192" count="52" type="stmt"/>
        <line num="193" count="108" type="stmt"/>
        <line num="197" count="52" type="stmt"/>
        <line num="198" count="52" type="stmt"/>
        <line num="199" count="52" type="stmt"/>
        <line num="200" count="52" type="cond" truecount="2" falsecount="2"/>
        <line num="201" count="52" type="stmt"/>
        <line num="203" count="246" type="stmt"/>
        <line num="205" count="52" type="cond" truecount="1" falsecount="1"/>
        <line num="206" count="108" type="stmt"/>
        <line num="208" count="52" type="cond" truecount="1" falsecount="1"/>
        <line num="209" count="108" type="stmt"/>
        <line num="211" count="52" type="stmt"/>
        <line num="212" count="52" type="cond" truecount="1" falsecount="1"/>
        <line num="213" count="52" type="cond" truecount="1" falsecount="1"/>
        <line num="215" count="0" type="stmt"/>
        <line num="216" count="0" type="cond" truecount="0" falsecount="2"/>
        <line num="217" count="0" type="stmt"/>
        <line num="219" count="0" type="cond" truecount="0" falsecount="2"/>
        <line num="220" count="0" type="stmt"/>
        <line num="223" count="52" type="cond" truecount="1" falsecount="1"/>
        <line num="224" count="0" type="stmt"/>
        <line num="225" count="0" type="stmt"/>
        <line num="227" count="52" type="stmt"/>
        <line num="228" count="52" type="cond" truecount="1" falsecount="1"/>
        <line num="229" count="0" type="cond" truecount="0" falsecount="2"/>
        <line num="230" count="0" type="stmt"/>
        <line num="231" count="0" type="stmt"/>
        <line num="232" count="0" type="stmt"/>
        <line num="233" count="0" type="stmt"/>
        <line num="234" count="0" type="stmt"/>
        <line num="235" count="0" type="stmt"/>
        <line num="241" count="0" type="stmt"/>
        <line num="242" count="0" type="stmt"/>
        <line num="244" count="52" type="stmt"/>
        <line num="245" count="52" type="cond" truecount="1" falsecount="1"/>
        <line num="246" count="0" type="stmt"/>
        <line num="247" count="0" type="stmt"/>
        <line num="248" count="0" type="cond" truecount="0" falsecount="2"/>
        <line num="250" count="52" type="stmt"/>
        <line num="251" count="86" type="cond" truecount="2" falsecount="0"/>
        <line num="252" count="242" type="cond" truecount="4" falsecount="0"/>
        <line num="253" count="52" type="cond" truecount="2" falsecount="0"/>
        <line num="254" count="52" type="stmt"/>
        <line num="255" count="238" type="stmt"/>
        <line num="256" count="52" type="stmt"/>
        <line num="257" count="52" type="stmt"/>
        <line num="258" count="2082" type="stmt"/>
        <line num="259" count="2082" type="stmt"/>
        <line num="260" count="2082" type="cond" truecount="1" falsecount="1"/>
        <line num="261" count="2082" type="stmt"/>
        <line num="262" count="2082" type="stmt"/>
        <line num="263" count="2082" type="cond" truecount="1" falsecount="1"/>
        <line num="264" count="2082" type="cond" truecount="1" falsecount="1"/>
        <line num="265" count="2082" type="stmt"/>
        <line num="266" count="2082" type="stmt"/>
        <line num="267" count="2082" type="cond" truecount="2" falsecount="0"/>
        <line num="269" count="0" type="cond" truecount="0" falsecount="2"/>
        <line num="270" count="0" type="stmt"/>
        <line num="273" count="0" type="stmt"/>
        <line num="274" count="0" type="stmt"/>
        <line num="276" count="2082" type="cond" truecount="2" falsecount="0"/>
        <line num="277" count="60" type="stmt"/>
        <line num="278" count="60" type="stmt"/>
        <line num="279" count="60" type="stmt"/>
        <line num="280" count="60" type="stmt"/>
        <line num="281" count="60" type="stmt"/>
        <line num="282" count="60" type="cond" truecount="3" falsecount="1"/>
        <line num="283" count="60" type="stmt"/>
        <line num="286" count="2022" type="stmt"/>
        <line num="289" count="0" type="stmt"/>
        <line num="291" count="2082" type="cond" truecount="1" falsecount="1"/>
        <line num="292" count="2082" type="stmt"/>
        <line num="293" count="2082" type="stmt"/>
        <line num="294" count="2082" type="stmt"/>
        <line num="295" count="5570" type="stmt"/>
        <line num="296" count="5570" type="stmt"/>
        <line num="297" count="5570" type="stmt"/>
        <line num="299" count="2082" type="stmt"/>
        <line num="302" count="52" type="stmt"/>
        <line num="314" count="52" type="cond" truecount="1" falsecount="1"/>
        <line num="315" count="52" type="stmt"/>
        <line num="316" count="52" type="stmt"/>
        <line num="329" count="52" type="stmt"/>
        <line num="330" count="52" type="stmt"/>
        <line num="331" count="52" type="stmt"/>
        <line num="332" count="52" type="stmt"/>
        <line num="333" count="52" type="cond" truecount="1" falsecount="1"/>
        <line num="334" count="52" type="stmt"/>
        <line num="335" count="52" type="stmt"/>
        <line num="336" count="52" type="stmt"/>
        <line num="337" count="52" type="stmt"/>
        <line num="341" count="28" type="cond" truecount="1" falsecount="1"/>
      </file>
      <file name="variable.ts" path="F:\Content\Work\Yale\EGC\WorkInData\gender_gap\app\data\variable.ts">
        <metrics statements="110" coveredstatements="87" conditionals="200" coveredconditionals="125" methods="27" coveredmethods="20"/>
        <line num="3" count="2" type="stmt"/>
        <line num="11" count="2" type="stmt"/>
        <line num="12" count="2" type="stmt"/>
        <line num="13" count="2" type="stmt"/>
        <line num="14" count="2" type="stmt"/>
        <line num="17" count="361" type="stmt"/>
        <line num="18" count="361" type="stmt"/>
        <line num="19" count="361" type="stmt"/>
        <line num="20" count="361" type="stmt"/>
        <line num="22" count="361" type="stmt"/>
        <line num="23" count="361" type="stmt"/>
        <line num="24" count="361" type="stmt"/>
        <line num="25" count="361" type="stmt"/>
        <line num="26" count="361" type="stmt"/>
        <line num="29" count="361" type="cond" truecount="2" falsecount="0"/>
        <line num="30" count="2" type="stmt"/>
        <line num="31" count="2" type="stmt"/>
        <line num="32" count="2" type="stmt"/>
        <line num="33" count="2" type="cond" truecount="1" falsecount="1"/>
        <line num="34" count="2" type="cond" truecount="1" falsecount="1"/>
        <line num="35" count="2" type="stmt"/>
        <line num="36" count="2" type="cond" truecount="1" falsecount="1"/>
        <line num="37" count="0" type="stmt"/>
        <line num="38" count="0" type="stmt"/>
        <line num="39" count="2" type="cond" truecount="1" falsecount="1"/>
        <line num="40" count="2" type="cond" truecount="1" falsecount="1"/>
        <line num="41" count="2" type="cond" truecount="1" falsecount="1"/>
        <line num="44" count="359" type="stmt"/>
        <line num="45" count="1891" type="cond" truecount="2" falsecount="0"/>
        <line num="46" count="1890" type="cond" truecount="4" falsecount="0"/>
        <line num="47" count="508" type="stmt"/>
        <line num="48" count="508" type="cond" truecount="2" falsecount="0"/>
        <line num="49" count="300" type="stmt"/>
        <line num="50" count="300" type="stmt"/>
        <line num="52" count="0" type="stmt"/>
        <line num="54" count="300" type="cond" truecount="1" falsecount="1"/>
        <line num="59" count="0" type="stmt"/>
        <line num="62" count="1382" type="stmt"/>
        <line num="66" count="359" type="stmt"/>
        <line num="68" count="361" type="stmt"/>
        <line num="71" count="0" type="stmt"/>
        <line num="72" count="0" type="cond" truecount="0" falsecount="2"/>
        <line num="73" count="0" type="stmt"/>
        <line num="74" count="0" type="cond" truecount="0" falsecount="2"/>
        <line num="75" count="0" type="stmt"/>
        <line num="76" count="0" type="stmt"/>
        <line num="79" count="0" type="stmt"/>
        <line num="89" count="4" type="cond" truecount="1" falsecount="1"/>
        <line num="90" count="0" type="stmt"/>
        <line num="92" count="4" type="stmt"/>
        <line num="93" count="4" type="stmt"/>
        <line num="94" count="4" type="cond" truecount="2" falsecount="0"/>
        <line num="95" count="2" type="cond" truecount="1" falsecount="1"/>
        <line num="96" count="0" type="stmt"/>
        <line num="97" count="0" type="stmt"/>
        <line num="99" count="2" type="stmt"/>
        <line num="100" count="1" type="cond" truecount="2" falsecount="0"/>
        <line num="104" count="4" type="stmt"/>
        <line num="107" count="4" type="stmt"/>
        <line num="109" count="4" type="cond" truecount="2" falsecount="0"/>
        <line num="112" count="4" type="cond" truecount="2" falsecount="0"/>
        <line num="113" count="4" type="stmt"/>
        <line num="114" count="4" type="stmt"/>
        <line num="117" count="4" type="stmt"/>
        <line num="118" count="4" type="stmt"/>
        <line num="119" count="4" type="stmt"/>
        <line num="126" count="0" type="stmt"/>
        <line num="133" count="56" type="cond" truecount="4" falsecount="0"/>
        <line num="136" count="56" type="cond" truecount="1" falsecount="1"/>
        <line num="137" count="56" type="cond" truecount="3" falsecount="1"/>
        <line num="138" count="28" type="cond" truecount="1" falsecount="1"/>
        <line num="143" count="365" type="cond" truecount="2" falsecount="0"/>
        <line num="144" count="365" type="cond" truecount="2" falsecount="0"/>
        <line num="145" count="149" type="cond" truecount="4" falsecount="0"/>
        <line num="146" count="216" type="cond" truecount="2" falsecount="2"/>
        <line num="147" count="216" type="cond" truecount="1" falsecount="1"/>
        <line num="149" count="216" type="cond" truecount="1" falsecount="1"/>
        <line num="154" count="216" type="cond" truecount="1" falsecount="1"/>
        <line num="155" count="216" type="stmt"/>
        <line num="159" count="0" type="cond" truecount="0" falsecount="2"/>
        <line num="160" count="0" type="cond" truecount="0" falsecount="2"/>
        <line num="161" count="0" type="stmt"/>
        <line num="163" count="365" type="stmt"/>
        <line num="164" count="365" type="stmt"/>
        <line num="167" count="365" type="cond" truecount="2" falsecount="0"/>
        <line num="168" count="149" type="stmt"/>
        <line num="173" count="216" type="cond" truecount="1" falsecount="1"/>
        <line num="176" count="216" type="stmt"/>
        <line num="183" count="216" type="cond" truecount="4" falsecount="0"/>
        <line num="184" count="206" type="cond" truecount="2" falsecount="0"/>
        <line num="187" count="216" type="cond" truecount="1" falsecount="1"/>
        <line num="198" count="216" type="stmt"/>
        <line num="201" count="422" type="cond" truecount="1" falsecount="1"/>
        <line num="213" count="216" type="stmt"/>
        <line num="217" count="86" type="stmt"/>
        <line num="218" count="86" type="cond" truecount="3" falsecount="1"/>
        <line num="229" count="86" type="cond" truecount="4" falsecount="0"/>
        <line num="239" count="30" type="stmt"/>
        <line num="247" count="28" type="cond" truecount="1" falsecount="1"/>
        <line num="250" count="0" type="stmt"/>
        <line num="255" count="28" type="cond" truecount="2" falsecount="0"/>
        <line num="260" count="0" type="stmt"/>
        <line num="263" count="90" type="stmt"/>
        <line num="266" count="216" type="cond" truecount="4" falsecount="0"/>
        <line num="267" count="1" type="stmt"/>
        <line num="269" count="216" type="cond" truecount="2" falsecount="2"/>
        <line num="270" count="0" type="stmt"/>
        <line num="271" count="0" type="stmt"/>
        <line num="275" count="0" type="stmt"/>
        <line num="279" count="216" type="stmt"/>
      </file>
      <file name="view.tsx" path="F:\Content\Work\Yale\EGC\WorkInData\gender_gap\app\data\view.tsx">
        <metrics statements="120" coveredstatements="101" conditionals="70" coveredconditionals="44" methods="30" coveredmethods="28"/>
        <line num="53" count="2" type="stmt"/>
        <line num="76" count="2" type="stmt"/>
        <line num="77" count="2" type="stmt"/>
        <line num="89" count="2" type="stmt"/>
        <line num="99" count="26" type="stmt"/>
        <line num="100" count="26" type="stmt"/>
        <line num="101" count="546" type="cond" truecount="4" falsecount="0"/>
        <line num="102" count="52" type="stmt"/>
        <line num="103" count="52" type="cond" truecount="2" falsecount="0"/>
        <line num="104" count="16" type="stmt"/>
        <line num="107" count="494" type="stmt"/>
        <line num="108" count="494" type="cond" truecount="2" falsecount="0"/>
        <line num="109" count="48" type="stmt"/>
        <line num="113" count="26" type="stmt"/>
        <line num="115" count="2" type="stmt"/>
        <line num="116" count="26" type="stmt"/>
        <line num="119" count="2" type="stmt"/>
        <line num="120" count="2" type="stmt"/>
        <line num="121" count="2" type="stmt"/>
        <line num="122" count="2" type="stmt"/>
        <line num="123" count="2" type="stmt"/>
        <line num="124" count="2" type="stmt"/>
        <line num="126" count="2" type="stmt"/>
        <line num="128" count="2" type="stmt"/>
        <line num="134" count="30" type="stmt"/>
        <line num="135" count="30" type="stmt"/>
        <line num="173" count="240" type="stmt"/>
        <line num="174" count="240" type="stmt"/>
        <line num="178" count="30" type="stmt"/>
        <line num="179" count="6" type="cond" truecount="2" falsecount="0"/>
        <line num="180" count="2" type="stmt"/>
        <line num="181" count="2" type="stmt"/>
        <line num="182" count="2" type="stmt"/>
        <line num="184" count="6" type="stmt"/>
        <line num="185" count="6" type="stmt"/>
        <line num="186" count="6" type="cond" truecount="2" falsecount="0"/>
        <line num="187" count="2" type="stmt"/>
        <line num="191" count="2" type="stmt"/>
        <line num="192" count="2" type="stmt"/>
        <line num="193" count="2" type="cond" truecount="1" falsecount="1"/>
        <line num="194" count="2" type="cond" truecount="1" falsecount="1"/>
        <line num="195" count="0" type="cond" truecount="0" falsecount="2"/>
        <line num="196" count="2" type="cond" truecount="3" falsecount="1"/>
        <line num="197" count="2" type="stmt"/>
        <line num="198" count="17" type="stmt"/>
        <line num="199" count="2" type="cond" truecount="1" falsecount="1"/>
        <line num="200" count="0" type="stmt"/>
        <line num="201" count="0" type="stmt"/>
        <line num="203" count="2" type="stmt"/>
        <line num="205" count="0" type="stmt"/>
        <line num="210" count="6" type="stmt"/>
        <line num="212" count="30" type="stmt"/>
        <line num="213" count="22" type="cond" truecount="1" falsecount="1"/>
        <line num="214" count="0" type="stmt"/>
        <line num="221" count="0" type="stmt"/>
        <line num="222" count="0" type="stmt"/>
        <line num="224" count="22" type="cond" truecount="1" falsecount="1"/>
        <line num="225" count="0" type="stmt"/>
        <line num="226" count="0" type="stmt"/>
        <line num="228" count="22" type="stmt"/>
        <line num="229" count="106" type="cond" truecount="2" falsecount="0"/>
        <line num="230" count="2" type="stmt"/>
        <line num="232" count="146" type="cond" truecount="2" falsecount="0"/>
        <line num="233" count="2" type="stmt"/>
        <line num="235" count="22" type="stmt"/>
        <line num="236" count="22" type="stmt"/>
        <line num="238" count="30" type="stmt"/>
        <line num="239" count="30" type="stmt"/>
        <line num="244" count="30" type="cond" truecount="2" falsecount="0"/>
        <line num="245" count="9" type="stmt"/>
        <line num="246" count="9" type="stmt"/>
        <line num="247" count="9" type="stmt"/>
        <line num="249" count="21" type="stmt"/>
        <line num="253" count="30" type="cond" truecount="1" falsecount="1"/>
        <line num="254" count="30" type="stmt"/>
        <line num="257" count="150" type="stmt"/>
        <line num="259" count="0" type="stmt"/>
        <line num="263" count="30" type="cond" truecount="1" falsecount="1"/>
        <line num="264" count="30" type="stmt"/>
        <line num="267" count="60" type="stmt"/>
        <line num="269" count="0" type="stmt"/>
        <line num="274" count="30" type="stmt"/>
        <line num="275" count="4" type="cond" truecount="1" falsecount="1"/>
        <line num="276" count="0" type="stmt"/>
        <line num="285" count="4" type="cond" truecount="1" falsecount="1"/>
        <line num="286" count="0" type="stmt"/>
        <line num="287" count="0" type="stmt"/>
        <line num="289" count="4" type="cond" truecount="1" falsecount="1"/>
        <line num="290" count="4" type="cond" truecount="1" falsecount="1"/>
        <line num="291" count="4" type="stmt"/>
        <line num="292" count="0" type="cond" truecount="0" falsecount="4"/>
        <line num="293" count="0" type="stmt"/>
        <line num="294" count="0" type="stmt"/>
        <line num="296" count="0" type="stmt"/>
        <line num="297" count="0" type="stmt"/>
        <line num="299" count="4" type="stmt"/>
        <line num="301" count="30" type="stmt"/>
        <line num="304" count="30" type="stmt"/>
        <line num="305" count="30" type="stmt"/>
        <line num="306" count="630" type="cond" truecount="2" falsecount="0"/>
        <line num="308" count="30" type="stmt"/>
        <line num="311" count="30" type="stmt"/>
        <line num="313" count="30" type="stmt"/>
        <line num="314" count="24" type="stmt"/>
        <line num="315" count="24" type="stmt"/>
        <line num="316" count="96" type="stmt"/>
        <line num="317" count="96" type="cond" truecount="2" falsecount="0"/>
        <line num="318" count="10" type="stmt"/>
        <line num="319" count="10" type="stmt"/>
        <line num="322" count="24" type="stmt"/>
        <line num="324" count="30" type="stmt"/>
        <line num="325" count="24" type="stmt"/>
        <line num="328" count="30" type="stmt"/>
        <line num="329" count="28" type="stmt"/>
        <line num="330" count="140" type="stmt"/>
        <line num="331" count="28" type="stmt"/>
        <line num="332" count="56" type="stmt"/>
        <line num="333" count="28" type="stmt"/>
        <line num="343" count="28" type="cond" truecount="2" falsecount="0"/>
        <line num="348" count="30" type="stmt"/>
      </file>
    </package>
    <package name="app.parts">
      <metrics statements="165" coveredstatements="119" conditionals="167" coveredconditionals="72" methods="58" coveredmethods="28"/>
      <file name="expandable.tsx" path="F:\Content\Work\Yale\EGC\WorkInData\gender_gap\app\parts\expandable.tsx">
        <metrics statements="3" coveredstatements="2" conditionals="4" coveredconditionals="2" methods="2" coveredmethods="1"/>
        <line num="5" count="28" type="stmt"/>
        <line num="6" count="28" type="stmt"/>
        <line num="9" count="0" type="stmt"/>
      </file>
      <file name="export.tsx" path="F:\Content\Work\Yale\EGC\WorkInData\gender_gap\app\parts\export.tsx">
        <metrics statements="46" coveredstatements="24" conditionals="24" coveredconditionals="10" methods="18" coveredmethods="7"/>
        <line num="24" count="28" type="stmt"/>
        <line num="29" count="42" type="stmt"/>
        <line num="30" count="42" type="stmt"/>
        <line num="31" count="42" type="stmt"/>
        <line num="32" count="42" type="stmt"/>
        <line num="34" count="4" type="stmt"/>
        <line num="40" count="42" type="stmt"/>
        <line num="41" count="42" type="stmt"/>
        <line num="42" count="42" type="stmt"/>
        <line num="43" count="42" type="stmt"/>
        <line num="44" count="28" type="cond" truecount="1" falsecount="1"/>
        <line num="45" count="28" type="cond" truecount="1" falsecount="1"/>
        <line num="46" count="28" type="stmt"/>
        <line num="48" count="28" type="stmt"/>
        <line num="50" count="42" type="stmt"/>
        <line num="51" count="42" type="stmt"/>
        <line num="52" count="42" type="stmt"/>
        <line num="53" count="42" type="stmt"/>
        <line num="54" count="28" type="stmt"/>
        <line num="55" count="28" type="stmt"/>
        <line num="56" count="392" type="cond" truecount="1" falsecount="1"/>
        <line num="57" count="28" type="stmt"/>
        <line num="66" count="42" type="stmt"/>
        <line num="67" count="42" type="stmt"/>
        <line num="104" count="0" type="stmt"/>
        <line num="111" count="0" type="cond" truecount="0" falsecount="2"/>
        <line num="113" count="0" type="stmt"/>
        <line num="114" count="0" type="stmt"/>
        <line num="121" count="0" type="stmt"/>
        <line num="123" count="0" type="stmt"/>
        <line num="128" count="0" type="stmt"/>
        <line num="134" count="0" type="stmt"/>
        <line num="144" count="0" type="cond" truecount="0" falsecount="4"/>
        <line num="145" count="0" type="stmt"/>
        <line num="146" count="0" type="cond" truecount="0" falsecount="2"/>
        <line num="148" count="0" type="stmt"/>
        <line num="160" count="0" type="stmt"/>
        <line num="161" count="0" type="stmt"/>
        <line num="162" count="0" type="stmt"/>
        <line num="163" count="0" type="stmt"/>
        <line num="164" count="0" type="stmt"/>
        <line num="165" count="0" type="stmt"/>
        <line num="166" count="0" type="stmt"/>
        <line num="167" count="0" type="stmt"/>
        <line num="168" count="0" type="stmt"/>
        <line num="169" count="0" type="stmt"/>
      </file>
      <file name="info.tsx" path="F:\Content\Work\Yale\EGC\WorkInData\gender_gap\app\parts\info.tsx">
        <metrics statements="7" coveredstatements="5" conditionals="18" coveredconditionals="1" methods="3" coveredmethods="1"/>
        <line num="23" count="0" type="stmt"/>
        <line num="24" count="0" type="stmt"/>
        <line num="89" count="28" type="stmt"/>
        <line num="90" count="28" type="stmt"/>
        <line num="91" count="28" type="stmt"/>
        <line num="92" count="28" type="stmt"/>
        <line num="93" count="28" type="stmt"/>
      </file>
      <file name="maps.tsx" path="F:\Content\Work\Yale\EGC\WorkInData\gender_gap\app\parts\maps.tsx">
        <metrics statements="5" coveredstatements="1" conditionals="0" coveredconditionals="0" methods="3" coveredmethods="0"/>
        <line num="8" count="2" type="stmt"/>
        <line num="21" count="0" type="stmt"/>
        <line num="22" count="0" type="stmt"/>
        <line num="23" count="0" type="stmt"/>
        <line num="24" count="0" type="stmt"/>
      </file>
      <file name="nav_bar.tsx" path="F:\Content\Work\Yale\EGC\WorkInData\gender_gap\app\parts\nav_bar.tsx">
        <metrics statements="4" coveredstatements="3" conditionals="4" coveredconditionals="1" methods="2" coveredmethods="1"/>
        <line num="8" count="4" type="stmt"/>
        <line num="9" count="4" type="stmt"/>
        <line num="10" count="4" type="stmt"/>
        <line num="18" count="0" type="cond" truecount="0" falsecount="2"/>
      </file>
      <file name="plot.tsx" path="F:\Content\Work\Yale\EGC\WorkInData\gender_gap\app\parts\plot.tsx">
        <metrics statements="93" coveredstatements="84" conditionals="117" coveredconditionals="58" methods="24" coveredmethods="18"/>
        <line num="23" count="0" type="stmt"/>
        <line num="29" count="0" type="stmt"/>
        <line num="32" count="30" type="cond" truecount="1" falsecount="1"/>
        <line num="33" count="30" type="cond" truecount="1" falsecount="1"/>
        <line num="34" count="30" type="stmt"/>
        <line num="35" count="30" type="stmt"/>
        <line num="37" count="0" type="stmt"/>
        <line num="38" count="0" type="stmt"/>
        <line num="47" count="2059" type="cond" truecount="1" falsecount="1"/>
        <line num="48" count="2059" type="cond" truecount="4" falsecount="0"/>
        <line num="49" count="945" type="stmt"/>
        <line num="50" count="945" type="cond" truecount="2" falsecount="0"/>
        <line num="51" count="945" type="stmt"/>
        <line num="61" count="2" type="stmt"/>
        <line num="65" count="2" type="stmt"/>
        <line num="86" count="2" type="stmt"/>
        <line num="97" count="2" type="stmt"/>
        <line num="99" count="45" type="cond" truecount="2" falsecount="0"/>
        <line num="100" count="45" type="stmt"/>
        <line num="101" count="45" type="stmt"/>
        <line num="102" count="45" type="stmt"/>
        <line num="103" count="45" type="stmt"/>
        <line num="104" count="45" type="stmt"/>
        <line num="105" count="45" type="stmt"/>
        <line num="106" count="84" type="cond" truecount="2" falsecount="0"/>
        <line num="107" count="84" type="cond" truecount="2" falsecount="0"/>
        <line num="108" count="84" type="stmt"/>
        <line num="109" count="84" type="stmt"/>
        <line num="110" count="84" type="stmt"/>
        <line num="117" count="45" type="stmt"/>
        <line num="131" count="28" type="stmt"/>
        <line num="132" count="4" type="stmt"/>
        <line num="144" count="28" type="stmt"/>
        <line num="145" count="28" type="stmt"/>
        <line num="146" count="28" type="stmt"/>
        <line num="147" count="28" type="cond" truecount="2" falsecount="0"/>
        <line num="148" count="28" type="stmt"/>
        <line num="149" count="28" type="stmt"/>
        <line num="150" count="28" type="stmt"/>
        <line num="151" count="28" type="stmt"/>
        <line num="152" count="4" type="cond" truecount="1" falsecount="1"/>
        <line num="153" count="4" type="stmt"/>
        <line num="154" count="32" type="cond" truecount="1" falsecount="1"/>
        <line num="155" count="32" type="stmt"/>
        <line num="156" count="32" type="stmt"/>
        <line num="157" count="32" type="stmt"/>
        <line num="158" count="32" type="cond" truecount="4" falsecount="0"/>
        <line num="159" count="30" type="stmt"/>
        <line num="160" count="30" type="stmt"/>
        <line num="164" count="4" type="cond" truecount="1" falsecount="1"/>
        <line num="165" count="4" type="stmt"/>
        <line num="166" count="0" type="cond" truecount="0" falsecount="2"/>
        <line num="167" count="0" type="stmt"/>
        <line num="168" count="0" type="cond" truecount="0" falsecount="2"/>
        <line num="171" count="4" type="stmt"/>
        <line num="172" count="4" type="stmt"/>
        <line num="173" count="2" type="cond" truecount="1" falsecount="1"/>
        <line num="174" count="2" type="stmt"/>
        <line num="176" count="2" type="stmt"/>
        <line num="179" count="28" type="stmt"/>
        <line num="181" count="0" type="cond" truecount="0" falsecount="2"/>
        <line num="182" count="0" type="stmt"/>
        <line num="212" count="28" type="stmt"/>
        <line num="213" count="16" type="cond" truecount="1" falsecount="1"/>
        <line num="214" count="16" type="stmt"/>
        <line num="215" count="16" type="cond" truecount="1" falsecount="1"/>
        <line num="216" count="16" type="cond" truecount="2" falsecount="0"/>
        <line num="217" count="15" type="stmt"/>
        <line num="218" count="15" type="stmt"/>
        <line num="219" count="15" type="stmt"/>
        <line num="220" count="15" type="cond" truecount="1" falsecount="1"/>
        <line num="221" count="15" type="stmt"/>
        <line num="222" count="15" type="cond" truecount="1" falsecount="1"/>
        <line num="223" count="15" type="stmt"/>
        <line num="224" count="1243" type="stmt"/>
        <line num="225" count="1243" type="cond" truecount="2" falsecount="0"/>
        <line num="227" count="15" type="stmt"/>
        <line num="228" count="15" type="stmt"/>
        <line num="230" count="15" type="stmt"/>
        <line num="231" count="15" type="cond" truecount="4" falsecount="0"/>
        <line num="232" count="15" type="stmt"/>
        <line num="233" count="15" type="stmt"/>
        <line num="234" count="15" type="stmt"/>
        <line num="243" count="1243" type="cond" truecount="1" falsecount="1"/>
        <line num="260" count="28" type="stmt"/>
        <line num="264" count="1114" type="stmt"/>
        <line num="270" count="28" type="stmt"/>
        <line num="274" count="945" type="stmt"/>
        <line num="306" count="28" type="cond" truecount="3" falsecount="1"/>
        <line num="307" count="28" type="stmt"/>
        <line num="336" count="1" type="stmt"/>
        <line num="341" count="28" type="stmt"/>
        <line num="342" count="28" type="stmt"/>
      </file>
      <file name="selector.tsx" path="F:\Content\Work\Yale\EGC\WorkInData\gender_gap\app\parts\selector.tsx">
        <metrics statements="7" coveredstatements="0" conditionals="0" coveredconditionals="0" methods="6" coveredmethods="0"/>
        <line num="14" count="0" type="stmt"/>
        <line num="20" count="0" type="stmt"/>
        <line num="21" count="0" type="stmt"/>
        <line num="28" count="0" type="stmt"/>
        <line num="31" count="0" type="stmt"/>
        <line num="39" count="0" type="stmt"/>
        <line num="41" count="0" type="stmt"/>
      </file>
    </package>
  </project>
</coverage>
