{"F:\\Content\\Work\\Yale\\EGC\\WorkInData\\gender_gap\\app\\metadata.ts": {"path":"F:\\Content\\Work\\Yale\\EGC\\WorkInData\\gender_gap\\app\\metadata.ts","statementMap":{"0":{"start":{"line":3,"column":4},"end":{"line":34,"column":1}},"1":{"start":{"line":36,"column":30},"end":{"line":44,"column":1}},"2":{"start":{"line":45,"column":35},"end":{"line":45,"column":78}},"3":{"start":{"line":46,"column":28},"end":{"line":53,"column":1}}},"fnMap":{},"branchMap":{},"s":{"0":2,"1":2,"2":2,"3":2},"f":{},"b":{},"_coverageSchema":"1a1c01bbd47fc00a2c39e90264f33305004495a9","hash":"0426bfd8e7334f59b583e33d0349961395f3d024"}
,"F:\\Content\\Work\\Yale\\EGC\\WorkInData\\gender_gap\\app\\page.tsx": {"path":"F:\\Content\\Work\\Yale\\EGC\\WorkInData\\gender_gap\\app\\page.tsx","statementMap":{"0":{"start":{"line":13,"column":21},"end":{"line":13,"column":24}},"1":{"start":{"line":14,"column":52},"end":{"line":14,"column":54}},"2":{"start":{"line":17,"column":36},"end":{"line":17,"column":51}},"3":{"start":{"line":18,"column":34},"end":{"line":18,"column":56}},"4":{"start":{"line":19,"column":17},"end":{"line":24,"column":3}},"5":{"start":{"line":20,"column":4},"end":{"line":20,"column":44}},"6":{"start":{"line":21,"column":4},"end":{"line":21,"column":23}},"7":{"start":{"line":22,"column":4},"end":{"line":22,"column":92}},"8":{"start":{"line":22,"column":45},"end":{"line":22,"column":86}},"9":{"start":{"line":23,"column":4},"end":{"line":23,"column":62}},"10":{"start":{"line":23,"column":21},"end":{"line":23,"column":56}},"11":{"start":{"line":25,"column":2},"end":{"line":25,"column":66}},"12":{"start":{"line":25,"column":19},"end":{"line":25,"column":60}},"13":{"start":{"line":26,"column":2},"end":{"line":94,"column":3}},"14":{"start":{"line":35,"column":12},"end":{"line":40,"column":13}},"15":{"start":{"line":36,"column":14},"end":{"line":36,"column":38}},"16":{"start":{"line":38,"column":14},"end":{"line":38,"column":22}},"17":{"start":{"line":39,"column":14},"end":{"line":39,"column":32}},"18":{"start":{"line":51,"column":12},"end":{"line":51,"column":31}},"19":{"start":{"line":52,"column":12},"end":{"line":52,"column":20}},"20":{"start":{"line":81,"column":43},"end":{"line":81,"column":62}}},"fnMap":{"0":{"name":"Dashboard","decl":{"start":{"line":16,"column":24},"end":{"line":16,"column":33}},"loc":{"start":{"line":16,"column":36},"end":{"line":95,"column":1}},"line":16},"1":{"name":"(anonymous_1)","decl":{"start":{"line":19,"column":17},"end":{"line":19,"column":18}},"loc":{"start":{"line":19,"column":23},"end":{"line":24,"column":3}},"line":19},"2":{"name":"(anonymous_2)","decl":{"start":{"line":22,"column":39},"end":{"line":22,"column":40}},"loc":{"start":{"line":22,"column":45},"end":{"line":22,"column":86}},"line":22},"3":{"name":"(anonymous_3)","decl":{"start":{"line":23,"column":15},"end":{"line":23,"column":16}},"loc":{"start":{"line":23,"column":21},"end":{"line":23,"column":56}},"line":23},"4":{"name":"(anonymous_4)","decl":{"start":{"line":25,"column":13},"end":{"line":25,"column":14}},"loc":{"start":{"line":25,"column":19},"end":{"line":25,"column":60}},"line":25},"5":{"name":"(anonymous_5)","decl":{"start":{"line":34,"column":19},"end":{"line":34,"column":20}},"loc":{"start":{"line":34,"column":25},"end":{"line":41,"column":11}},"line":34},"6":{"name":"(anonymous_6)","decl":{"start":{"line":50,"column":19},"end":{"line":50,"column":20}},"loc":{"start":{"line":50,"column":25},"end":{"line":53,"column":11}},"line":50},"7":{"name":"(anonymous_7)","decl":{"start":{"line":81,"column":37},"end":{"line":81,"column":38}},"loc":{"start":{"line":81,"column":43},"end":{"line":81,"column":62}},"line":81}},"branchMap":{"0":{"loc":{"start":{"line":20,"column":16},"end":{"line":20,"column":43}},"type":"cond-expr","locations":[{"start":{"line":20,"column":27},"end":{"line":20,"column":28}},{"start":{"line":20,"column":31},"end":{"line":20,"column":43}}],"line":20},"1":{"loc":{"start":{"line":35,"column":12},"end":{"line":40,"column":13}},"type":"if","locations":[{"start":{"line":35,"column":12},"end":{"line":40,"column":13}},{"start":{"line":37,"column":19},"end":{"line":40,"column":13}}],"line":35},"2":{"loc":{"start":{"line":43,"column":11},"end":{"line":43,"column":44}},"type":"cond-expr","locations":[{"start":{"line":43,"column":23},"end":{"line":43,"column":34}},{"start":{"line":43,"column":37},"end":{"line":43,"column":44}}],"line":43},"3":{"loc":{"start":{"line":49,"column":22},"end":{"line":49,"column":58}},"type":"cond-expr","locations":[{"start":{"line":49,"column":33},"end":{"line":49,"column":49}},{"start":{"line":49,"column":52},"end":{"line":49,"column":58}}],"line":49},"4":{"loc":{"start":{"line":76,"column":19},"end":{"line":76,"column":52}},"type":"cond-expr","locations":[{"start":{"line":76,"column":31},"end":{"line":76,"column":38}},{"start":{"line":76,"column":41},"end":{"line":76,"column":52}}],"line":76},"5":{"loc":{"start":{"line":80,"column":40},"end":{"line":80,"column":73}},"type":"cond-expr","locations":[{"start":{"line":80,"column":52},"end":{"line":80,"column":59}},{"start":{"line":80,"column":62},"end":{"line":80,"column":73}}],"line":80},"6":{"loc":{"start":{"line":81,"column":25},"end":{"line":81,"column":71}},"type":"cond-expr","locations":[{"start":{"line":81,"column":37},"end":{"line":81,"column":62}},{"start":{"line":81,"column":65},"end":{"line":81,"column":71}}],"line":81},"7":{"loc":{"start":{"line":88,"column":11},"end":{"line":90,"column":24}},"type":"cond-expr","locations":[{"start":{"line":89,"column":12},"end":{"line":89,"column":21}},{"start":{"line":90,"column":12},"end":{"line":90,"column":24}}],"line":88}},"s":{"0":2,"1":2,"2":4,"3":4,"4":4,"5":0,"6":0,"7":0,"8":0,"9":0,"10":0,"11":4,"12":4,"13":4,"14":0,"15":0,"16":0,"17":0,"18":0,"19":0,"20":0},"f":{"0":4,"1":0,"2":0,"3":0,"4":4,"5":0,"6":0,"7":0},"b":{"0":[0,0],"1":[0,0],"2":[0,4],"3":[4,0],"4":[0,4],"5":[0,4],"6":[0,4],"7":[0,4]},"_coverageSchema":"1a1c01bbd47fc00a2c39e90264f33305004495a9","hash":"29b92123be41bbd11bdac5d5118b91a9bc486655"}
,"F:\\Content\\Work\\Yale\\EGC\\WorkInData\\gender_gap\\app\\theme.tsx": {"path":"F:\\Content\\Work\\Yale\\EGC\\WorkInData\\gender_gap\\app\\theme.tsx","statementMap":{"0":{"start":{"line":6,"column":83},"end":{"line":9,"column":1}},"1":{"start":{"line":11,"column":14},"end":{"line":11,"column":55}},"2":{"start":{"line":14,"column":2},"end":{"line":21,"column":3}}},"fnMap":{"0":{"name":"Theme","decl":{"start":{"line":13,"column":24},"end":{"line":13,"column":29}},"loc":{"start":{"line":13,"column":81},"end":{"line":22,"column":1}},"line":13}},"branchMap":{},"s":{"0":2,"1":2,"2":4},"f":{"0":4},"b":{},"_coverageSchema":"1a1c01bbd47fc00a2c39e90264f33305004495a9","hash":"8b7c2e70691f0c5497fff26fdacc4dbe1f8c8827"}
,"F:\\Content\\Work\\Yale\\EGC\\WorkInData\\gender_gap\\app\\utils.ts": {"path":"F:\\Content\\Work\\Yale\\EGC\\WorkInData\\gender_gap\\app\\utils.ts","statementMap":{"0":{"start":{"line":5,"column":18},"end":{"line":5,"column":44}},"1":{"start":{"line":7,"column":2},"end":{"line":10,"column":3}},"2":{"start":{"line":8,"column":4},"end":{"line":8,"column":42}},"3":{"start":{"line":8,"column":34},"end":{"line":8,"column":42}},"4":{"start":{"line":9,"column":4},"end":{"line":9,"column":113}},"5":{"start":{"line":9,"column":43},"end":{"line":9,"column":113}},"6":{"start":{"line":11,"column":2},"end":{"line":15,"column":3}},"7":{"start":{"line":19,"column":2},"end":{"line":19,"column":47}},"8":{"start":{"line":23,"column":22},"end":{"line":23,"column":49}},"9":{"start":{"line":24,"column":19},"end":{"line":24,"column":40}},"10":{"start":{"line":25,"column":22},"end":{"line":34,"column":3}},"11":{"start":{"line":35,"column":2},"end":{"line":35,"column":20}}},"fnMap":{"0":{"name":"formatNumber","decl":{"start":{"line":6,"column":16},"end":{"line":6,"column":28}},"loc":{"start":{"line":6,"column":78},"end":{"line":16,"column":1}},"line":6},"1":{"name":"unique","decl":{"start":{"line":18,"column":16},"end":{"line":18,"column":22}},"loc":{"start":{"line":18,"column":57},"end":{"line":20,"column":1}},"line":18},"2":{"name":"tooltipPlacer","decl":{"start":{"line":22,"column":16},"end":{"line":22,"column":29}},"loc":{"start":{"line":22,"column":89},"end":{"line":36,"column":1}},"line":22}},"branchMap":{"0":{"loc":{"start":{"line":7,"column":2},"end":{"line":10,"column":3}},"type":"if","locations":[{"start":{"line":7,"column":2},"end":{"line":10,"column":3}},{"start":{},"end":{}}],"line":7},"1":{"loc":{"start":{"line":8,"column":4},"end":{"line":8,"column":42}},"type":"if","locations":[{"start":{"line":8,"column":4},"end":{"line":8,"column":42}},{"start":{},"end":{}}],"line":8},"2":{"loc":{"start":{"line":9,"column":4},"end":{"line":9,"column":113}},"type":"if","locations":[{"start":{"line":9,"column":4},"end":{"line":9,"column":113}},{"start":{},"end":{}}],"line":9},"3":{"loc":{"start":{"line":9,"column":8},"end":{"line":9,"column":41}},"type":"binary-expr","locations":[{"start":{"line":9,"column":8},"end":{"line":9,"column":25}},{"start":{"line":9,"column":29},"end":{"line":9,"column":41}}],"line":9},"4":{"loc":{"start":{"line":12,"column":4},"end":{"line":14,"column":18}},"type":"cond-expr","locations":[{"start":{"line":12,"column":18},"end":{"line":12,"column":30}},{"start":{"line":13,"column":6},"end":{"line":14,"column":18}}],"line":12},"5":{"loc":{"start":{"line":13,"column":6},"end":{"line":14,"column":18}},"type":"cond-expr","locations":[{"start":{"line":13,"column":26},"end":{"line":13,"column":50}},{"start":{"line":14,"column":6},"end":{"line":14,"column":18}}],"line":13},"6":{"loc":{"start":{"line":26,"column":19},"end":{"line":26,"column":82}},"type":"cond-expr","locations":[{"start":{"line":26,"column":53},"end":{"line":26,"column":56}},{"start":{"line":26,"column":59},"end":{"line":26,"column":82}}],"line":26},"7":{"loc":{"start":{"line":29,"column":7},"end":{"line":33,"column":11}},"type":"cond-expr","locations":[{"start":{"line":30,"column":8},"end":{"line":32,"column":22}},{"start":{"line":33,"column":8},"end":{"line":33,"column":11}}],"line":29},"8":{"loc":{"start":{"line":30,"column":8},"end":{"line":32,"column":22}},"type":"cond-expr","locations":[{"start":{"line":31,"column":10},"end":{"line":31,"column":18}},{"start":{"line":32,"column":10},"end":{"line":32,"column":22}}],"line":30}},"s":{"0":2,"1":1114,"2":0,"3":0,"4":0,"5":0,"6":1114,"7":84,"8":0,"9":0,"10":0,"11":0},"f":{"0":1114,"1":84,"2":0},"b":{"0":[0,1114],"1":[0,0],"2":[0,0],"3":[0,0],"4":[1114,0],"5":[0,0],"6":[0,0],"7":[0,0],"8":[0,0]},"_coverageSchema":"1a1c01bbd47fc00a2c39e90264f33305004495a9","hash":"7b556217a8cfd76f9faa37b55f39d7631ce6cfc0"}
,"F:\\Content\\Work\\Yale\\EGC\\WorkInData\\gender_gap\\app\\dashboard\\about.tsx": {"path":"F:\\Content\\Work\\Yale\\EGC\\WorkInData\\gender_gap\\app\\dashboard\\about.tsx","statementMap":{"0":{"start":{"line":7,"column":75},"end":{"line":177,"column":1}},"1":{"start":{"line":180,"column":17},"end":{"line":180,"column":33}},"2":{"start":{"line":181,"column":23},"end":{"line":181,"column":54}},"3":{"start":{"line":182,"column":21},"end":{"line":182,"column":50}},"4":{"start":{"line":183,"column":17},"end":{"line":183,"column":53}},"5":{"start":{"line":184,"column":18},"end":{"line":184,"column":67}},"6":{"start":{"line":185,"column":2},"end":{"line":289,"column":3}},"7":{"start":{"line":266,"column":10},"end":{"line":285,"column":11}},"8":{"start":{"line":277,"column":18},"end":{"line":277,"column":62}},"9":{"start":{"line":278,"column":18},"end":{"line":278,"column":52}}},"fnMap":{"0":{"name":"About","decl":{"start":{"line":179,"column":16},"end":{"line":179,"column":21}},"loc":{"start":{"line":179,"column":24},"end":{"line":290,"column":1}},"line":179},"1":{"name":"(anonymous_1)","decl":{"start":{"line":265,"column":27},"end":{"line":265,"column":28}},"loc":{"start":{"line":265,"column":58},"end":{"line":286,"column":9}},"line":265},"2":{"name":"(anonymous_2)","decl":{"start":{"line":276,"column":25},"end":{"line":276,"column":26}},"loc":{"start":{"line":276,"column":31},"end":{"line":279,"column":17}},"line":276}},"branchMap":{"0":{"loc":{"start":{"line":197,"column":27},"end":{"line":197,"column":66}},"type":"cond-expr","locations":[{"start":{"line":197,"column":45},"end":{"line":197,"column":54}},{"start":{"line":197,"column":57},"end":{"line":197,"column":66}}],"line":197},"1":{"loc":{"start":{"line":268,"column":15},"end":{"line":272,"column":15}},"type":"binary-expr","locations":[{"start":{"line":268,"column":15},"end":{"line":268,"column":20}},{"start":{"line":269,"column":16},"end":{"line":271,"column":29}}],"line":268}},"s":{"0":2,"1":0,"2":0,"3":0,"4":0,"5":0,"6":0,"7":0,"8":0,"9":0},"f":{"0":0,"1":0,"2":0},"b":{"0":[0,0],"1":[0,0]},"_coverageSchema":"1a1c01bbd47fc00a2c39e90264f33305004495a9","hash":"a0711651b6da59f662f7b447708d413b74e1836d"}
,"F:\\Content\\Work\\Yale\\EGC\\WorkInData\\gender_gap\\app\\dashboard\\color_basis_select.tsx": {"path":"F:\\Content\\Work\\Yale\\EGC\\WorkInData\\gender_gap\\app\\dashboard\\color_basis_select.tsx","statementMap":{"0":{"start":{"line":13,"column":2},"end":{"line":37,"column":3}},"1":{"start":{"line":22,"column":12},"end":{"line":22,"column":77}}},"fnMap":{"0":{"name":"ColorBasis","decl":{"start":{"line":4,"column":16},"end":{"line":4,"column":26}},"loc":{"start":{"line":12,"column":3},"end":{"line":38,"column":1}},"line":12},"1":{"name":"(anonymous_1)","decl":{"start":{"line":21,"column":20},"end":{"line":21,"column":21}},"loc":{"start":{"line":21,"column":25},"end":{"line":23,"column":11}},"line":21}},"branchMap":{"0":{"loc":{"start":{"line":15,"column":28},"end":{"line":15,"column":60}},"type":"cond-expr","locations":[{"start":{"line":15,"column":39},"end":{"line":15,"column":49}},{"start":{"line":15,"column":52},"end":{"line":15,"column":60}}],"line":15}},"s":{"0":28,"1":0},"f":{"0":28,"1":0},"b":{"0":[14,14]},"_coverageSchema":"1a1c01bbd47fc00a2c39e90264f33305004495a9","hash":"1279ef5768d278bc9ebe547774eafbf85b7f6129"}
,"F:\\Content\\Work\\Yale\\EGC\\WorkInData\\gender_gap\\app\\dashboard\\custom_variable.tsx": {"path":"F:\\Content\\Work\\Yale\\EGC\\WorkInData\\gender_gap\\app\\dashboard\\custom_variable.tsx","statementMap":{"0":{"start":{"line":26,"column":22},"end":{"line":33,"column":1}},"1":{"start":{"line":34,"column":29},"end":{"line":44,"column":1}},"2":{"start":{"line":47,"column":15},"end":{"line":47,"column":38}},"3":{"start":{"line":48,"column":26},"end":{"line":48,"column":41}},"4":{"start":{"line":49,"column":2},"end":{"line":49,"column":34}},"5":{"start":{"line":49,"column":22},"end":{"line":49,"column":34}},"6":{"start":{"line":50,"column":27},"end":{"line":50,"column":31}},"7":{"start":{"line":51,"column":16},"end":{"line":51,"column":36}},"8":{"start":{"line":51,"column":22},"end":{"line":51,"column":36}},"9":{"start":{"line":52,"column":2},"end":{"line":316,"column":3}},"10":{"start":{"line":86,"column":20},"end":{"line":86,"column":69}},"11":{"start":{"line":87,"column":20},"end":{"line":87,"column":28}},"12":{"start":{"line":91,"column":20},"end":{"line":95,"column":31}},"13":{"start":{"line":110,"column":26},"end":{"line":110,"column":69}},"14":{"start":{"line":111,"column":26},"end":{"line":111,"column":34}},"15":{"start":{"line":125,"column":26},"end":{"line":125,"column":77}},"16":{"start":{"line":126,"column":26},"end":{"line":126,"column":34}},"17":{"start":{"line":138,"column":26},"end":{"line":146,"column":27}},"18":{"start":{"line":139,"column":28},"end":{"line":139,"column":71}},"19":{"start":{"line":141,"column":28},"end":{"line":145,"column":30}},"20":{"start":{"line":147,"column":26},"end":{"line":147,"column":34}},"21":{"start":{"line":167,"column":53},"end":{"line":167,"column":72}},"22":{"start":{"line":170,"column":32},"end":{"line":174,"column":48}},"23":{"start":{"line":175,"column":30},"end":{"line":175,"column":79}},"24":{"start":{"line":175,"column":73},"end":{"line":175,"column":79}},"25":{"start":{"line":176,"column":30},"end":{"line":180,"column":32}},"26":{"start":{"line":181,"column":30},"end":{"line":181,"column":38}},"27":{"start":{"line":187,"column":32},"end":{"line":196,"column":43}},"28":{"start":{"line":207,"column":30},"end":{"line":210,"column":32}},"29":{"start":{"line":211,"column":30},"end":{"line":211,"column":38}},"30":{"start":{"line":227,"column":26},"end":{"line":235,"column":27}},"31":{"start":{"line":228,"column":28},"end":{"line":228,"column":72}},"32":{"start":{"line":230,"column":28},"end":{"line":234,"column":30}},"33":{"start":{"line":236,"column":26},"end":{"line":236,"column":34}},"34":{"start":{"line":251,"column":30},"end":{"line":255,"column":32}},"35":{"start":{"line":256,"column":30},"end":{"line":256,"column":38}},"36":{"start":{"line":261,"column":32},"end":{"line":265,"column":43}},"37":{"start":{"line":276,"column":30},"end":{"line":279,"column":32}},"38":{"start":{"line":280,"column":30},"end":{"line":280,"column":38}},"39":{"start":{"line":296,"column":34},"end":{"line":299,"column":36}},"40":{"start":{"line":300,"column":34},"end":{"line":300,"column":42}}},"fnMap":{"0":{"name":"CustomVariable","decl":{"start":{"line":46,"column":16},"end":{"line":46,"column":30}},"loc":{"start":{"line":46,"column":86},"end":{"line":317,"column":1}},"line":46},"1":{"name":"(anonymous_1)","decl":{"start":{"line":51,"column":16},"end":{"line":51,"column":17}},"loc":{"start":{"line":51,"column":22},"end":{"line":51,"column":36}},"line":51},"2":{"name":"(anonymous_2)","decl":{"start":{"line":85,"column":28},"end":{"line":85,"column":29}},"loc":{"start":{"line":85,"column":33},"end":{"line":88,"column":19}},"line":85},"3":{"name":"(anonymous_3)","decl":{"start":{"line":90,"column":75},"end":{"line":90,"column":76}},"loc":{"start":{"line":91,"column":20},"end":{"line":95,"column":31}},"line":91},"4":{"name":"(anonymous_4)","decl":{"start":{"line":109,"column":34},"end":{"line":109,"column":35}},"loc":{"start":{"line":109,"column":40},"end":{"line":112,"column":25}},"line":109},"5":{"name":"(anonymous_5)","decl":{"start":{"line":124,"column":34},"end":{"line":124,"column":35}},"loc":{"start":{"line":124,"column":40},"end":{"line":127,"column":25}},"line":124},"6":{"name":"(anonymous_6)","decl":{"start":{"line":137,"column":34},"end":{"line":137,"column":35}},"loc":{"start":{"line":137,"column":40},"end":{"line":148,"column":25}},"line":137},"7":{"name":"(anonymous_7)","decl":{"start":{"line":167,"column":41},"end":{"line":167,"column":42}},"loc":{"start":{"line":167,"column":53},"end":{"line":167,"column":72}},"line":167},"8":{"name":"(anonymous_8)","decl":{"start":{"line":168,"column":38},"end":{"line":168,"column":39}},"loc":{"start":{"line":168,"column":43},"end":{"line":182,"column":29}},"line":168},"9":{"name":"(anonymous_9)","decl":{"start":{"line":186,"column":71},"end":{"line":186,"column":72}},"loc":{"start":{"line":187,"column":32},"end":{"line":196,"column":43}},"line":187},"10":{"name":"(anonymous_10)","decl":{"start":{"line":206,"column":38},"end":{"line":206,"column":39}},"loc":{"start":{"line":206,"column":43},"end":{"line":212,"column":29}},"line":206},"11":{"name":"(anonymous_11)","decl":{"start":{"line":226,"column":34},"end":{"line":226,"column":35}},"loc":{"start":{"line":226,"column":40},"end":{"line":237,"column":25}},"line":226},"12":{"name":"(anonymous_12)","decl":{"start":{"line":250,"column":38},"end":{"line":250,"column":39}},"loc":{"start":{"line":250,"column":43},"end":{"line":257,"column":29}},"line":250},"13":{"name":"(anonymous_13)","decl":{"start":{"line":260,"column":72},"end":{"line":260,"column":73}},"loc":{"start":{"line":261,"column":32},"end":{"line":265,"column":43}},"line":261},"14":{"name":"(anonymous_14)","decl":{"start":{"line":275,"column":38},"end":{"line":275,"column":39}},"loc":{"start":{"line":275,"column":43},"end":{"line":281,"column":29}},"line":275},"15":{"name":"(anonymous_15)","decl":{"start":{"line":295,"column":42},"end":{"line":295,"column":43}},"loc":{"start":{"line":295,"column":48},"end":{"line":301,"column":33}},"line":295}},"branchMap":{"0":{"loc":{"start":{"line":49,"column":2},"end":{"line":49,"column":34}},"type":"if","locations":[{"start":{"line":49,"column":2},"end":{"line":49,"column":34}},{"start":{},"end":{}}],"line":49},"1":{"loc":{"start":{"line":49,"column":6},"end":{"line":49,"column":20}},"type":"binary-expr","locations":[{"start":{"line":49,"column":6},"end":{"line":49,"column":11}},{"start":{"line":49,"column":15},"end":{"line":49,"column":20}}],"line":49},"2":{"loc":{"start":{"line":57,"column":7},"end":{"line":314,"column":7}},"type":"binary-expr","locations":[{"start":{"line":57,"column":7},"end":{"line":57,"column":11}},{"start":{"line":58,"column":8},"end":{"line":313,"column":17}}],"line":57},"3":{"loc":{"start":{"line":92,"column":38},"end":{"line":92,"column":83}},"type":"cond-expr","locations":[{"start":{"line":92,"column":58},"end":{"line":92,"column":79}},{"start":{"line":92,"column":82},"end":{"line":92,"column":83}}],"line":92},"4":{"loc":{"start":{"line":99,"column":15},"end":{"line":309,"column":24}},"type":"cond-expr","locations":[{"start":{"line":100,"column":16},"end":{"line":100,"column":21}},{"start":{"line":101,"column":16},"end":{"line":309,"column":24}}],"line":99},"5":{"loc":{"start":{"line":101,"column":16},"end":{"line":309,"column":24}},"type":"cond-expr","locations":[{"start":{"line":102,"column":16},"end":{"line":116,"column":19}},{"start":{"line":117,"column":16},"end":{"line":309,"column":24}}],"line":101},"6":{"loc":{"start":{"line":138,"column":26},"end":{"line":146,"column":27}},"type":"if","locations":[{"start":{"line":138,"column":26},"end":{"line":146,"column":27}},{"start":{"line":140,"column":33},"end":{"line":146,"column":27}}],"line":138},"7":{"loc":{"start":{"line":153,"column":21},"end":{"line":218,"column":21}},"type":"binary-expr","locations":[{"start":{"line":153,"column":21},"end":{"line":153,"column":32}},{"start":{"line":153,"column":36},"end":{"line":153,"column":56}},{"start":{"line":154,"column":22},"end":{"line":217,"column":25}}],"line":153},"8":{"loc":{"start":{"line":161,"column":30},"end":{"line":165,"column":34}},"type":"cond-expr","locations":[{"start":{"line":162,"column":32},"end":{"line":164,"column":53}},{"start":{"line":165,"column":32},"end":{"line":165,"column":34}}],"line":161},"9":{"loc":{"start":{"line":162,"column":32},"end":{"line":164,"column":53}},"type":"cond-expr","locations":[{"start":{"line":163,"column":34},"end":{"line":163,"column":51}},{"start":{"line":164,"column":34},"end":{"line":164,"column":53}}],"line":162},"10":{"loc":{"start":{"line":170,"column":32},"end":{"line":174,"column":48}},"type":"cond-expr","locations":[{"start":{"line":171,"column":34},"end":{"line":173,"column":57}},{"start":{"line":174,"column":34},"end":{"line":174,"column":48}}],"line":170},"11":{"loc":{"start":{"line":171,"column":34},"end":{"line":173,"column":57}},"type":"cond-expr","locations":[{"start":{"line":172,"column":36},"end":{"line":172,"column":53}},{"start":{"line":173,"column":36},"end":{"line":173,"column":57}}],"line":171},"12":{"loc":{"start":{"line":175,"column":30},"end":{"line":175,"column":79}},"type":"if","locations":[{"start":{"line":175,"column":30},"end":{"line":175,"column":79}},{"start":{},"end":{}}],"line":175},"13":{"loc":{"start":{"line":175,"column":34},"end":{"line":175,"column":71}},"type":"binary-expr","locations":[{"start":{"line":175,"column":34},"end":{"line":175,"column":54}},{"start":{"line":175,"column":58},"end":{"line":175,"column":71}}],"line":175},"14":{"loc":{"start":{"line":185,"column":29},"end":{"line":197,"column":32}},"type":"binary-expr","locations":[{"start":{"line":185,"column":29},"end":{"line":185,"column":40}},{"start":{"line":186,"column":30},"end":{"line":197,"column":32}}],"line":185},"15":{"loc":{"start":{"line":190,"column":38},"end":{"line":192,"column":63}},"type":"cond-expr","locations":[{"start":{"line":191,"column":40},"end":{"line":191,"column":69}},{"start":{"line":192,"column":40},"end":{"line":192,"column":63}}],"line":190},"16":{"loc":{"start":{"line":205,"column":35},"end":{"line":205,"column":72}},"type":"cond-expr","locations":[{"start":{"line":205,"column":49},"end":{"line":205,"column":67}},{"start":{"line":205,"column":70},"end":{"line":205,"column":72}}],"line":205},"17":{"loc":{"start":{"line":227,"column":26},"end":{"line":235,"column":27}},"type":"if","locations":[{"start":{"line":227,"column":26},"end":{"line":235,"column":27}},{"start":{"line":229,"column":33},"end":{"line":235,"column":27}}],"line":227},"18":{"loc":{"start":{"line":242,"column":21},"end":{"line":307,"column":21}},"type":"binary-expr","locations":[{"start":{"line":242,"column":21},"end":{"line":242,"column":33}},{"start":{"line":242,"column":37},"end":{"line":242,"column":58}},{"start":{"line":243,"column":22},"end":{"line":306,"column":25}}],"line":242},"19":{"loc":{"start":{"line":249,"column":35},"end":{"line":249,"column":73}},"type":"cond-expr","locations":[{"start":{"line":249,"column":50},"end":{"line":249,"column":68}},{"start":{"line":249,"column":71},"end":{"line":249,"column":73}}],"line":249},"20":{"loc":{"start":{"line":259,"column":29},"end":{"line":266,"column":32}},"type":"binary-expr","locations":[{"start":{"line":259,"column":29},"end":{"line":259,"column":41}},{"start":{"line":260,"column":30},"end":{"line":266,"column":32}}],"line":259},"21":{"loc":{"start":{"line":262,"column":50},"end":{"line":262,"column":95}},"type":"cond-expr","locations":[{"start":{"line":262,"column":70},"end":{"line":262,"column":91}},{"start":{"line":262,"column":94},"end":{"line":262,"column":95}}],"line":262},"22":{"loc":{"start":{"line":274,"column":35},"end":{"line":274,"column":74}},"type":"cond-expr","locations":[{"start":{"line":274,"column":50},"end":{"line":274,"column":69}},{"start":{"line":274,"column":72},"end":{"line":274,"column":74}}],"line":274},"23":{"loc":{"start":{"line":286,"column":25},"end":{"line":305,"column":25}},"type":"binary-expr","locations":[{"start":{"line":286,"column":25},"end":{"line":286,"column":37}},{"start":{"line":287,"column":26},"end":{"line":304,"column":28}}],"line":286}},"s":{"0":2,"1":2,"2":28,"3":28,"4":28,"5":0,"6":28,"7":28,"8":0,"9":28,"10":0,"11":0,"12":0,"13":0,"14":0,"15":0,"16":0,"17":0,"18":0,"19":0,"20":0,"21":0,"22":0,"23":0,"24":0,"25":0,"26":0,"27":0,"28":0,"29":0,"30":0,"31":0,"32":0,"33":0,"34":0,"35":0,"36":0,"37":0,"38":0,"39":0,"40":0},"f":{"0":28,"1":0,"2":0,"3":0,"4":0,"5":0,"6":0,"7":0,"8":0,"9":0,"10":0,"11":0,"12":0,"13":0,"14":0,"15":0},"b":{"0":[0,28],"1":[28,28],"2":[28,0],"3":[0,0],"4":[0,0],"5":[0,0],"6":[0,0],"7":[0,0,0],"8":[0,0],"9":[0,0],"10":[0,0],"11":[0,0],"12":[0,0],"13":[0,0],"14":[0,0],"15":[0,0],"16":[0,0],"17":[0,0],"18":[0,0,0],"19":[0,0],"20":[0,0],"21":[0,0],"22":[0,0],"23":[0,0]},"_coverageSchema":"1a1c01bbd47fc00a2c39e90264f33305004495a9","hash":"14dbbeaf9168de51c9104d158d6d7e7041e71ce6"}
,"F:\\Content\\Work\\Yale\\EGC\\WorkInData\\gender_gap\\app\\dashboard\\data_menu.tsx": {"path":"F:\\Content\\Work\\Yale\\EGC\\WorkInData\\gender_gap\\app\\dashboard\\data_menu.tsx","statementMap":{"0":{"start":{"line":24,"column":15},"end":{"line":24,"column":49}},"1":{"start":{"line":25,"column":17},"end":{"line":25,"column":55}},"2":{"start":{"line":26,"column":21},"end":{"line":26,"column":50}},"3":{"start":{"line":27,"column":23},"end":{"line":27,"column":54}},"4":{"start":{"line":28,"column":15},"end":{"line":28,"column":51}},"5":{"start":{"line":30,"column":17},"end":{"line":30,"column":33}},"6":{"start":{"line":31,"column":25},"end":{"line":94,"column":3}},"7":{"start":{"line":32,"column":21},"end":{"line":32,"column":26}},"8":{"start":{"line":33,"column":22},"end":{"line":33,"column":67}},"9":{"start":{"line":34,"column":4},"end":{"line":59,"column":5}},"10":{"start":{"line":39,"column":6},"end":{"line":39,"column":23}},"11":{"start":{"line":40,"column":6},"end":{"line":48,"column":7}},"12":{"start":{"line":49,"column":11},"end":{"line":59,"column":5}},"13":{"start":{"line":50,"column":6},"end":{"line":58,"column":7}},"14":{"start":{"line":60,"column":4},"end":{"line":63,"column":5}},"15":{"start":{"line":61,"column":6},"end":{"line":61,"column":23}},"16":{"start":{"line":62,"column":6},"end":{"line":62,"column":53}},"17":{"start":{"line":64,"column":4},"end":{"line":67,"column":5}},"18":{"start":{"line":65,"column":6},"end":{"line":65,"column":23}},"19":{"start":{"line":66,"column":6},"end":{"line":66,"column":33}},"20":{"start":{"line":68,"column":4},"end":{"line":71,"column":5}},"21":{"start":{"line":69,"column":6},"end":{"line":69,"column":23}},"22":{"start":{"line":70,"column":6},"end":{"line":70,"column":29}},"23":{"start":{"line":72,"column":4},"end":{"line":75,"column":5}},"24":{"start":{"line":73,"column":6},"end":{"line":73,"column":23}},"25":{"start":{"line":74,"column":6},"end":{"line":74,"column":27}},"26":{"start":{"line":76,"column":4},"end":{"line":79,"column":5}},"27":{"start":{"line":77,"column":6},"end":{"line":77,"column":23}},"28":{"start":{"line":78,"column":6},"end":{"line":78,"column":29}},"29":{"start":{"line":80,"column":4},"end":{"line":83,"column":5}},"30":{"start":{"line":81,"column":6},"end":{"line":81,"column":23}},"31":{"start":{"line":82,"column":6},"end":{"line":82,"column":38}},"32":{"start":{"line":84,"column":4},"end":{"line":87,"column":5}},"33":{"start":{"line":85,"column":6},"end":{"line":85,"column":23}},"34":{"start":{"line":86,"column":6},"end":{"line":86,"column":35}},"35":{"start":{"line":88,"column":4},"end":{"line":91,"column":5}},"36":{"start":{"line":89,"column":6},"end":{"line":89,"column":23}},"37":{"start":{"line":90,"column":6},"end":{"line":90,"column":33}},"38":{"start":{"line":92,"column":4},"end":{"line":92,"column":30}},"39":{"start":{"line":93,"column":4},"end":{"line":93,"column":40}},"40":{"start":{"line":95,"column":2},"end":{"line":99,"column":3}},"41":{"start":{"line":96,"column":25},"end":{"line":96,"column":41}},"42":{"start":{"line":97,"column":4},"end":{"line":97,"column":91}},"43":{"start":{"line":97,"column":20},"end":{"line":97,"column":91}},"44":{"start":{"line":97,"column":48},"end":{"line":97,"column":90}},"45":{"start":{"line":98,"column":4},"end":{"line":98,"column":30}},"46":{"start":{"line":100,"column":2},"end":{"line":212,"column":3}},"47":{"start":{"line":114,"column":36},"end":{"line":114,"column":86}},"48":{"start":{"line":126,"column":22},"end":{"line":131,"column":23}},"49":{"start":{"line":127,"column":39},"end":{"line":127,"column":55}},"50":{"start":{"line":128,"column":24},"end":{"line":128,"column":58}},"51":{"start":{"line":130,"column":24},"end":{"line":130,"column":76}},"52":{"start":{"line":140,"column":35},"end":{"line":140,"column":61}},"53":{"start":{"line":154,"column":31},"end":{"line":154,"column":86}},"54":{"start":{"line":164,"column":33},"end":{"line":164,"column":87}},"55":{"start":{"line":173,"column":33},"end":{"line":173,"column":87}},"56":{"start":{"line":184,"column":35},"end":{"line":184,"column":72}},"57":{"start":{"line":190,"column":35},"end":{"line":190,"column":70}},"58":{"start":{"line":194,"column":35},"end":{"line":194,"column":63}},"59":{"start":{"line":204,"column":12},"end":{"line":204,"column":102}},"60":{"start":{"line":205,"column":12},"end":{"line":205,"column":36}}},"fnMap":{"0":{"name":"DataMenu","decl":{"start":{"line":23,"column":16},"end":{"line":23,"column":24}},"loc":{"start":{"line":23,"column":27},"end":{"line":213,"column":1}},"line":23},"1":{"name":"(anonymous_1)","decl":{"start":{"line":31,"column":25},"end":{"line":31,"column":26}},"loc":{"start":{"line":31,"column":31},"end":{"line":94,"column":3}},"line":31},"2":{"name":"(anonymous_2)","decl":{"start":{"line":97,"column":42},"end":{"line":97,"column":43}},"loc":{"start":{"line":97,"column":48},"end":{"line":97,"column":90}},"line":97},"3":{"name":"(anonymous_3)","decl":{"start":{"line":114,"column":30},"end":{"line":114,"column":31}},"loc":{"start":{"line":114,"column":36},"end":{"line":114,"column":86}},"line":114},"4":{"name":"(anonymous_4)","decl":{"start":{"line":125,"column":30},"end":{"line":125,"column":31}},"loc":{"start":{"line":125,"column":36},"end":{"line":132,"column":21}},"line":125},"5":{"name":"(anonymous_5)","decl":{"start":{"line":140,"column":29},"end":{"line":140,"column":30}},"loc":{"start":{"line":140,"column":35},"end":{"line":140,"column":61}},"line":140},"6":{"name":"(anonymous_6)","decl":{"start":{"line":154,"column":26},"end":{"line":154,"column":27}},"loc":{"start":{"line":154,"column":31},"end":{"line":154,"column":86}},"line":154},"7":{"name":"(anonymous_7)","decl":{"start":{"line":164,"column":28},"end":{"line":164,"column":29}},"loc":{"start":{"line":164,"column":33},"end":{"line":164,"column":87}},"line":164},"8":{"name":"(anonymous_8)","decl":{"start":{"line":173,"column":28},"end":{"line":173,"column":29}},"loc":{"start":{"line":173,"column":33},"end":{"line":173,"column":87}},"line":173},"9":{"name":"(anonymous_9)","decl":{"start":{"line":184,"column":26},"end":{"line":184,"column":27}},"loc":{"start":{"line":184,"column":35},"end":{"line":184,"column":72}},"line":184},"10":{"name":"(anonymous_10)","decl":{"start":{"line":190,"column":26},"end":{"line":190,"column":27}},"loc":{"start":{"line":190,"column":35},"end":{"line":190,"column":70}},"line":190},"11":{"name":"(anonymous_11)","decl":{"start":{"line":194,"column":29},"end":{"line":194,"column":30}},"loc":{"start":{"line":194,"column":35},"end":{"line":194,"column":63}},"line":194},"12":{"name":"(anonymous_12)","decl":{"start":{"line":203,"column":19},"end":{"line":203,"column":20}},"loc":{"start":{"line":203,"column":25},"end":{"line":206,"column":11}},"line":203}},"branchMap":{"0":{"loc":{"start":{"line":34,"column":4},"end":{"line":59,"column":5}},"type":"if","locations":[{"start":{"line":34,"column":4},"end":{"line":59,"column":5}},{"start":{"line":49,"column":11},"end":{"line":59,"column":5}}],"line":34},"1":{"loc":{"start":{"line":35,"column":6},"end":{"line":37,"column":44}},"type":"binary-expr","locations":[{"start":{"line":35,"column":6},"end":{"line":35,"column":35}},{"start":{"line":36,"column":6},"end":{"line":36,"column":53}},{"start":{"line":37,"column":6},"end":{"line":37,"column":44}}],"line":35},"2":{"loc":{"start":{"line":49,"column":11},"end":{"line":59,"column":5}},"type":"if","locations":[{"start":{"line":49,"column":11},"end":{"line":59,"column":5}},{"start":{},"end":{}}],"line":49},"3":{"loc":{"start":{"line":49,"column":15},"end":{"line":49,"column":91}},"type":"binary-expr","locations":[{"start":{"line":49,"column":15},"end":{"line":49,"column":40}},{"start":{"line":49,"column":44},"end":{"line":49,"column":91}}],"line":49},"4":{"loc":{"start":{"line":60,"column":4},"end":{"line":63,"column":5}},"type":"if","locations":[{"start":{"line":60,"column":4},"end":{"line":63,"column":5}},{"start":{},"end":{}}],"line":60},"5":{"loc":{"start":{"line":60,"column":8},"end":{"line":60,"column":74}},"type":"binary-expr","locations":[{"start":{"line":60,"column":8},"end":{"line":60,"column":35}},{"start":{"line":60,"column":39},"end":{"line":60,"column":74}}],"line":60},"6":{"loc":{"start":{"line":64,"column":4},"end":{"line":67,"column":5}},"type":"if","locations":[{"start":{"line":64,"column":4},"end":{"line":67,"column":5}},{"start":{},"end":{}}],"line":64},"7":{"loc":{"start":{"line":68,"column":4},"end":{"line":71,"column":5}},"type":"if","locations":[{"start":{"line":68,"column":4},"end":{"line":71,"column":5}},{"start":{},"end":{}}],"line":68},"8":{"loc":{"start":{"line":72,"column":4},"end":{"line":75,"column":5}},"type":"if","locations":[{"start":{"line":72,"column":4},"end":{"line":75,"column":5}},{"start":{},"end":{}}],"line":72},"9":{"loc":{"start":{"line":76,"column":4},"end":{"line":79,"column":5}},"type":"if","locations":[{"start":{"line":76,"column":4},"end":{"line":79,"column":5}},{"start":{},"end":{}}],"line":76},"10":{"loc":{"start":{"line":76,"column":8},"end":{"line":76,"column":88}},"type":"binary-expr","locations":[{"start":{"line":76,"column":8},"end":{"line":76,"column":26}},{"start":{"line":76,"column":30},"end":{"line":76,"column":88}}],"line":76},"11":{"loc":{"start":{"line":80,"column":4},"end":{"line":83,"column":5}},"type":"if","locations":[{"start":{"line":80,"column":4},"end":{"line":83,"column":5}},{"start":{},"end":{}}],"line":80},"12":{"loc":{"start":{"line":84,"column":4},"end":{"line":87,"column":5}},"type":"if","locations":[{"start":{"line":84,"column":4},"end":{"line":87,"column":5}},{"start":{},"end":{}}],"line":84},"13":{"loc":{"start":{"line":88,"column":4},"end":{"line":91,"column":5}},"type":"if","locations":[{"start":{"line":88,"column":4},"end":{"line":91,"column":5}},{"start":{},"end":{}}],"line":88},"14":{"loc":{"start":{"line":95,"column":2},"end":{"line":99,"column":3}},"type":"if","locations":[{"start":{"line":95,"column":2},"end":{"line":99,"column":3}},{"start":{},"end":{}}],"line":95},"15":{"loc":{"start":{"line":97,"column":4},"end":{"line":97,"column":91}},"type":"if","locations":[{"start":{"line":97,"column":4},"end":{"line":97,"column":91}},{"start":{},"end":{}}],"line":97},"16":{"loc":{"start":{"line":126,"column":22},"end":{"line":131,"column":23}},"type":"if","locations":[{"start":{"line":126,"column":22},"end":{"line":131,"column":23}},{"start":{"line":129,"column":29},"end":{"line":131,"column":23}}],"line":126},"17":{"loc":{"start":{"line":137,"column":13},"end":{"line":139,"column":27}},"type":"cond-expr","locations":[{"start":{"line":138,"column":14},"end":{"line":138,"column":30}},{"start":{"line":139,"column":14},"end":{"line":139,"column":27}}],"line":137},"18":{"loc":{"start":{"line":146,"column":13},"end":{"line":175,"column":22}},"type":"cond-expr","locations":[{"start":{"line":147,"column":14},"end":{"line":155,"column":16}},{"start":{"line":156,"column":14},"end":{"line":175,"column":22}}],"line":146},"19":{"loc":{"start":{"line":177,"column":44},"end":{"line":177,"column":83}},"type":"cond-expr","locations":[{"start":{"line":177,"column":62},"end":{"line":177,"column":71}},{"start":{"line":177,"column":74},"end":{"line":177,"column":83}}],"line":177}},"s":{"0":28,"1":28,"2":28,"3":28,"4":28,"5":28,"6":28,"7":14,"8":14,"9":14,"10":0,"11":0,"12":14,"13":0,"14":14,"15":0,"16":0,"17":14,"18":0,"19":0,"20":14,"21":0,"22":0,"23":14,"24":0,"25":0,"26":14,"27":0,"28":0,"29":14,"30":0,"31":0,"32":14,"33":0,"34":0,"35":14,"36":0,"37":0,"38":14,"39":14,"40":28,"41":14,"42":14,"43":0,"44":0,"45":14,"46":28,"47":0,"48":1,"49":0,"50":0,"51":1,"52":0,"53":0,"54":0,"55":0,"56":0,"57":0,"58":0,"59":0,"60":0},"f":{"0":28,"1":14,"2":0,"3":0,"4":1,"5":0,"6":0,"7":0,"8":0,"9":0,"10":0,"11":0,"12":0},"b":{"0":[0,14],"1":[14,14,14],"2":[0,14],"3":[14,14],"4":[0,14],"5":[14,14],"6":[0,14],"7":[0,14],"8":[0,14],"9":[0,14],"10":[14,4],"11":[0,14],"12":[0,14],"13":[0,14],"14":[14,14],"15":[0,14],"16":[0,1],"17":[14,14],"18":[0,28],"19":[28,0]},"_coverageSchema":"1a1c01bbd47fc00a2c39e90264f33305004495a9","hash":"2859f0c1b123d103ef6f575bf9b6b8925f68a710"}
,"F:\\Content\\Work\\Yale\\EGC\\WorkInData\\gender_gap\\app\\dashboard\\filter_country.tsx": {"path":"F:\\Content\\Work\\Yale\\EGC\\WorkInData\\gender_gap\\app\\dashboard\\filter_country.tsx","statementMap":{"0":{"start":{"line":7,"column":22},"end":{"line":7,"column":102}},"1":{"start":{"line":7,"column":81},"end":{"line":7,"column":100}},"2":{"start":{"line":8,"column":57},"end":{"line":8,"column":59}},"3":{"start":{"line":11,"column":17},"end":{"line":11,"column":55}},"4":{"start":{"line":12,"column":23},"end":{"line":12,"column":54}},"5":{"start":{"line":13,"column":15},"end":{"line":13,"column":51}},"6":{"start":{"line":14,"column":28},"end":{"line":26,"column":3}},"7":{"start":{"line":16,"column":6},"end":{"line":22,"column":7}},"8":{"start":{"line":17,"column":21},"end":{"line":17,"column":46}},"9":{"start":{"line":18,"column":8},"end":{"line":21,"column":83}},"10":{"start":{"line":23,"column":6},"end":{"line":23,"column":36}},"11":{"start":{"line":27,"column":40},"end":{"line":30,"column":3}},"12":{"start":{"line":28,"column":10},"end":{"line":28,"column":67}},"13":{"start":{"line":31,"column":28},"end":{"line":34,"column":3}},"14":{"start":{"line":32,"column":10},"end":{"line":32,"column":62}},"15":{"start":{"line":36,"column":31},"end":{"line":48,"column":3}},"16":{"start":{"line":38,"column":23},"end":{"line":38,"column":39}},"17":{"start":{"line":39,"column":20},"end":{"line":39,"column":24}},"18":{"start":{"line":40,"column":6},"end":{"line":44,"column":8}},"19":{"start":{"line":41,"column":8},"end":{"line":43,"column":9}},"20":{"start":{"line":42,"column":10},"end":{"line":42,"column":43}},"21":{"start":{"line":45,"column":6},"end":{"line":45,"column":20}},"22":{"start":{"line":49,"column":2},"end":{"line":130,"column":3}},"23":{"start":{"line":53,"column":27},"end":{"line":53,"column":40}},"24":{"start":{"line":56,"column":10},"end":{"line":89,"column":11}},"25":{"start":{"line":71,"column":34},"end":{"line":71,"column":55}},"26":{"start":{"line":72,"column":20},"end":{"line":80,"column":22}},"27":{"start":{"line":73,"column":22},"end":{"line":79,"column":23}},"28":{"start":{"line":74,"column":24},"end":{"line":78,"column":25}},"29":{"start":{"line":75,"column":26},"end":{"line":75,"column":51}},"30":{"start":{"line":77,"column":26},"end":{"line":77,"column":51}},"31":{"start":{"line":81,"column":20},"end":{"line":81,"column":59}},"32":{"start":{"line":92,"column":40},"end":{"line":92,"column":45}},"33":{"start":{"line":93,"column":10},"end":{"line":100,"column":11}},"34":{"start":{"line":102,"column":34},"end":{"line":102,"column":44}},"35":{"start":{"line":103,"column":31},"end":{"line":103,"column":74}},"36":{"start":{"line":107,"column":10},"end":{"line":109,"column":23}},"37":{"start":{"line":116,"column":52},"end":{"line":116,"column":54}},"38":{"start":{"line":117,"column":10},"end":{"line":117,"column":67}},"39":{"start":{"line":117,"column":40},"end":{"line":117,"column":65}},"40":{"start":{"line":118,"column":10},"end":{"line":118,"column":49}},"41":{"start":{"line":124,"column":23},"end":{"line":124,"column":85}}},"fnMap":{"0":{"name":"(anonymous_0)","decl":{"start":{"line":7,"column":54},"end":{"line":7,"column":55}},"loc":{"start":{"line":7,"column":81},"end":{"line":7,"column":100}},"line":7},"1":{"name":"FilterCountry","decl":{"start":{"line":10,"column":16},"end":{"line":10,"column":29}},"loc":{"start":{"line":10,"column":76},"end":{"line":131,"column":1}},"line":10},"2":{"name":"(anonymous_2)","decl":{"start":{"line":15,"column":4},"end":{"line":15,"column":5}},"loc":{"start":{"line":15,"column":25},"end":{"line":24,"column":5}},"line":15},"3":{"name":"(anonymous_3)","decl":{"start":{"line":28,"column":4},"end":{"line":28,"column":5}},"loc":{"start":{"line":28,"column":10},"end":{"line":28,"column":67}},"line":28},"4":{"name":"(anonymous_4)","decl":{"start":{"line":32,"column":4},"end":{"line":32,"column":5}},"loc":{"start":{"line":32,"column":10},"end":{"line":32,"column":62}},"line":32},"5":{"name":"(anonymous_5)","decl":{"start":{"line":37,"column":4},"end":{"line":37,"column":5}},"loc":{"start":{"line":37,"column":23},"end":{"line":46,"column":5}},"line":37},"6":{"name":"(anonymous_6)","decl":{"start":{"line":40,"column":27},"end":{"line":40,"column":28}},"loc":{"start":{"line":40,"column":38},"end":{"line":44,"column":7}},"line":40},"7":{"name":"(anonymous_7)","decl":{"start":{"line":53,"column":17},"end":{"line":53,"column":18}},"loc":{"start":{"line":53,"column":27},"end":{"line":53,"column":40}},"line":53},"8":{"name":"(anonymous_8)","decl":{"start":{"line":55,"column":21},"end":{"line":55,"column":22}},"loc":{"start":{"line":55,"column":31},"end":{"line":90,"column":9}},"line":55},"9":{"name":"(anonymous_9)","decl":{"start":{"line":70,"column":28},"end":{"line":70,"column":29}},"loc":{"start":{"line":70,"column":44},"end":{"line":82,"column":19}},"line":70},"10":{"name":"(anonymous_10)","decl":{"start":{"line":72,"column":41},"end":{"line":72,"column":42}},"loc":{"start":{"line":72,"column":52},"end":{"line":80,"column":21}},"line":72},"11":{"name":"(anonymous_11)","decl":{"start":{"line":91,"column":22},"end":{"line":91,"column":23}},"loc":{"start":{"line":91,"column":53},"end":{"line":101,"column":9}},"line":91},"12":{"name":"(anonymous_12)","decl":{"start":{"line":102,"column":24},"end":{"line":102,"column":25}},"loc":{"start":{"line":102,"column":34},"end":{"line":102,"column":44}},"line":102},"13":{"name":"(anonymous_13)","decl":{"start":{"line":103,"column":21},"end":{"line":103,"column":22}},"loc":{"start":{"line":103,"column":31},"end":{"line":103,"column":74}},"line":103},"14":{"name":"(anonymous_14)","decl":{"start":{"line":106,"column":21},"end":{"line":106,"column":22}},"loc":{"start":{"line":107,"column":10},"end":{"line":109,"column":23}},"line":107},"15":{"name":"(anonymous_15)","decl":{"start":{"line":115,"column":18},"end":{"line":115,"column":19}},"loc":{"start":{"line":115,"column":36},"end":{"line":119,"column":9}},"line":115},"16":{"name":"(anonymous_16)","decl":{"start":{"line":117,"column":28},"end":{"line":117,"column":29}},"loc":{"start":{"line":117,"column":40},"end":{"line":117,"column":65}},"line":117},"17":{"name":"(anonymous_17)","decl":{"start":{"line":124,"column":17},"end":{"line":124,"column":18}},"loc":{"start":{"line":124,"column":23},"end":{"line":124,"column":85}},"line":124}},"branchMap":{"0":{"loc":{"start":{"line":16,"column":6},"end":{"line":22,"column":7}},"type":"if","locations":[{"start":{"line":16,"column":6},"end":{"line":22,"column":7}},{"start":{},"end":{}}],"line":16},"1":{"loc":{"start":{"line":19,"column":10},"end":{"line":21,"column":83}},"type":"cond-expr","locations":[{"start":{"line":20,"column":12},"end":{"line":20,"column":100}},{"start":{"line":21,"column":12},"end":{"line":21,"column":83}}],"line":19},"2":{"loc":{"start":{"line":41,"column":8},"end":{"line":43,"column":9}},"type":"if","locations":[{"start":{"line":41,"column":8},"end":{"line":43,"column":9}},{"start":{},"end":{}}],"line":41},"3":{"loc":{"start":{"line":41,"column":12},"end":{"line":41,"column":47}},"type":"binary-expr","locations":[{"start":{"line":41,"column":12},"end":{"line":41,"column":19}},{"start":{"line":41,"column":23},"end":{"line":41,"column":47}}],"line":41},"4":{"loc":{"start":{"line":73,"column":22},"end":{"line":79,"column":23}},"type":"if","locations":[{"start":{"line":73,"column":22},"end":{"line":79,"column":23}},{"start":{},"end":{}}],"line":73},"5":{"loc":{"start":{"line":74,"column":24},"end":{"line":78,"column":25}},"type":"if","locations":[{"start":{"line":74,"column":24},"end":{"line":78,"column":25}},{"start":{"line":76,"column":31},"end":{"line":78,"column":25}}],"line":74},"6":{"loc":{"start":{"line":97,"column":32},"end":{"line":97,"column":89}},"type":"cond-expr","locations":[{"start":{"line":97,"column":61},"end":{"line":97,"column":63}},{"start":{"line":97,"column":66},"end":{"line":97,"column":89}}],"line":97}},"s":{"0":2,"1":0,"2":2,"3":28,"4":28,"5":28,"6":28,"7":810,"8":202,"9":202,"10":810,"11":28,"12":4,"13":28,"14":8,"15":28,"16":98,"17":98,"18":98,"19":9898,"20":98,"21":98,"22":28,"23":404,"24":98,"25":0,"26":0,"27":0,"28":0,"29":0,"30":0,"31":0,"32":1414,"33":1414,"34":1818,"35":36,"36":32,"37":2,"38":2,"39":1,"40":2,"41":0},"f":{"0":0,"1":28,"2":810,"3":4,"4":8,"5":98,"6":9898,"7":404,"8":98,"9":0,"10":0,"11":1414,"12":1818,"13":36,"14":32,"15":2,"16":1,"17":0},"b":{"0":[202,608],"1":[202,0],"2":[98,9800],"3":[9898,4592],"4":[0,0],"5":[0,0],"6":[14,1400]},"_coverageSchema":"1a1c01bbd47fc00a2c39e90264f33305004495a9","hash":"879579d87e417a3af9c2fdcc1eec1b490f8a111f"}
,"F:\\Content\\Work\\Yale\\EGC\\WorkInData\\gender_gap\\app\\dashboard\\regression_select.tsx": {"path":"F:\\Content\\Work\\Yale\\EGC\\WorkInData\\gender_gap\\app\\dashboard\\regression_select.tsx","statementMap":{"0":{"start":{"line":5,"column":2},"end":{"line":30,"column":3}},"1":{"start":{"line":13,"column":10},"end":{"line":13,"column":74}}},"fnMap":{"0":{"name":"RegressionSelect","decl":{"start":{"line":4,"column":16},"end":{"line":4,"column":32}},"loc":{"start":{"line":4,"column":117},"end":{"line":31,"column":1}},"line":4},"1":{"name":"(anonymous_1)","decl":{"start":{"line":12,"column":18},"end":{"line":12,"column":19}},"loc":{"start":{"line":12,"column":23},"end":{"line":14,"column":9}},"line":12}},"branchMap":{},"s":{"0":28,"1":0},"f":{"0":28,"1":0},"b":{},"_coverageSchema":"1a1c01bbd47fc00a2c39e90264f33305004495a9","hash":"819613d520a2ea1c4a1515a43969dfbd43f35d2e"}
,"F:\\Content\\Work\\Yale\\EGC\\WorkInData\\gender_gap\\app\\dashboard\\view_menu_advanced.tsx": {"path":"F:\\Content\\Work\\Yale\\EGC\\WorkInData\\gender_gap\\app\\dashboard\\view_menu_advanced.tsx","statementMap":{"0":{"start":{"line":25,"column":19},"end":{"line":25,"column":55}},"1":{"start":{"line":26,"column":15},"end":{"line":26,"column":49}},"2":{"start":{"line":27,"column":19},"end":{"line":27,"column":48}},"3":{"start":{"line":28,"column":24},"end":{"line":28,"column":55}},"4":{"start":{"line":30,"column":19},"end":{"line":40,"column":34}},"5":{"start":{"line":31,"column":14},"end":{"line":31,"column":27}},"6":{"start":{"line":32,"column":4},"end":{"line":38,"column":6}},"7":{"start":{"line":33,"column":29},"end":{"line":33,"column":55}},"8":{"start":{"line":34,"column":6},"end":{"line":37,"column":7}},"9":{"start":{"line":35,"column":8},"end":{"line":35,"column":24}},"10":{"start":{"line":36,"column":8},"end":{"line":36,"column":29}},"11":{"start":{"line":39,"column":4},"end":{"line":39,"column":12}},"12":{"start":{"line":41,"column":23},"end":{"line":68,"column":28}},"13":{"start":{"line":42,"column":4},"end":{"line":67,"column":5}},"14":{"start":{"line":63,"column":8},"end":{"line":65,"column":19}},"15":{"start":{"line":69,"column":22},"end":{"line":78,"column":4}},"16":{"start":{"line":70,"column":17},"end":{"line":70,"column":40}},"17":{"start":{"line":71,"column":4},"end":{"line":77,"column":5}},"18":{"start":{"line":79,"column":2},"end":{"line":321,"column":3}},"19":{"start":{"line":91,"column":32},"end":{"line":91,"column":46}},"20":{"start":{"line":92,"column":18},"end":{"line":94,"column":19}},"21":{"start":{"line":93,"column":20},"end":{"line":93,"column":55}},"22":{"start":{"line":95,"column":18},"end":{"line":98,"column":20}},"23":{"start":{"line":97,"column":51},"end":{"line":97,"column":67}},"24":{"start":{"line":104,"column":56},"end":{"line":104,"column":91}},"25":{"start":{"line":115,"column":34},"end":{"line":115,"column":48}},"26":{"start":{"line":116,"column":20},"end":{"line":118,"column":21}},"27":{"start":{"line":117,"column":22},"end":{"line":117,"column":57}},"28":{"start":{"line":119,"column":20},"end":{"line":122,"column":22}},"29":{"start":{"line":121,"column":53},"end":{"line":121,"column":69}},"30":{"start":{"line":128,"column":58},"end":{"line":128,"column":93}},"31":{"start":{"line":136,"column":14},"end":{"line":136,"column":49}},"32":{"start":{"line":137,"column":14},"end":{"line":137,"column":49}},"33":{"start":{"line":155,"column":34},"end":{"line":155,"column":54}},"34":{"start":{"line":156,"column":20},"end":{"line":164,"column":21}},"35":{"start":{"line":157,"column":22},"end":{"line":157,"column":72}},"36":{"start":{"line":159,"column":22},"end":{"line":163,"column":23}},"37":{"start":{"line":160,"column":24},"end":{"line":160,"column":95}},"38":{"start":{"line":160,"column":51},"end":{"line":160,"column":95}},"39":{"start":{"line":162,"column":24},"end":{"line":162,"column":77}},"40":{"start":{"line":162,"column":41},"end":{"line":162,"column":77}},"41":{"start":{"line":165,"column":20},"end":{"line":165,"column":51}},"42":{"start":{"line":168,"column":44},"end":{"line":168,"column":60}},"43":{"start":{"line":186,"column":34},"end":{"line":186,"column":54}},"44":{"start":{"line":187,"column":20},"end":{"line":189,"column":106}},"45":{"start":{"line":188,"column":22},"end":{"line":188,"column":72}},"46":{"start":{"line":189,"column":27},"end":{"line":189,"column":106}},"47":{"start":{"line":189,"column":62},"end":{"line":189,"column":106}},"48":{"start":{"line":190,"column":20},"end":{"line":190,"column":52}},"49":{"start":{"line":193,"column":44},"end":{"line":193,"column":83}},"50":{"start":{"line":209,"column":30},"end":{"line":209,"column":50}},"51":{"start":{"line":210,"column":16},"end":{"line":214,"column":17}},"52":{"start":{"line":211,"column":18},"end":{"line":211,"column":68}},"53":{"start":{"line":212,"column":23},"end":{"line":214,"column":17}},"54":{"start":{"line":213,"column":18},"end":{"line":213,"column":67}},"55":{"start":{"line":215,"column":16},"end":{"line":215,"column":50}},"56":{"start":{"line":228,"column":30},"end":{"line":228,"column":50}},"57":{"start":{"line":229,"column":16},"end":{"line":233,"column":17}},"58":{"start":{"line":230,"column":18},"end":{"line":230,"column":68}},"59":{"start":{"line":231,"column":23},"end":{"line":233,"column":17}},"60":{"start":{"line":232,"column":18},"end":{"line":232,"column":67}},"61":{"start":{"line":234,"column":16},"end":{"line":234,"column":50}},"62":{"start":{"line":244,"column":12},"end":{"line":244,"column":61}},"63":{"start":{"line":245,"column":12},"end":{"line":245,"column":61}},"64":{"start":{"line":270,"column":14},"end":{"line":270,"column":74}},"65":{"start":{"line":294,"column":32},"end":{"line":294,"column":90}},"66":{"start":{"line":306,"column":30},"end":{"line":306,"column":92}},"67":{"start":{"line":316,"column":62},"end":{"line":316,"column":116}}},"fnMap":{"0":{"name":"AdvancedMenu","decl":{"start":{"line":24,"column":16},"end":{"line":24,"column":28}},"loc":{"start":{"line":24,"column":31},"end":{"line":322,"column":1}},"line":24},"1":{"name":"(anonymous_1)","decl":{"start":{"line":30,"column":27},"end":{"line":30,"column":28}},"loc":{"start":{"line":30,"column":33},"end":{"line":40,"column":3}},"line":30},"2":{"name":"(anonymous_2)","decl":{"start":{"line":32,"column":28},"end":{"line":32,"column":29}},"loc":{"start":{"line":32,"column":41},"end":{"line":38,"column":5}},"line":32},"3":{"name":"(anonymous_3)","decl":{"start":{"line":41,"column":31},"end":{"line":41,"column":32}},"loc":{"start":{"line":41,"column":37},"end":{"line":68,"column":3}},"line":41},"4":{"name":"(anonymous_4)","decl":{"start":{"line":62,"column":47},"end":{"line":62,"column":48}},"loc":{"start":{"line":63,"column":8},"end":{"line":65,"column":19}},"line":63},"5":{"name":"(anonymous_5)","decl":{"start":{"line":69,"column":40},"end":{"line":69,"column":41}},"loc":{"start":{"line":69,"column":53},"end":{"line":78,"column":3}},"line":69},"6":{"name":"(anonymous_6)","decl":{"start":{"line":90,"column":26},"end":{"line":90,"column":27}},"loc":{"start":{"line":90,"column":31},"end":{"line":99,"column":17}},"line":90},"7":{"name":"(anonymous_7)","decl":{"start":{"line":97,"column":46},"end":{"line":97,"column":47}},"loc":{"start":{"line":97,"column":51},"end":{"line":97,"column":67}},"line":97},"8":{"name":"(anonymous_8)","decl":{"start":{"line":104,"column":50},"end":{"line":104,"column":51}},"loc":{"start":{"line":104,"column":56},"end":{"line":104,"column":91}},"line":104},"9":{"name":"(anonymous_9)","decl":{"start":{"line":114,"column":28},"end":{"line":114,"column":29}},"loc":{"start":{"line":114,"column":33},"end":{"line":123,"column":19}},"line":114},"10":{"name":"(anonymous_10)","decl":{"start":{"line":121,"column":48},"end":{"line":121,"column":49}},"loc":{"start":{"line":121,"column":53},"end":{"line":121,"column":69}},"line":121},"11":{"name":"(anonymous_11)","decl":{"start":{"line":128,"column":52},"end":{"line":128,"column":53}},"loc":{"start":{"line":128,"column":58},"end":{"line":128,"column":93}},"line":128},"12":{"name":"(anonymous_12)","decl":{"start":{"line":135,"column":21},"end":{"line":135,"column":22}},"loc":{"start":{"line":135,"column":27},"end":{"line":138,"column":13}},"line":135},"13":{"name":"(anonymous_13)","decl":{"start":{"line":154,"column":28},"end":{"line":154,"column":29}},"loc":{"start":{"line":154,"column":33},"end":{"line":166,"column":19}},"line":154},"14":{"name":"(anonymous_14)","decl":{"start":{"line":168,"column":39},"end":{"line":168,"column":40}},"loc":{"start":{"line":168,"column":44},"end":{"line":168,"column":60}},"line":168},"15":{"name":"(anonymous_15)","decl":{"start":{"line":185,"column":28},"end":{"line":185,"column":29}},"loc":{"start":{"line":185,"column":33},"end":{"line":191,"column":19}},"line":185},"16":{"name":"(anonymous_16)","decl":{"start":{"line":193,"column":39},"end":{"line":193,"column":40}},"loc":{"start":{"line":193,"column":44},"end":{"line":193,"column":83}},"line":193},"17":{"name":"(anonymous_17)","decl":{"start":{"line":208,"column":24},"end":{"line":208,"column":25}},"loc":{"start":{"line":208,"column":29},"end":{"line":216,"column":15}},"line":208},"18":{"name":"(anonymous_18)","decl":{"start":{"line":227,"column":24},"end":{"line":227,"column":25}},"loc":{"start":{"line":227,"column":29},"end":{"line":235,"column":15}},"line":227},"19":{"name":"(anonymous_19)","decl":{"start":{"line":243,"column":19},"end":{"line":243,"column":20}},"loc":{"start":{"line":243,"column":25},"end":{"line":246,"column":11}},"line":243},"20":{"name":"(anonymous_20)","decl":{"start":{"line":269,"column":22},"end":{"line":269,"column":23}},"loc":{"start":{"line":269,"column":27},"end":{"line":271,"column":13}},"line":269},"21":{"name":"(anonymous_21)","decl":{"start":{"line":294,"column":26},"end":{"line":294,"column":27}},"loc":{"start":{"line":294,"column":32},"end":{"line":294,"column":90}},"line":294},"22":{"name":"(anonymous_22)","decl":{"start":{"line":306,"column":24},"end":{"line":306,"column":25}},"loc":{"start":{"line":306,"column":30},"end":{"line":306,"column":92}},"line":306},"23":{"name":"(anonymous_23)","decl":{"start":{"line":316,"column":56},"end":{"line":316,"column":57}},"loc":{"start":{"line":316,"column":62},"end":{"line":316,"column":116}},"line":316}},"branchMap":{"0":{"loc":{"start":{"line":34,"column":6},"end":{"line":37,"column":7}},"type":"if","locations":[{"start":{"line":34,"column":6},"end":{"line":37,"column":7}},{"start":{},"end":{}}],"line":34},"1":{"loc":{"start":{"line":64,"column":11},"end":{"line":64,"column":55}},"type":"cond-expr","locations":[{"start":{"line":64,"column":20},"end":{"line":64,"column":46}},{"start":{"line":64,"column":49},"end":{"line":64,"column":55}}],"line":64},"2":{"loc":{"start":{"line":73,"column":37},"end":{"line":73,"column":79}},"type":"cond-expr","locations":[{"start":{"line":73,"column":53},"end":{"line":73,"column":66}},{"start":{"line":73,"column":69},"end":{"line":73,"column":79}}],"line":73},"3":{"loc":{"start":{"line":82,"column":39},"end":{"line":82,"column":82}},"type":"cond-expr","locations":[{"start":{"line":82,"column":54},"end":{"line":82,"column":73}},{"start":{"line":82,"column":76},"end":{"line":82,"column":82}}],"line":82},"4":{"loc":{"start":{"line":85,"column":41},"end":{"line":85,"column":74}},"type":"cond-expr","locations":[{"start":{"line":85,"column":56},"end":{"line":85,"column":64}},{"start":{"line":85,"column":67},"end":{"line":85,"column":74}}],"line":85},"5":{"loc":{"start":{"line":88,"column":23},"end":{"line":88,"column":56}},"type":"cond-expr","locations":[{"start":{"line":88,"column":38},"end":{"line":88,"column":46}},{"start":{"line":88,"column":49},"end":{"line":88,"column":56}}],"line":88},"6":{"loc":{"start":{"line":92,"column":18},"end":{"line":94,"column":19}},"type":"if","locations":[{"start":{"line":92,"column":18},"end":{"line":94,"column":19}},{"start":{},"end":{}}],"line":92},"7":{"loc":{"start":{"line":97,"column":27},"end":{"line":97,"column":88}},"type":"binary-expr","locations":[{"start":{"line":97,"column":27},"end":{"line":97,"column":68}},{"start":{"line":97,"column":72},"end":{"line":97,"column":88}}],"line":97},"8":{"loc":{"start":{"line":106,"column":11},"end":{"line":130,"column":11}},"type":"binary-expr","locations":[{"start":{"line":106,"column":11},"end":{"line":106,"column":23}},{"start":{"line":107,"column":12},"end":{"line":129,"column":20}}],"line":106},"9":{"loc":{"start":{"line":116,"column":20},"end":{"line":118,"column":21}},"type":"if","locations":[{"start":{"line":116,"column":20},"end":{"line":118,"column":21}},{"start":{},"end":{}}],"line":116},"10":{"loc":{"start":{"line":121,"column":29},"end":{"line":121,"column":90}},"type":"binary-expr","locations":[{"start":{"line":121,"column":29},"end":{"line":121,"column":70}},{"start":{"line":121,"column":74},"end":{"line":121,"column":90}}],"line":121},"11":{"loc":{"start":{"line":132,"column":9},"end":{"line":142,"column":9}},"type":"binary-expr","locations":[{"start":{"line":132,"column":9},"end":{"line":132,"column":21}},{"start":{"line":133,"column":10},"end":{"line":141,"column":23}}],"line":132},"12":{"loc":{"start":{"line":144,"column":7},"end":{"line":199,"column":7}},"type":"binary-expr","locations":[{"start":{"line":144,"column":7},"end":{"line":144,"column":19}},{"start":{"line":145,"column":8},"end":{"line":198,"column":16}}],"line":144},"13":{"loc":{"start":{"line":148,"column":71},"end":{"line":148,"column":115}},"type":"cond-expr","locations":[{"start":{"line":148,"column":98},"end":{"line":148,"column":110}},{"start":{"line":148,"column":113},"end":{"line":148,"column":115}}],"line":148},"14":{"loc":{"start":{"line":155,"column":34},"end":{"line":155,"column":54}},"type":"binary-expr","locations":[{"start":{"line":155,"column":34},"end":{"line":155,"column":48}},{"start":{"line":155,"column":52},"end":{"line":155,"column":54}}],"line":155},"15":{"loc":{"start":{"line":156,"column":20},"end":{"line":164,"column":21}},"type":"if","locations":[{"start":{"line":156,"column":20},"end":{"line":164,"column":21}},{"start":{"line":158,"column":27},"end":{"line":164,"column":21}}],"line":156},"16":{"loc":{"start":{"line":156,"column":24},"end":{"line":156,"column":68}},"type":"binary-expr","locations":[{"start":{"line":156,"column":24},"end":{"line":156,"column":35}},{"start":{"line":156,"column":39},"end":{"line":156,"column":68}}],"line":156},"17":{"loc":{"start":{"line":159,"column":22},"end":{"line":163,"column":23}},"type":"if","locations":[{"start":{"line":159,"column":22},"end":{"line":163,"column":23}},{"start":{"line":161,"column":29},"end":{"line":163,"column":23}}],"line":159},"18":{"loc":{"start":{"line":160,"column":24},"end":{"line":160,"column":95}},"type":"if","locations":[{"start":{"line":160,"column":24},"end":{"line":160,"column":95}},{"start":{},"end":{}}],"line":160},"19":{"loc":{"start":{"line":162,"column":24},"end":{"line":162,"column":77}},"type":"if","locations":[{"start":{"line":162,"column":24},"end":{"line":162,"column":77}},{"start":{},"end":{}}],"line":162},"20":{"loc":{"start":{"line":172,"column":13},"end":{"line":172,"column":105}},"type":"binary-expr","locations":[{"start":{"line":172,"column":13},"end":{"line":172,"column":37}},{"start":{"line":172,"column":41},"end":{"line":172,"column":105}}],"line":172},"21":{"loc":{"start":{"line":174,"column":11},"end":{"line":197,"column":11}},"type":"binary-expr","locations":[{"start":{"line":174,"column":11},"end":{"line":174,"column":21}},{"start":{"line":175,"column":12},"end":{"line":196,"column":22}}],"line":174},"22":{"loc":{"start":{"line":186,"column":34},"end":{"line":186,"column":54}},"type":"binary-expr","locations":[{"start":{"line":186,"column":34},"end":{"line":186,"column":48}},{"start":{"line":186,"column":52},"end":{"line":186,"column":54}}],"line":186},"23":{"loc":{"start":{"line":187,"column":20},"end":{"line":189,"column":106}},"type":"if","locations":[{"start":{"line":187,"column":20},"end":{"line":189,"column":106}},{"start":{"line":189,"column":27},"end":{"line":189,"column":106}}],"line":187},"24":{"loc":{"start":{"line":187,"column":24},"end":{"line":187,"column":68}},"type":"binary-expr","locations":[{"start":{"line":187,"column":24},"end":{"line":187,"column":35}},{"start":{"line":187,"column":39},"end":{"line":187,"column":68}}],"line":187},"25":{"loc":{"start":{"line":189,"column":27},"end":{"line":189,"column":106}},"type":"if","locations":[{"start":{"line":189,"column":27},"end":{"line":189,"column":106}},{"start":{},"end":{}}],"line":189},"26":{"loc":{"start":{"line":189,"column":31},"end":{"line":189,"column":60}},"type":"binary-expr","locations":[{"start":{"line":189,"column":31},"end":{"line":189,"column":36}},{"start":{"line":189,"column":40},"end":{"line":189,"column":60}}],"line":189},"27":{"loc":{"start":{"line":193,"column":44},"end":{"line":193,"column":83}},"type":"binary-expr","locations":[{"start":{"line":193,"column":44},"end":{"line":193,"column":60}},{"start":{"line":193,"column":64},"end":{"line":193,"column":83}}],"line":193},"28":{"loc":{"start":{"line":209,"column":30},"end":{"line":209,"column":50}},"type":"binary-expr","locations":[{"start":{"line":209,"column":30},"end":{"line":209,"column":44}},{"start":{"line":209,"column":48},"end":{"line":209,"column":50}}],"line":209},"29":{"loc":{"start":{"line":210,"column":16},"end":{"line":214,"column":17}},"type":"if","locations":[{"start":{"line":210,"column":16},"end":{"line":214,"column":17}},{"start":{"line":212,"column":23},"end":{"line":214,"column":17}}],"line":210},"30":{"loc":{"start":{"line":210,"column":20},"end":{"line":210,"column":64}},"type":"binary-expr","locations":[{"start":{"line":210,"column":20},"end":{"line":210,"column":31}},{"start":{"line":210,"column":35},"end":{"line":210,"column":64}}],"line":210},"31":{"loc":{"start":{"line":212,"column":23},"end":{"line":214,"column":17}},"type":"if","locations":[{"start":{"line":212,"column":23},"end":{"line":214,"column":17}},{"start":{},"end":{}}],"line":212},"32":{"loc":{"start":{"line":212,"column":27},"end":{"line":212,"column":59}},"type":"binary-expr","locations":[{"start":{"line":212,"column":27},"end":{"line":212,"column":32}},{"start":{"line":212,"column":36},"end":{"line":212,"column":59}}],"line":212},"33":{"loc":{"start":{"line":228,"column":30},"end":{"line":228,"column":50}},"type":"binary-expr","locations":[{"start":{"line":228,"column":30},"end":{"line":228,"column":44}},{"start":{"line":228,"column":48},"end":{"line":228,"column":50}}],"line":228},"34":{"loc":{"start":{"line":229,"column":16},"end":{"line":233,"column":17}},"type":"if","locations":[{"start":{"line":229,"column":16},"end":{"line":233,"column":17}},{"start":{"line":231,"column":23},"end":{"line":233,"column":17}}],"line":229},"35":{"loc":{"start":{"line":229,"column":20},"end":{"line":229,"column":64}},"type":"binary-expr","locations":[{"start":{"line":229,"column":20},"end":{"line":229,"column":31}},{"start":{"line":229,"column":35},"end":{"line":229,"column":64}}],"line":229},"36":{"loc":{"start":{"line":231,"column":23},"end":{"line":233,"column":17}},"type":"if","locations":[{"start":{"line":231,"column":23},"end":{"line":233,"column":17}},{"start":{},"end":{}}],"line":231},"37":{"loc":{"start":{"line":231,"column":27},"end":{"line":231,"column":59}},"type":"binary-expr","locations":[{"start":{"line":231,"column":27},"end":{"line":231,"column":32}},{"start":{"line":231,"column":36},"end":{"line":231,"column":59}}],"line":231},"38":{"loc":{"start":{"line":264,"column":14},"end":{"line":267,"column":29}},"type":"cond-expr","locations":[{"start":{"line":264,"column":29},"end":{"line":264,"column":42}},{"start":{"line":265,"column":16},"end":{"line":267,"column":29}}],"line":264},"39":{"loc":{"start":{"line":265,"column":16},"end":{"line":267,"column":29}},"type":"cond-expr","locations":[{"start":{"line":266,"column":16},"end":{"line":266,"column":22}},{"start":{"line":267,"column":16},"end":{"line":267,"column":29}}],"line":265},"40":{"loc":{"start":{"line":286,"column":7},"end":{"line":298,"column":9}},"type":"binary-expr","locations":[{"start":{"line":286,"column":8},"end":{"line":286,"column":21}},{"start":{"line":286,"column":25},"end":{"line":286,"column":38}},{"start":{"line":287,"column":10},"end":{"line":287,"column":33}},{"start":{"line":287,"column":37},"end":{"line":287,"column":51}},{"start":{"line":287,"column":57},"end":{"line":287,"column":80}},{"start":{"line":287,"column":84},"end":{"line":287,"column":98}},{"start":{"line":288,"column":10},"end":{"line":297,"column":12}}],"line":286},"41":{"loc":{"start":{"line":299,"column":7},"end":{"line":310,"column":7}},"type":"binary-expr","locations":[{"start":{"line":299,"column":7},"end":{"line":299,"column":19}},{"start":{"line":299,"column":23},"end":{"line":299,"column":46}},{"start":{"line":299,"column":51},"end":{"line":299,"column":75}},{"start":{"line":299,"column":79},"end":{"line":299,"column":104}},{"start":{"line":300,"column":8},"end":{"line":309,"column":10}}],"line":299},"42":{"loc":{"start":{"line":311,"column":7},"end":{"line":319,"column":7}},"type":"binary-expr","locations":[{"start":{"line":311,"column":7},"end":{"line":311,"column":19}},{"start":{"line":311,"column":24},"end":{"line":311,"column":37}},{"start":{"line":311,"column":41},"end":{"line":311,"column":54}},{"start":{"line":312,"column":8},"end":{"line":318,"column":10}}],"line":311}},"s":{"0":14,"1":14,"2":14,"3":14,"4":14,"5":10,"6":10,"7":40,"8":40,"9":6,"10":6,"11":10,"12":14,"13":2,"14":10,"15":14,"16":112,"17":112,"18":14,"19":0,"20":0,"21":0,"22":0,"23":0,"24":0,"25":0,"26":0,"27":0,"28":0,"29":0,"30":0,"31":0,"32":0,"33":0,"34":0,"35":0,"36":0,"37":0,"38":0,"39":0,"40":0,"41":0,"42":168,"43":1,"44":1,"45":0,"46":1,"47":0,"48":1,"49":168,"50":2,"51":2,"52":0,"53":2,"54":0,"55":2,"56":1,"57":1,"58":1,"59":0,"60":0,"61":1,"62":0,"63":0,"64":0,"65":0,"66":0,"67":0},"f":{"0":14,"1":10,"2":40,"3":2,"4":10,"5":112,"6":0,"7":0,"8":0,"9":0,"10":0,"11":0,"12":0,"13":0,"14":168,"15":1,"16":168,"17":2,"18":1,"19":0,"20":0,"21":0,"22":0,"23":0},"b":{"0":[6,34],"1":[10,0],"2":[112,0],"3":[14,0],"4":[14,0],"5":[14,0],"6":[0,0],"7":[0,0],"8":[14,14],"9":[0,0],"10":[0,0],"11":[14,14],"12":[14,14],"13":[14,0],"14":[0,0],"15":[0,0],"16":[0,0],"17":[0,0],"18":[0,0],"19":[0,0],"20":[14,14],"21":[14,14],"22":[1,0],"23":[0,1],"24":[1,0],"25":[0,1],"26":[1,1],"27":[168,154],"28":[2,0],"29":[0,2],"30":[2,1],"31":[0,2],"32":[2,2],"33":[1,0],"34":[1,0],"35":[1,1],"36":[0,0],"37":[0,0],"38":[14,0],"39":[0,0],"40":[14,10,6,0,6,6,6],"41":[14,14,0,0,0],"42":[14,14,10,6]},"_coverageSchema":"1a1c01bbd47fc00a2c39e90264f33305004495a9","hash":"84204aab5e2da0187dea64e866c5ca735be6b169"}
,"F:\\Content\\Work\\Yale\\EGC\\WorkInData\\gender_gap\\app\\dashboard\\view_menu_basic.tsx": {"path":"F:\\Content\\Work\\Yale\\EGC\\WorkInData\\gender_gap\\app\\dashboard\\view_menu_basic.tsx","statementMap":{"0":{"start":{"line":10,"column":20},"end":{"line":16,"column":1}},"1":{"start":{"line":18,"column":21},"end":{"line":25,"column":2}},"2":{"start":{"line":19,"column":18},"end":{"line":19,"column":42}},"3":{"start":{"line":20,"column":2},"end":{"line":24,"column":3}},"4":{"start":{"line":28,"column":19},"end":{"line":28,"column":55}},"5":{"start":{"line":29,"column":15},"end":{"line":29,"column":49}},"6":{"start":{"line":30,"column":19},"end":{"line":30,"column":48}},"7":{"start":{"line":32,"column":21},"end":{"line":51,"column":3}},"8":{"start":{"line":33,"column":10},"end":{"line":49,"column":5}},"9":{"start":{"line":36,"column":28},"end":{"line":36,"column":47}},"10":{"start":{"line":38,"column":10},"end":{"line":40,"column":21}},"11":{"start":{"line":52,"column":21},"end":{"line":60,"column":3}},"12":{"start":{"line":54,"column":6},"end":{"line":58,"column":8}},"13":{"start":{"line":55,"column":8},"end":{"line":57,"column":19}},"14":{"start":{"line":61,"column":23},"end":{"line":69,"column":3}},"15":{"start":{"line":63,"column":6},"end":{"line":67,"column":8}},"16":{"start":{"line":64,"column":8},"end":{"line":66,"column":19}},"17":{"start":{"line":71,"column":2},"end":{"line":171,"column":3}},"18":{"start":{"line":81,"column":26},"end":{"line":81,"column":58}},"19":{"start":{"line":82,"column":12},"end":{"line":82,"column":34}},"20":{"start":{"line":83,"column":12},"end":{"line":83,"column":87}},"21":{"start":{"line":84,"column":12},"end":{"line":84,"column":68}},"22":{"start":{"line":85,"column":12},"end":{"line":85,"column":47}},"23":{"start":{"line":98,"column":25},"end":{"line":98,"column":63}},"24":{"start":{"line":99,"column":12},"end":{"line":99,"column":34}},"25":{"start":{"line":100,"column":12},"end":{"line":100,"column":98}},"26":{"start":{"line":101,"column":12},"end":{"line":101,"column":84}},"27":{"start":{"line":102,"column":12},"end":{"line":102,"column":47}},"28":{"start":{"line":118,"column":16},"end":{"line":118,"column":96}},"29":{"start":{"line":138,"column":29},"end":{"line":138,"column":79}},"30":{"start":{"line":156,"column":16},"end":{"line":156,"column":76}}},"fnMap":{"0":{"name":"(anonymous_0)","decl":{"start":{"line":18,"column":50},"end":{"line":18,"column":51}},"loc":{"start":{"line":18,"column":55},"end":{"line":25,"column":1}},"line":18},"1":{"name":"BasicMenu","decl":{"start":{"line":27,"column":16},"end":{"line":27,"column":25}},"loc":{"start":{"line":27,"column":56},"end":{"line":172,"column":1}},"line":27},"2":{"name":"(anonymous_2)","decl":{"start":{"line":33,"column":4},"end":{"line":33,"column":5}},"loc":{"start":{"line":33,"column":10},"end":{"line":49,"column":5}},"line":33},"3":{"name":"(anonymous_3)","decl":{"start":{"line":36,"column":16},"end":{"line":36,"column":17}},"loc":{"start":{"line":36,"column":28},"end":{"line":36,"column":47}},"line":36},"4":{"name":"(anonymous_4)","decl":{"start":{"line":37,"column":13},"end":{"line":37,"column":14}},"loc":{"start":{"line":38,"column":10},"end":{"line":40,"column":21}},"line":38},"5":{"name":"(anonymous_5)","decl":{"start":{"line":53,"column":4},"end":{"line":53,"column":5}},"loc":{"start":{"line":54,"column":6},"end":{"line":58,"column":8}},"line":54},"6":{"name":"(anonymous_6)","decl":{"start":{"line":54,"column":36},"end":{"line":54,"column":37}},"loc":{"start":{"line":55,"column":8},"end":{"line":57,"column":19}},"line":55},"7":{"name":"(anonymous_7)","decl":{"start":{"line":62,"column":4},"end":{"line":62,"column":5}},"loc":{"start":{"line":63,"column":6},"end":{"line":67,"column":8}},"line":63},"8":{"name":"(anonymous_8)","decl":{"start":{"line":63,"column":53},"end":{"line":63,"column":54}},"loc":{"start":{"line":64,"column":8},"end":{"line":66,"column":19}},"line":64},"9":{"name":"(anonymous_9)","decl":{"start":{"line":80,"column":20},"end":{"line":80,"column":21}},"loc":{"start":{"line":80,"column":25},"end":{"line":86,"column":11}},"line":80},"10":{"name":"(anonymous_10)","decl":{"start":{"line":97,"column":20},"end":{"line":97,"column":21}},"loc":{"start":{"line":97,"column":25},"end":{"line":103,"column":11}},"line":97},"11":{"name":"(anonymous_11)","decl":{"start":{"line":117,"column":24},"end":{"line":117,"column":25}},"loc":{"start":{"line":117,"column":29},"end":{"line":119,"column":15}},"line":117},"12":{"name":"(anonymous_12)","decl":{"start":{"line":138,"column":24},"end":{"line":138,"column":25}},"loc":{"start":{"line":138,"column":29},"end":{"line":138,"column":79}},"line":138},"13":{"name":"(anonymous_13)","decl":{"start":{"line":155,"column":24},"end":{"line":155,"column":25}},"loc":{"start":{"line":155,"column":29},"end":{"line":157,"column":15}},"line":155}},"branchMap":{"0":{"loc":{"start":{"line":65,"column":11},"end":{"line":65,"column":71}},"type":"cond-expr","locations":[{"start":{"line":65,"column":36},"end":{"line":65,"column":62}},{"start":{"line":65,"column":65},"end":{"line":65,"column":71}}],"line":65},"1":{"loc":{"start":{"line":108,"column":7},"end":{"line":128,"column":7}},"type":"binary-expr","locations":[{"start":{"line":108,"column":7},"end":{"line":108,"column":19}},{"start":{"line":109,"column":8},"end":{"line":127,"column":11}}],"line":108},"2":{"loc":{"start":{"line":116,"column":36},"end":{"line":116,"column":76}},"type":"cond-expr","locations":[{"start":{"line":116,"column":61},"end":{"line":116,"column":63}},{"start":{"line":116,"column":66},"end":{"line":116,"column":76}}],"line":116},"3":{"loc":{"start":{"line":129,"column":7},"end":{"line":169,"column":7}},"type":"binary-expr","locations":[{"start":{"line":129,"column":7},"end":{"line":129,"column":14}},{"start":{"line":130,"column":8},"end":{"line":168,"column":11}}],"line":129},"4":{"loc":{"start":{"line":131,"column":49},"end":{"line":131,"column":69}},"type":"cond-expr","locations":[{"start":{"line":131,"column":64},"end":{"line":131,"column":65}},{"start":{"line":131,"column":68},"end":{"line":131,"column":69}}],"line":131},"5":{"loc":{"start":{"line":143,"column":49},"end":{"line":143,"column":69}},"type":"cond-expr","locations":[{"start":{"line":143,"column":64},"end":{"line":143,"column":65}},{"start":{"line":143,"column":68},"end":{"line":143,"column":69}}],"line":143},"6":{"loc":{"start":{"line":150,"column":16},"end":{"line":153,"column":31}},"type":"cond-expr","locations":[{"start":{"line":150,"column":31},"end":{"line":150,"column":44}},{"start":{"line":151,"column":18},"end":{"line":153,"column":31}}],"line":150},"7":{"loc":{"start":{"line":151,"column":18},"end":{"line":153,"column":31}},"type":"cond-expr","locations":[{"start":{"line":152,"column":18},"end":{"line":152,"column":24}},{"start":{"line":153,"column":18},"end":{"line":153,"column":31}}],"line":151}},"s":{"0":2,"1":2,"2":10,"3":10,"4":14,"5":14,"6":14,"7":14,"8":4,"9":28,"10":20,"11":14,"12":4,"13":24,"14":14,"15":4,"16":24,"17":14,"18":1,"19":1,"20":1,"21":1,"22":1,"23":1,"24":1,"25":1,"26":1,"27":1,"28":1,"29":1,"30":1},"f":{"0":10,"1":14,"2":4,"3":28,"4":20,"5":4,"6":24,"7":4,"8":24,"9":1,"10":1,"11":1,"12":1,"13":1},"b":{"0":[20,4],"1":[14,14],"2":[0,14],"3":[14,14],"4":[14,0],"5":[14,0],"6":[14,0],"7":[0,0]},"_coverageSchema":"1a1c01bbd47fc00a2c39e90264f33305004495a9","hash":"b775128e91f4e5617eefaaf2e266b9db3e090e4a"}
,"F:\\Content\\Work\\Yale\\EGC\\WorkInData\\gender_gap\\app\\data\\display.tsx": {"path":"F:\\Content\\Work\\Yale\\EGC\\WorkInData\\gender_gap\\app\\data\\display.tsx","statementMap":{"0":{"start":{"line":11,"column":2},"end":{"line":17,"column":3}},"1":{"start":{"line":21,"column":15},"end":{"line":21,"column":51}},"2":{"start":{"line":22,"column":15},"end":{"line":22,"column":49}},"3":{"start":{"line":23,"column":19},"end":{"line":23,"column":46}},"4":{"start":{"line":24,"column":39},"end":{"line":38,"column":3}},"5":{"start":{"line":26,"column":6},"end":{"line":36,"column":7}},"6":{"start":{"line":40,"column":2},"end":{"line":58,"column":9}}},"fnMap":{"0":{"name":"getColRef","decl":{"start":{"line":10,"column":9},"end":{"line":10,"column":18}},"loc":{"start":{"line":10,"column":70},"end":{"line":18,"column":1}},"line":10},"1":{"name":"DataDisplay","decl":{"start":{"line":20,"column":16},"end":{"line":20,"column":27}},"loc":{"start":{"line":20,"column":63},"end":{"line":59,"column":1}},"line":20},"2":{"name":"(anonymous_2)","decl":{"start":{"line":25,"column":4},"end":{"line":25,"column":5}},"loc":{"start":{"line":26,"column":6},"end":{"line":36,"column":7}},"line":26}},"branchMap":{"0":{"loc":{"start":{"line":12,"column":4},"end":{"line":16,"column":8}},"type":"cond-expr","locations":[{"start":{"line":13,"column":6},"end":{"line":15,"column":11}},{"start":{"line":16,"column":6},"end":{"line":16,"column":8}}],"line":12},"1":{"loc":{"start":{"line":13,"column":6},"end":{"line":15,"column":11}},"type":"cond-expr","locations":[{"start":{"line":14,"column":8},"end":{"line":14,"column":15}},{"start":{"line":15,"column":8},"end":{"line":15,"column":11}}],"line":13},"2":{"loc":{"start":{"line":40,"column":9},"end":{"line":58,"column":9}},"type":"cond-expr","locations":[{"start":{"line":41,"column":6},"end":{"line":41,"column":105}},{"start":{"line":42,"column":6},"end":{"line":58,"column":9}}],"line":40}},"s":{"0":112,"1":28,"2":28,"3":28,"4":28,"5":28,"6":28},"f":{"0":112,"1":28,"2":28},"b":{"0":[48,64],"1":[10,38],"2":[28,0]},"_coverageSchema":"1a1c01bbd47fc00a2c39e
[...]
"start":{"line":172,"column":11},"end":{"line":172,"column":12}},"loc":{"start":{"line":172,"column":17},"end":{"line":177,"column":5}},"line":172},"14":{"name":"(anonymous_14)","decl":{"start":{"line":180,"column":4},"end":{"line":180,"column":5}},"loc":{"start":{"line":180,"column":92},"end":{"line":209,"column":5}},"line":180},"15":{"name":"(anonymous_15)","decl":{"start":{"line":212,"column":12},"end":{"line":212,"column":13}},"loc":{"start":{"line":212,"column":18},"end":{"line":340,"column":3}},"line":212},"16":{"name":"(anonymous_16)","decl":{"start":{"line":223,"column":27},"end":{"line":223,"column":28}},"loc":{"start":{"line":223,"column":32},"end":{"line":226,"column":13}},"line":223},"17":{"name":"(anonymous_17)","decl":{"start":{"line":243,"column":58},"end":{"line":243,"column":59}},"loc":{"start":{"line":243,"column":63},"end":{"line":243,"column":69}},"line":243},"18":{"name":"(anonymous_18)","decl":{"start":{"line":259,"column":32},"end":{"line":259,"column":33}},"loc":{"start":{"line":259,"column":42},"end":{"line":268,"column":15}},"line":259},"19":{"name":"(anonymous_19)","decl":{"start":{"line":264,"column":31},"end":{"line":264,"column":32}},"loc":{"start":{"line":264,"column":46},"end":{"line":264,"column":73}},"line":264},"20":{"name":"(anonymous_20)","decl":{"start":{"line":269,"column":32},"end":{"line":269,"column":33}},"loc":{"start":{"line":269,"column":42},"end":{"line":278,"column":15}},"line":269},"21":{"name":"(anonymous_21)","decl":{"start":{"line":274,"column":31},"end":{"line":274,"column":32}},"loc":{"start":{"line":274,"column":46},"end":{"line":274,"column":73}},"line":274},"22":{"name":"(anonymous_22)","decl":{"start":{"line":305,"column":31},"end":{"line":305,"column":32}},"loc":{"start":{"line":305,"column":67},"end":{"line":321,"column":15}},"line":305},"23":{"name":"(anonymous_23)","decl":{"start":{"line":341,"column":13},"end":{"line":341,"column":14}},"loc":{"start":{"line":341,"column":19},"end":{"line":341,"column":60}},"line":341}},"branchMap":{"0":{"loc":{"start":{"line":22,"column":39},"end":{"line":22,"column":46}},"type":"default-arg","locations":[{"start":{"line":22,"column":45},"end":{"line":22,"column":46}}],"line":22},"1":{"loc":{"start":{"line":24,"column":4},"end":{"line":26,"column":7}},"type":"cond-expr","locations":[{"start":{"line":24,"column":31},"end":{"line":24,"column":40}},{"start":{"line":25,"column":6},"end":{"line":26,"column":7}}],"line":24},"2":{"loc":{"start":{"line":24,"column":4},"end":{"line":24,"column":28}},"type":"binary-expr","locations":[{"start":{"line":24,"column":4},"end":{"line":24,"column":11}},{"start":{"line":24,"column":15},"end":{"line":24,"column":28}}],"line":24},"3":{"loc":{"start":{"line":25,"column":6},"end":{"line":26,"column":7}},"type":"cond-expr","locations":[{"start":{"line":25,"column":18},"end":{"line":25,"column":21}},{"start":{"line":26,"column":6},"end":{"line":26,"column":7}}],"line":25},"4":{"loc":{"start":{"line":28,"column":39},"end":{"line":28,"column":46}},"type":"default-arg","locations":[{"start":{"line":28,"column":45},"end":{"line":28,"column":46}}],"line":28},"5":{"loc":{"start":{"line":32,"column":14},"end":{"line":32,"column":88}},"type":"cond-expr","locations":[{"start":{"line":32,"column":32},"end":{"line":32,"column":33}},{"start":{"line":32,"column":36},"end":{"line":32,"column":88}}],"line":32},"6":{"loc":{"start":{"line":33,"column":2},"end":{"line":39,"column":3}},"type":"if","locations":[{"start":{"line":33,"column":2},"end":{"line":39,"column":3}},{"start":{"line":36,"column":9},"end":{"line":39,"column":3}}],"line":33},"7":{"loc":{"start":{"line":47,"column":2},"end":{"line":47,"column":40}},"type":"if","locations":[{"start":{"line":47,"column":2},"end":{"line":47,"column":40}},{"start":{},"end":{}}],"line":47},"8":{"loc":{"start":{"line":48,"column":2},"end":{"line":48,"column":85}},"type":"if","locations":[{"start":{"line":48,"column":2},"end":{"line":48,"column":85}},{"start":{},"end":{}}],"line":48},"9":{"loc":{"start":{"line":48,"column":6},"end":{"line":48,"column":39}},"type":"binary-expr","locations":[{"start":{"line":48,"column":6},"end":{"line":48,"column":23}},{"start":{"line":48,"column":27},"end":{"line":48,"column":39}}],"line":48},"10":{"loc":{"start":{"line":50,"column":15},"end":{"line":50,"column":32}},"type":"cond-expr","locations":[{"start":{"line":50,"column":27},"end":{"line":50,"column":28}},{"start":{"line":50,"column":31},"end":{"line":50,"column":32}}],"line":50},"11":{"loc":{"start":{"line":52,"column":4},"end":{"line":58,"column":21}},"type":"cond-expr","locations":[{"start":{"line":53,"column":6},"end":{"line":56,"column":37}},{"start":{"line":57,"column":6},"end":{"line":58,"column":21}}],"line":52},"12":{"loc":{"start":{"line":53,"column":6},"end":{"line":56,"column":37}},"type":"cond-expr","locations":[{"start":{"line":53,"column":20},"end":{"line":53,"column":38}},{"start":{"line":54,"column":8},"end":{"line":56,"column":37}}],"line":53},"13":{"loc":{"start":{"line":54,"column":8},"end":{"line":56,"column":37}},"type":"cond-expr","locations":[{"start":{"line":54,"column":22},"end":{"line":54,"column":51}},{"start":{"line":55,"column":8},"end":{"line":56,"column":37}}],"line":54},"14":{"loc":{"start":{"line":55,"column":8},"end":{"line":56,"column":37}},"type":"cond-expr","locations":[{"start":{"line":55,"column":22},"end":{"line":55,"column":51}},{"start":{"line":56,"column":8},"end":{"line":56,"column":37}}],"line":55},"15":{"loc":{"start":{"line":57,"column":6},"end":{"line":58,"column":21}},"type":"cond-expr","locations":[{"start":{"line":57,"column":24},"end":{"line":57,"column":30}},{"start":{"line":58,"column":6},"end":{"line":58,"column":21}}],"line":57},"16":{"loc":{"start":{"line":99,"column":30},"end":{"line":99,"column":91}},"type":"cond-expr","locations":[{"start":{"line":99,"column":71},"end":{"line":99,"column":83}},{"start":{"line":99,"column":86},"end":{"line":99,"column":91}}],"line":99},"17":{"loc":{"start":{"line":106,"column":13},"end":{"line":106,"column":107}},"type":"cond-expr","locations":[{"start":{"line":106,"column":24},"end":{"line":106,"column":87}},{"start":{"line":106,"column":90},"end":{"line":106,"column":107}}],"line":106},"18":{"loc":{"start":{"line":107,"column":12},"end":{"line":107,"column":96}},"type":"cond-expr","locations":[{"start":{"line":107,"column":23},"end":{"line":107,"column":87}},{"start":{"line":107,"column":90},"end":{"line":107,"column":96}}],"line":107},"19":{"loc":{"start":{"line":147,"column":18},"end":{"line":147,"column":38}},"type":"binary-expr","locations":[{"start":{"line":147,"column":18},"end":{"line":147,"column":30}},{"start":{"line":147,"column":34},"end":{"line":147,"column":38}}],"line":147},"20":{"loc":{"start":{"line":152,"column":18},"end":{"line":152,"column":99}},"type":"cond-expr","locations":[{"start":{"line":152,"column":38},"end":{"line":152,"column":92}},{"start":{"line":152,"column":95},"end":{"line":152,"column":99}}],"line":152},"21":{"loc":{"start":{"line":154,"column":6},"end":{"line":162,"column":7}},"type":"if","locations":[{"start":{"line":154,"column":6},"end":{"line":162,"column":7}},{"start":{},"end":{}}],"line":154},"22":{"loc":{"start":{"line":158,"column":8},"end":{"line":161,"column":9}},"type":"if","locations":[{"start":{"line":158,"column":8},"end":{"line":161,"column":9}},{"start":{},"end":{}}],"line":158},"23":{"loc":{"start":{"line":158,"column":12},"end":{"line":158,"column":31}},"type":"binary-expr","locations":[{"start":{"line":158,"column":12},"end":{"line":158,"column":16}},{"start":{"line":158,"column":20},"end":{"line":158,"column":31}}],"line":158},"24":{"loc":{"start":{"line":164,"column":4},"end":{"line":170,"column":8}},"type":"if","locations":[{"start":{"line":164,"column":4},"end":{"line":170,"column":8}},{"start":{},"end":{}}],"line":164},"25":{"loc":{"start":{"line":166,"column":8},"end":{"line":169,"column":9}},"type":"if","locations":[{"start":{"line":166,"column":8},"end":{"line":169,"column":9}},{"start":{},"end":{}}],"line":166},"26":{"loc":{"start":{"line":168,"column":10},"end":{"line":168,"column":86}},"type":"if","locations":[{"start":{"line":168,"column":10},"end":{"line":168,"column":86}},{"start":{},"end":{}}],"line":168},"27":{"loc":{"start":{"line":173,"column":6},"end":{"line":175,"column":7}},"type":"if","locations":[{"start":{"line":173,"column":6},"end":{"line":175,"column":7}},{"start":{},"end":{}}],"line":173},"28":{"loc":{"start":{"line":181,"column":19},"end":{"line":181,"column":85}},"type":"binary-expr","locations":[{"start":{"line":181,"column":19},"end":{"line":181,"column":43}},{"start":{"line":181,"column":47},"end":{"line":181,"column":85}}],"line":181},"29":{"loc":{"start":{"line":184,"column":9},"end":{"line":184,"column":94}},"type":"cond-expr","locations":[{"start":{"line":184,"column":22},"end":{"line":184,"column":89}},{"start":{"line":184,"column":92},"end":{"line":184,"column":94}}],"line":184},"30":{"loc":{"start":{"line":184,"column":32},"end":{"line":184,"column":88}},"type":"cond-expr","locations":[{"start":{"line":184,"column":39},"end":{"line":184,"column":75}},{"start":{"line":184,"column":78},"end":{"line":184,"column":88}}],"line":184},"31":{"loc":{"start":{"line":186,"column":9},"end":{"line":186,"column":103}},"type":"cond-expr","locations":[{"start":{"line":186,"column":16},"end":{"line":186,"column":98}},{"start":{"line":186,"column":101},"end":{"line":186,"column":103}}],"line":186},"32":{"loc":{"start":{"line":187,"column":9},"end":{"line":189,"column":12}},"type":"cond-expr","locations":[{"start":{"line":188,"column":10},"end":{"line":188,"column":90}},{"start":{"line":189,"column":10},"end":{"line":189,"column":12}}],"line":187},"33":{"loc":{"start":{"line":187,"column":9},"end":{"line":187,"column":81}},"type":"binary-expr","locations":[{"start":{"line":187,"column":9},"end":{"line":187,"column":29}},{"start":{"line":187,"column":33},"end":{"line":187,"column":55}},{"start":{"line":187,"column":59},"end":{"line":187,"column":81}}],"line":187},"34":{"loc":{"start":{"line":190,"column":9},"end":{"line":196,"column":12}},"type":"cond-expr","locations":[{"start":{"line":191,"column":10},"end":{"line":195,"column":31}},{"start":{"line":196,"column":10},"end":{"line":196,"column":12}}],"line":190},"35":{"loc":{"start":{"line":194,"column":27},"end":{"line":194,"column":76}},"type":"cond-expr","locations":[{"start":{"line":194,"column":55},"end":{"line":194,"column":66}},{"start":{"line":194,"column":69},"end":{"line":194,"column":76}}],"line":194},"36":{"loc":{"start":{"line":199,"column":9},"end":{"line":199,"column":101}},"type":"cond-expr","locations":[{"start":{"line":199,"column":27},"end":{"line":199,"column":29}},{"start":{"line":199,"column":32},"end":{"line":199,"column":101}}],"line":199},"37":{"loc":{"start":{"line":204,"column":9},"end":{"line":204,"column":101}},"type":"cond-expr","locations":[{"start":{"line":204,"column":27},"end":{"line":204,"column":29}},{"start":{"line":204,"column":32},"end":{"line":204,"column":101}}],"line":204},"38":{"loc":{"start":{"line":213,"column":4},"end":{"line":339,"column":5}},"type":"if","locations":[{"start":{"line":213,"column":4},"end":{"line":339,"column":5}},{"start":{},"end":{}}],"line":213},"39":{"loc":{"start":{"line":215,"column":6},"end":{"line":338,"column":7}},"type":"if","locations":[{"start":{"line":215,"column":6},"end":{"line":338,"column":7}},{"start":{},"end":{}}],"line":215},"40":{"loc":{"start":{"line":216,"column":8},"end":{"line":337,"column":9}},"type":"if","locations":[{"start":{"line":216,"column":8},"end":{"line":337,"column":9}},{"start":{"line":335,"column":15},"end":{"line":337,"column":9}}],"line":216},"41":{"loc":{"start":{"line":220,"column":25},"end":{"line":220,"column":103}},"type":"cond-expr","locations":[{"start":{"line":220,"column":36},"end":{"line":220,"column":68}},{"start":{"line":220,"column":71},"end":{"line":220,"column":103}}],"line":220},"42":{"loc":{"start":{"line":222,"column":10},"end":{"line":229,"column":11}},"type":"if","locations":[{"start":{"line":222,"column":10},"end":{"line":229,"column":11}},{"start":{},"end":{}}],"line":222},"43":{"loc":{"start":{"line":225,"column":14},"end":{"line":225,"column":80}},"type":"if","locations":[{"start":{"line":225,"column":14},"end":{"line":225,"column":80}},{"start":{},"end":{}}],"line":225},"44":{"loc":{"start":{"line":231,"column":28},"end":{"line":231,"column":77}},"type":"cond-expr","locations":[{"start":{"line":231,"column":70},"end":{"line":231,"column":73}},{"start":{"line":231,"column":76},"end":{"line":231,"column":77}}],"line":231},"45":{"loc":{"start":{"line":231,"column":28},"end":{"line":231,"column":67}},"type":"binary-expr","locations":[{"start":{"line":231,"column":28},"end":{"line":231,"column":46}},{"start":{"line":231,"column":50},"end":{"line":231,"column":67}}],"line":231},"46":{"loc":{"start":{"line":243,"column":22},"end":{"line":243,"column":84}},"type":"cond-expr","locations":[{"start":{"line":243,"column":35},"end":{"line":243,"column":79}},{"start":{"line":243,"column":82},"end":{"line":243,"column":84}}],"line":243},"47":{"loc":{"start":{"line":250,"column":46},"end":{"line":250,"column":66}},"type":"cond-expr","locations":[{"start":{"line":250,"column":57},"end":{"line":250,"column":61}},{"start":{"line":250,"column":64},"end":{"line":250,"column":66}}],"line":250},"48":{"loc":{"start":{"line":306,"column":30},"end":{"line":306,"column":94}},"type":"cond-expr","locations":[{"start":{"line":306,"column":72},"end":{"line":306,"column":89}},{"start":{"line":306,"column":92},"end":{"line":306,"column":94}}],"line":306},"49":{"loc":{"start":{"line":306,"column":30},"end":{"line":306,"column":69}},"type":"binary-expr","locations":[{"start":{"line":306,"column":30},"end":{"line":306,"column":44}},{"start":{"line":306,"column":48},"end":{"line":306,"column":69}}],"line":306},"50":{"loc":{"start":{"line":310,"column":21},"end":{"line":312,"column":101}},"type":"cond-expr","locations":[{"start":{"line":311,"column":22},"end":{"line":311,"column":79}},{"start":{"line":312,"column":22},"end":{"line":312,"column":101}}],"line":310},"51":{"loc":{"start":{"line":310,"column":21},"end":{"line":310,"column":80}},"type":"binary-expr","locations":[{"start":{"line":310,"column":21},"end":{"line":310,"column":37}},{"start":{"line":310,"column":41},"end":{"line":310,"column":80}}],"line":310},"52":{"loc":{"start":{"line":312,"column":57},"end":{"line":312,"column":99}},"type":"cond-expr","locations":[{"start":{"line":312,"column":76},"end":{"line":312,"column":85}},{"start":{"line":312,"column":88},"end":{"line":312,"column":99}}],"line":312},"53":{"loc":{"start":{"line":313,"column":21},"end":{"line":313,"column":105}},"type":"cond-expr","locations":[{"start":{"line":313,"column":59},"end":{"line":313,"column":100}},{"start":{"line":313,"column":103},"end":{"line":313,"column":105}}],"line":313},"54":{"loc":{"start":{"line":313,"column":21},"end":{"line":313,"column":56}},"type":"binary-expr","locations":[{"start":{"line":313,"column":21},"end":{"line":313,"column":27}},{"start":{"line":313,"column":31},"end":{"line":313,"column":56}}],"line":313},"55":{"loc":{"start":{"line":314,"column":21},"end":{"line":314,"column":92}},"type":"cond-expr","locations":[{"start":{"line":314,"column":59},"end":{"line":314,"column":87}},{"start":{"line":314,"column":90},"end":{"line":314,"column":92}}],"line":314},"56":{"loc":{"start":{"line":314,"column":21},"end":{"line":314,"column":56}},"type":"binary-expr","locations":[{"start":{"line":314,"column":21},"end":{"line":314,"column":27}},{"start":{"line":314,"column":31},"end":{"line":314,"column":56}}],"line":314},"57":{"loc":{"start":{"line":323,"column":22},"end":{"line":323,"column":65}},"type":"cond-expr","locations":[{"start":{"line":323,"column":36},"end":{"line":323,"column":56}},{"start":{"line":323,"column":59},"end":{"line":323,"column":65}}],"line":323},"58":{"loc":{"start":{"line":327,"column":72},"end":{"line":327,"column":111}},"type":"cond-expr","locations":[{"start":{"line":327,"column":81},"end":{"line":327,"column":106}},{"start":{"line":327,"column":109},"end":{"line":327,"column":111}}],"line":327}},"s":{"0":0,"1":0,"2":30,"3":30,"4":30,"5":30,"6":0,"7":0,"8":0,"9":0,"10":2059,"11":0,"12":2059,"13":1114,"14":945,"15":945,"16":945,"17":2,"18":2,"19":2,"20":2,"21":45,"22":45,"23":45,"24":45,"25":45,"26":45,"27":45,"28":84,"29":84,"30":84,"31":84,"32":84,"33":45,"34":28,"35":4,"36":28,"37":28,"38":28,"39":28,"40":28,"41":28,"42":28,"43":28,"44":4,"45":4,"46":32,"47":32,"48":32,"49":32,"50":32,"51":30,"52":30,"53":4,"54":4,"55":0,"56":0,"57":0,"58":0,"59":4,"60":4,"61":2,"62":2,"63":2,"64":28,"65":0,"66":0,"67":28,"68":16,"69":16,"70":16,"71":16,"72":15,"73":15,"74":15,"75":15,"76":15,"77":15,"78":15,"79":1243,"80":1243,"81":49,"82":15,"83":15,"84":15,"85":15,"86":15,"87":15,"88":15,"89":1243,"90":28,"91":1114,"92":28,"93":945,"94":28,"95":28,"96":1,"97":28,"98":28,"99":28},"f":{"0":0,"1":0,"2":30,"3":0,"4":0,"5":2059,"6":45,"7":84,"8":28,"9":4,"10":4,"11":32,"12":0,"13":2,"14":0,"15":16,"16":1243,"17":1243,"18":28,"19":1114,"20":28,"21":945,"22":28,"23":28},"b":{"0":[0],"1":[0,0],"2":[0,0],"3":[0,0],"4":[0],"5":[0,30],"6":[30,0],"7":[0,2059],"8":[1114,945],"9":[2059,1114],"10":[163,782],"11":[0,945],"12":[0,0],"13":[0,0],"14":[0,0],"15":[654,291],"16":[30,15],"17":[27,57],"18":[24,60],"19":[28,28],"20":[4,0],"21":[32,0],"22":[30,2],"23":[32,30],"24":[4,0],"25":[0,0],"26":[0,0],"27":[2,0],"28":[0,0],"29":[0,0],"30":[0,0],"31":[0,0],"32":[0,0],"33":[0,0,0],"34":[0,0],"35":[0,0],"36":[0,0],"37":[0,0],"38":[16,0],"39":[16,0],"40":[15,1],"41":[15,0],"42":[15,0],"43":[49,1194],"44":[13,2],"45":[15,15],"46":[15,0],"47":[15,0],"48":[28,0],"49":[28,28],"50":[16,12],"51":[28,16],"52":[0,12],"53":[0,28],"54":[28,28],"55":[0,28],"56":[28,28],"57":[15,0],"58":[15,0]},"_coverageSchema":"1a1c01bbd47fc00a2c39e90264f33305004495a9","hash":"221c7c63d00fa9cee42a18b0b73fb6b71df81621"}
,"F:\\Content\\Work\\Yale\\EGC\\WorkInData\\gender_gap\\app\\parts\\selector.tsx": {"path":"F:\\Content\\Work\\Yale\\EGC\\WorkInData\\gender_gap\\app\\parts\\selector.tsx","statementMap":{"0":{"start":{"line":14,"column":2},"end":{"line":45,"column":3}},"1":{"start":{"line":20,"column":40},"end":{"line":20,"column":45}},"2":{"start":{"line":21,"column":10},"end":{"line":26,"column":11}},"3":{"start":{"line":28,"column":31},"end":{"line":28,"column":70}},"4":{"start":{"line":31,"column":10},"end":{"line":33,"column":23}},"5":{"start":{"line":39,"column":39},"end":{"line":39,"column":64}},"6":{"start":{"line":41,"column":49},"end":{"line":41,"column":69}}},"fnMap":{"0":{"name":"Selector","decl":{"start":{"line":3,"column":16},"end":{"line":3,"column":24}},"loc":{"start":{"line":13,"column":3},"end":{"line":46,"column":1}},"line":13},"1":{"name":"(anonymous_1)","decl":{"start":{"line":19,"column":22},"end":{"line":19,"column":23}},"loc":{"start":{"line":19,"column":53},"end":{"line":27,"column":9}},"line":19},"2":{"name":"(anonymous_2)","decl":{"start":{"line":28,"column":21},"end":{"line":28,"column":22}},"loc":{"start":{"line":28,"column":31},"end":{"line":28,"column":70}},"line":28},"3":{"name":"(anonymous_3)","decl":{"start":{"line":30,"column":21},"end":{"line":30,"column":22}},"loc":{"start":{"line":31,"column":10},"end":{"line":33,"column":23}},"line":31},"4":{"name":"(anonymous_4)","decl":{"start":{"line":39,"column":18},"end":{"line":39,"column":19}},"loc":{"start":{"line":39,"column":39},"end":{"line":39,"column":64}},"line":39},"5":{"name":"(anonymous_5)","decl":{"start":{"line":41,"column":43},"end":{"line":41,"column":44}},"loc":{"start":{"line":41,"column":49},"end":{"line":41,"column":69}},"line":41}},"branchMap":{},"s":{"0":0,"1":0,"2":0,"3":0,"4":0,"5":0,"6":0},"f":{"0":0,"1":0,"2":0,"3":0,"4":0,"5":0},"b":{},"_coverageSchema":"1a1c01bbd47fc00a2c39e90264f33305004495a9","hash":"506de81021da1d247c3b4ff9bd4a6b47a43186f2"}
}
