{"total": {"lines":{"total":913,"covered":646,"skipped":0,"pct":70.75},"statements":{"total":984,"covered":685,"skipped":0,"pct":69.61},"functions":{"total":261,"covered":157,"skipped":0,"pct":60.15},"branches":{"total":887,"covered":469,"skipped":0,"pct":52.87},"branchesTrue":{"total":0,"covered":0,"skipped":0,"pct":100}}
,"F:\\Content\\Work\\Yale\\EGC\\WorkInData\\gender_gap\\app\\metadata.ts": {"lines":{"total":4,"covered":4,"skipped":0,"pct":100},"functions":{"total":0,"covered":0,"skipped":0,"pct":100},"statements":{"total":4,"covered":4,"skipped":0,"pct":100},"branches":{"total":0,"covered":0,"skipped":0,"pct":100}}
,"F:\\Content\\Work\\Yale\\EGC\\WorkInData\\gender_gap\\app\\page.tsx": {"lines":{"total":18,"covered":7,"skipped":0,"pct":38.88},"functions":{"total":8,"covered":2,"skipped":0,"pct":25},"statements":{"total":21,"covered":8,"skipped":0,"pct":38.09},"branches":{"total":16,"covered":6,"skipped":0,"pct":37.5}}
,"F:\\Content\\Work\\Yale\\EGC\\WorkInData\\gender_gap\\app\\theme.tsx": {"lines":{"total":3,"covered":3,"skipped":0,"pct":100},"functions":{"total":1,"covered":1,"skipped":0,"pct":100},"statements":{"total":3,"covered":3,"skipped":0,"pct":100},"branches":{"total":0,"covered":0,"skipped":0,"pct":100}}
,"F:\\Content\\Work\\Yale\\EGC\\WorkInData\\gender_gap\\app\\utils.ts": {"lines":{"total":10,"covered":4,"skipped":0,"pct":40},"functions":{"total":3,"covered":2,"skipped":0,"pct":66.66},"statements":{"total":12,"covered":4,"skipped":0,"pct":33.33},"branches":{"total":18,"covered":2,"skipped":0,"pct":11.11}}
,"F:\\Content\\Work\\Yale\\EGC\\WorkInData\\gender_gap\\app\\dashboard\\about.tsx": {"lines":{"total":10,"covered":1,"skipped":0,"pct":10},"functions":{"total":3,"covered":0,"skipped":0,"pct":0},"statements":{"total":10,"covered":1,"skipped":0,"pct":10},"branches":{"total":4,"covered":0,"skipped":0,"pct":0}}
,"F:\\Content\\Work\\Yale\\EGC\\WorkInData\\gender_gap\\app\\dashboard\\color_basis_select.tsx": {"lines":{"total":2,"covered":1,"skipped":0,"pct":50},"functions":{"total":2,"covered":1,"skipped":0,"pct":50},"statements":{"total":2,"covered":1,"skipped":0,"pct":50},"branches":{"total":2,"covered":2,"skipped":0,"pct":100}}
,"F:\\Content\\Work\\Yale\\EGC\\WorkInData\\gender_gap\\app\\dashboard\\custom_variable.tsx": {"lines":{"total":38,"covered":8,"skipped":0,"pct":21.05},"functions":{"total":16,"covered":1,"skipped":0,"pct":6.25},"statements":{"total":41,"covered":8,"skipped":0,"pct":19.51},"branches":{"total":50,"covered":4,"skipped":0,"pct":8}}
,"F:\\Content\\Work\\Yale\\EGC\\WorkInData\\gender_gap\\app\\dashboard\\data_menu.tsx": {"lines":{"total":59,"covered":28,"skipped":0,"pct":47.45},"functions":{"total":13,"covered":3,"skipped":0,"pct":23.07},"statements":{"total":61,"covered":28,"skipped":0,"pct":45.9},"branches":{"total":41,"covered":27,"skipped":0,"pct":65.85}}
,"F:\\Content\\Work\\Yale\\EGC\\WorkInData\\gender_gap\\app\\dashboard\\filter_country.tsx": {"lines":{"total":40,"covered":32,"skipped":0,"pct":80},"functions":{"total":18,"covered":14,"skipped":0,"pct":77.77},"statements":{"total":42,"covered":33,"skipped":0,"pct":78.57},"branches":{"total":14,"covered":9,"skipped":0,"pct":64.28}}
,"F:\\Content\\Work\\Yale\\EGC\\WorkInData\\gender_gap\\app\\dashboard\\regression_select.tsx": {"lines":{"total":2,"covered":1,"skipped":0,"pct":50},"functions":{"total":2,"covered":1,"skipped":0,"pct":50},"statements":{"total":2,"covered":1,"skipped":0,"pct":50},"branches":{"total":0,"covered":0,"skipped":0,"pct":100}}
,"F:\\Content\\Work\\Yale\\EGC\\WorkInData\\gender_gap\\app\\dashboard\\view_menu_advanced.tsx": {"lines":{"total":65,"covered":33,"skipped":0,"pct":50.76},"functions":{"total":24,"covered":11,"skipped":0,"pct":45.83},"statements":{"total":68,"covered":33,"skipped":0,"pct":48.52},"branches":{"total":96,"covered":50,"skipped":0,"pct":52.08}}
,"F:\\Content\\Work\\Yale\\EGC\\WorkInData\\gender_gap\\app\\dashboard\\view_menu_basic.tsx": {"lines":{"total":31,"covered":31,"skipped":0,"pct":100},"functions":{"total":14,"covered":14,"skipped":0,"pct":100},"statements":{"total":31,"covered":31,"skipped":0,"pct":100},"branches":{"total":16,"covered":10,"skipped":0,"pct":62.5}}
,"F:\\Content\\Work\\Yale\\EGC\\WorkInData\\gender_gap\\app\\data\\display.tsx": {"lines":{"total":7,"covered":7,"skipped":0,"pct":100},"functions":{"total":3,"covered":3,"skipped":0,"pct":100},"statements":{"total":7,"covered":7,"skipped":0,"pct":100},"branches":{"total":6,"covered":5,"skipped":0,"pct":83.33}}
,"F:\\Content\\Work\\Yale\\EGC\\WorkInData\\gender_gap\\app\\data\\load.tsx": {"lines":{"total":44,"covered":44,"skipped":0,"pct":100},"functions":{"total":14,"covered":14,"skipped":0,"pct":100},"statements":{"total":48,"covered":48,"skipped":0,"pct":100},"branches":{"total":14,"covered":13,"skipped":0,"pct":92.85}}
,"F:\\Content\\Work\\Yale\\EGC\\WorkInData\\gender_gap\\app\\data\\make_series.ts": {"lines":{"total":185,"covered":135,"skipped":0,"pct":72.97},"functions":{"total":25,"covered":14,"skipped":0,"pct":56},"statements":{"total":207,"covered":149,"skipped":0,"pct":71.98},"branches":{"total":173,"covered":100,"skipped":0,"pct":57.8}}
,"F:\\Content\\Work\\Yale\\EGC\\WorkInData\\gender_gap\\app\\data\\variable.ts": {"lines":{"total":110,"covered":87,"skipped":0,"pct":79.09},"functions":{"total":27,"covered":20,"skipped":0,"pct":74.07},"statements":{"total":120,"covered":93,"skipped":0,"pct":77.5},"branches":{"total":200,"covered":125,"skipped":0,"pct":62.5}}
,"F:\\Content\\Work\\Yale\\EGC\\WorkInData\\gender_gap\\app\\data\\view.tsx": {"lines":{"total":120,"covered":101,"skipped":0,"pct":84.16},"functions":{"total":30,"covered":28,"skipped":0,"pct":93.33},"statements":{"total":128,"covered":109,"skipped":0,"pct":85.15},"branches":{"total":70,"covered":44,"skipped":0,"pct":62.85}}
,"F:\\Content\\Work\\Yale\\EGC\\WorkInData\\gender_gap\\app\\parts\\expandable.tsx": {"lines":{"total":3,"covered":2,"skipped":0,"pct":66.66},"functions":{"total":2,"covered":1,"skipped":0,"pct":50},"statements":{"total":3,"covered":2,"skipped":0,"pct":66.66},"branches":{"total":4,"covered":2,"skipped":0,"pct":50}}
,"F:\\Content\\Work\\Yale\\EGC\\WorkInData\\gender_gap\\app\\parts\\export.tsx": {"lines":{"total":46,"covered":24,"skipped":0,"pct":52.17},"functions":{"total":18,"covered":7,"skipped":0,"pct":38.88},"statements":{"total":49,"covered":26,"skipped":0,"pct":53.06},"branches":{"total":24,"covered":10,"skipped":0,"pct":41.66}}
,"F:\\Content\\Work\\Yale\\EGC\\WorkInData\\gender_gap\\app\\parts\\info.tsx": {"lines":{"total":7,"covered":5,"skipped":0,"pct":71.42},"functions":{"total":3,"covered":1,"skipped":0,"pct":33.33},"statements":{"total":8,"covered":5,"skipped":0,"pct":62.5},"branches":{"total":18,"covered":1,"skipped":0,"pct":5.55}}
,"F:\\Content\\Work\\Yale\\EGC\\WorkInData\\gender_gap\\app\\parts\\maps.tsx": {"lines":{"total":5,"covered":1,"skipped":0,"pct":20},"functions":{"total":3,"covered":0,"skipped":0,"pct":0},"statements":{"total":6,"covered":1,"skipped":0,"pct":16.66},"branches":{"total":0,"covered":0,"skipped":0,"pct":100}}
,"F:\\Content\\Work\\Yale\\EGC\\WorkInData\\gender_gap\\app\\parts\\nav_bar.tsx": {"lines":{"total":4,"covered":3,"skipped":0,"pct":75},"functions":{"total":2,"covered":1,"skipped":0,"pct":50},"statements":{"total":4,"covered":3,"skipped":0,"pct":75},"branches":{"total":4,"covered":1,"skipped":0,"pct":25}}
,"F:\\Content\\Work\\Yale\\EGC\\WorkInData\\gender_gap\\app\\parts\\plot.tsx": {"lines":{"total":93,"covered":84,"skipped":0,"pct":90.32},"functions":{"total":24,"covered":18,"skipped":0,"pct":75},"statements":{"total":100,"covered":87,"skipped":0,"pct":87},"branches":{"total":117,"covered":58,"skipped":0,"pct":49.57}}
,"F:\\Content\\Work\\Yale\\EGC\\WorkInData\\gender_gap\\app\\parts\\selector.tsx": {"lines":{"total":7,"covered":0,"skipped":0,"pct":0},"functions":{"total":6,"covered":0,"skipped":0,"pct":0},"statements":{"total":7,"covered":0,"skipped":0,"pct":0},"branches":{"total":0,"covered":0,"skipped":0,"pct":100}}
}
