TN:
SF:app\metadata.ts
FNF:0
FNH:0
DA:3,2
DA:36,2
DA:45,2
DA:46,2
LF:4
LH:4
BRF:0
BRH:0
end_of_record
TN:
SF:app\page.tsx
FN:16,Dashboard
FN:19,(anonymous_1)
FN:22,(anonymous_2)
FN:23,(anonymous_3)
FN:25,(anonymous_4)
FN:34,(anonymous_5)
FN:50,(anonymous_6)
FN:81,(anonymous_7)
FNF:8
FNH:2
FNDA:4,Dashboard
FNDA:0,(anonymous_1)
FNDA:0,(anonymous_2)
FNDA:0,(anonymous_3)
FNDA:4,(anonymous_4)
FNDA:0,(anonymous_5)
FNDA:0,(anonymous_6)
FNDA:0,(anonymous_7)
DA:13,2
DA:14,2
DA:17,4
DA:18,4
DA:19,4
DA:20,0
DA:21,0
DA:22,0
DA:23,0
DA:25,4
DA:26,4
DA:35,0
DA:36,0
DA:38,0
DA:39,0
DA:51,0
DA:52,0
DA:81,0
LF:18
LH:7
BRDA:20,0,0,0
BRDA:20,0,1,0
BRDA:35,1,0,0
BRDA:35,1,1,0
BRDA:43,2,0,0
BRDA:43,2,1,4
BRDA:49,3,0,4
BRDA:49,3,1,0
BRDA:76,4,0,0
BRDA:76,4,1,4
BRDA:80,5,0,0
BRDA:80,5,1,4
BRDA:81,6,0,0
BRDA:81,6,1,4
BRDA:88,7,0,0
BRDA:88,7,1,4
BRF:16
BRH:6
end_of_record
TN:
SF:app\theme.tsx
FN:13,Theme
FNF:1
FNH:1
FNDA:4,Theme
DA:6,2
DA:11,2
DA:14,4
LF:3
LH:3
BRF:0
BRH:0
end_of_record
TN:
SF:app\utils.ts
FN:6,formatNumber
FN:18,unique
FN:22,tooltipPlacer
FNF:3
FNH:2
FNDA:1114,formatNumber
FNDA:84,unique
FNDA:0,tooltipPlacer
DA:5,2
DA:7,1114
DA:8,0
DA:9,0
DA:11,1114
DA:19,84
DA:23,0
DA:24,0
DA:25,0
DA:35,0
LF:10
LH:4
BRDA:7,0,0,0
BRDA:7,0,1,1114
BRDA:8,1,0,0
BRDA:8,1,1,0
BRDA:9,2,0,0
BRDA:9,2,1,0
BRDA:9,3,0,0
BRDA:9,3,1,0
BRDA:12,4,0,1114
BRDA:12,4,1,0
BRDA:13,5,0,0
BRDA:13,5,1,0
BRDA:26,6,0,0
BRDA:26,6,1,0
BRDA:29,7,0,0
BRDA:29,7,1,0
BRDA:30,8,0,0
BRDA:30,8,1,0
BRF:18
BRH:2
end_of_record
TN:
SF:app\dashboard\about.tsx
FN:179,About
FN:265,(anonymous_1)
FN:276,(anonymous_2)
FNF:3
FNH:0
FNDA:0,About
FNDA:0,(anonymous_1)
FNDA:0,(anonymous_2)
DA:7,2
DA:180,0
DA:181,0
DA:182,0
DA:183,0
DA:184,0
DA:185,0
DA:266,0
DA:277,0
DA:278,0
LF:10
LH:1
BRDA:197,0,0,0
BRDA:197,0,1,0
BRDA:268,1,0,0
BRDA:268,1,1,0
BRF:4
BRH:0
end_of_record
TN:
SF:app\dashboard\color_basis_select.tsx
FN:4,ColorBasis
FN:21,(anonymous_1)
FNF:2
FNH:1
FNDA:28,ColorBasis
FNDA:0,(anonymous_1)
DA:13,28
DA:22,0
LF:2
LH:1
BRDA:15,0,0,14
BRDA:15,0,1,14
BRF:2
BRH:2
end_of_record
TN:
SF:app\dashboard\custom_variable.tsx
FN:46,CustomVariable
FN:51,(anonymous_1)
FN:85,(anonymous_2)
FN:90,(anonymous_3)
FN:109,(anonymous_4)
FN:124,(anonymous_5)
FN:137,(anonymous_6)
FN:167,(anonymous_7)
FN:168,(anonymous_8)
FN:186,(anonymous_9)
FN:206,(anonymous_10)
FN:226,(anonymous_11)
FN:250,(anonymous_12)
FN:260,(anonymous_13)
FN:275,(anonymous_14)
FN:295,(anonymous_15)
FNF:16
FNH:1
FNDA:28,CustomVariable
FNDA:0,(anonymous_1)
FNDA:0,(anonymous_2)
FNDA:0,(anonymous_3)
FNDA:0,(anonymous_4)
FNDA:0,(anonymous_5)
FNDA:0,(anonymous_6)
FNDA:0,(anonymous_7)
FNDA:0,(anonymous_8)
FNDA:0,(anonymous_9)
FNDA:0,(anonymous_10)
FNDA:0,(anonymous_11)
FNDA:0,(anonymous_12)
FNDA:0,(anonymous_13)
FNDA:0,(anonymous_14)
FNDA:0,(anonymous_15)
DA:26,2
DA:34,2
DA:47,28
DA:48,28
DA:49,28
DA:50,28
DA:51,28
DA:52,28
DA:86,0
DA:87,0
DA:91,0
DA:110,0
DA:111,0
DA:125,0
DA:126,0
DA:138,0
DA:139,0
DA:141,0
DA:147,0
DA:167,0
DA:170,0
DA:175,0
DA:176,0
DA:181,0
DA:187,0
DA:207,0
DA:211,0
DA:227,0
DA:228,0
DA:230,0
DA:236,0
DA:251,0
DA:256,0
DA:261,0
DA:276,0
DA:280,0
DA:296,0
DA:300,0
LF:38
LH:8
BRDA:49,0,0,0
BRDA:49,0,1,28
BRDA:49,1,0,28
BRDA:49,1,1,28
BRDA:57,2,0,28
BRDA:57,2,1,0
BRDA:92,3,0,0
BRDA:92,3,1,0
BRDA:99,4,0,0
BRDA:99,4,1,0
BRDA:101,5,0,0
BRDA:101,5,1,0
BRDA:138,6,0,0
BRDA:138,6,1,0
BRDA:153,7,0,0
BRDA:153,7,1,0
BRDA:153,7,2,0
BRDA:161,8,0,0
BRDA:161,8,1,0
BRDA:162,9,0,0
BRDA:162,9,1,0
BRDA:170,10,0,0
BRDA:170,10,1,0
BRDA:171,11,0,0
BRDA:171,11,1,0
BRDA:175,12,0,0
BRDA:175,12,1,0
BRDA:175,13,0,0
BRDA:175,13,1,0
BRDA:185,14,0,0
BRDA:185,14,1,0
BRDA:190,15,0,0
BRDA:190,15,1,0
BRDA:205,16,0,0
BRDA:205,16,1,0
BRDA:227,17,0,0
BRDA:227,17,1,0
BRDA:242,18,0,0
BRDA:242,18,1,0
BRDA:242,18,2,0
BRDA:249,19,0,0
BRDA:249,19,1,0
BRDA:259,20,0,0
BRDA:259,20,1,0
BRDA:262,21,0,0
BRDA:262,21,1,0
BRDA:274,22,0,0
BRDA:274,22,1,0
BRDA:286,23,0,0
BRDA:286,23,1,0
BRF:50
BRH:4
end_of_record
TN:
SF:app\dashboard\data_menu.tsx
FN:23,DataMenu
FN:31,(anonymous_1)
FN:97,(anonymous_2)
FN:114,(anonymous_3)
FN:125,(anonymous_4)
FN:140,(anonymous_5)
FN:154,(anonymous_6)
FN:164,(anonymous_7)
FN:173,(anonymous_8)
FN:184,(anonymous_9)
FN:190,(anonymous_10)
FN:194,(anonymous_11)
FN:203,(anonymous_12)
FNF:13
FNH:3
FNDA:28,DataMenu
FNDA:14,(anonymous_1)
FNDA:0,(anonymous_2)
FNDA:0,(anonymous_3)
FNDA:1,(anonymous_4)
FNDA:0,(anonymous_5)
FNDA:0,(anonymous_6)
FNDA:0,(anonymous_7)
FNDA:0,(anonymous_8)
FNDA:0,(anonymous_9)
FNDA:0,(anonymous_10)
FNDA:0,(anonymous_11)
FNDA:0,(anonymous_12)
DA:24,28
DA:25,28
DA:26,28
DA:27,28
DA:28,28
DA:30,28
DA:31,28
DA:32,14
DA:33,14
DA:34,14
DA:39,0
DA:40,0
DA:49,14
DA:50,0
DA:60,14
DA:61,0
DA:62,0
DA:64,14
DA:65,0
DA:66,0
DA:68,14
DA:69,0
DA:70,0
DA:72,14
DA:73,0
DA:74,0
DA:76,14
DA:77,0
DA:78,0
DA:80,14
DA:81,0
DA:82,0
DA:84,14
DA:85,0
DA:86,0
DA:88,14
DA:89,0
DA:90,0
DA:92,14
DA:93,14
DA:95,28
DA:96,14
DA:97,14
DA:98,14
DA:100,28
DA:114,0
DA:126,1
DA:127,0
DA:128,0
DA:130,1
DA:140,0
DA:154,0
DA:164,0
DA:173,0
DA:184,0
DA:190,0
DA:194,0
DA:204,0
DA:205,0
LF:59
LH:28
BRDA:34,0,0,0
BRDA:34,0,1,14
BRDA:35,1,0,14
BRDA:35,1,1,14
BRDA:35,1,2,14
BRDA:49,2,0,0
BRDA:49,2,1,14
BRDA:49,3,0,14
BRDA:49,3,1,14
BRDA:60,4,0,0
BRDA:60,4,1,14
BRDA:60,5,0,14
BRDA:60,5,1,14
BRDA:64,6,0,0
BRDA:64,6,1,14
BRDA:68,7,0,0
BRDA:68,7,1,14
BRDA:72,8,0,0
BRDA:72,8,1,14
BRDA:76,9,0,0
BRDA:76,9,1,14
BRDA:76,10,0,14
BRDA:76,10,1,4
BRDA:80,11,0,0
BRDA:80,11,1,14
BRDA:84,12,0,0
BRDA:84,12,1,14
BRDA:88,13,0,0
BRDA:88,13,1,14
BRDA:95,14,0,14
BRDA:95,14,1,14
BRDA:97,15,0,0
BRDA:97,15,1,14
BRDA:126,16,0,0
BRDA:126,16,1,1
BRDA:137,17,0,14
BRDA:137,17,1,14
BRDA:146,18,0,0
BRDA:146,18,1,28
BRDA:177,19,0,28
BRDA:177,19,1,0
BRF:41
BRH:27
end_of_record
TN:
SF:app\dashboard\filter_country.tsx
FN:7,(anonymous_0)
FN:10,FilterCountry
FN:15,(anonymous_2)
FN:28,(anonymous_3)
FN:32,(anonymous_4)
FN:37,(anonymous_5)
FN:40,(anonymous_6)
FN:53,(anonymous_7)
FN:55,(anonymous_8)
FN:70,(anonymous_9)
FN:72,(anonymous_10)
FN:91,(anonymous_11)
FN:102,(anonymous_12)
FN:103,(anonymous_13)
FN:106,(anonymous_14)
FN:115,(anonymous_15)
FN:117,(anonymous_16)
FN:124,(anonymous_17)
FNF:18
FNH:14
FNDA:0,(anonymous_0)
FNDA:28,FilterCountry
FNDA:810,(anonymous_2)
FNDA:4,(anonymous_3)
FNDA:8,(anonymous_4)
FNDA:98,(anonymous_5)
FNDA:9898,(anonymous_6)
FNDA:404,(anonymous_7)
FNDA:98,(anonymous_8)
FNDA:0,(anonymous_9)
FNDA:0,(anonymous_10)
FNDA:1414,(anonymous_11)
FNDA:1818,(anonymous_12)
FNDA:36,(anonymous_13)
FNDA:32,(anonymous_14)
FNDA:2,(anonymous_15)
FNDA:1,(anonymous_16)
FNDA:0,(anonymous_17)
DA:7,2
DA:8,2
DA:11,28
DA:12,28
DA:13,28
DA:14,28
DA:16,810
DA:17,202
DA:18,202
DA:23,810
DA:27,28
DA:28,4
DA:31,28
DA:32,8
DA:36,28
DA:38,98
DA:39,98
DA:40,98
DA:41,9898
DA:42,98
DA:45,98
DA:49,28
DA:53,404
DA:56,98
DA:71,0
DA:72,0
DA:73,0
DA:74,0
DA:75,0
DA:77,0
DA:81,0
DA:92,1414
DA:93,1414
DA:102,1818
DA:103,36
DA:107,32
DA:116,2
DA:117,2
DA:118,2
DA:124,0
LF:40
LH:32
BRDA:16,0,0,202
BRDA:16,0,1,608
BRDA:19,1,0,202
BRDA:19,1,1,0
BRDA:41,2,0,98
BRDA:41,2,1,9800
BRDA:41,3,0,9898
BRDA:41,3,1,4592
BRDA:73,4,0,0
BRDA:73,4,1,0
BRDA:74,5,0,0
BRDA:74,5,1,0
BRDA:97,6,0,14
BRDA:97,6,1,1400
BRF:14
BRH:9
end_of_record
TN:
SF:app\dashboard\regression_select.tsx
FN:4,RegressionSelect
FN:12,(anonymous_1)
FNF:2
FNH:1
FNDA:28,RegressionSelect
FNDA:0,(anonymous_1)
DA:5,28
DA:13,0
LF:2
LH:1
BRF:0
BRH:0
end_of_record
TN:
SF:app\dashboard\view_menu_advanced.tsx
FN:24,AdvancedMenu
FN:30,(anonymous_1)
FN:32,(anonymous_2)
FN:41,(anonymous_3)
FN:62,(anonymous_4)
FN:69,(anonymous_5)
FN:90,(anonymous_6)
FN:97,(anonymous_7)
FN:104,(anonymous_8)
FN:114,(anonymous_9)
FN:121,(anonymous_10)
FN:128,(anonymous_11)
FN:135,(anonymous_12)
FN:154,(anonymous_13)
FN:168,(anonymous_14)
FN:185,(anonymous_15)
FN:193,(anonymous_16)
FN:208,(anonymous_17)
FN:227,(anonymous_18)
FN:243,(anonymous_19)
FN:269,(anonymous_20)
FN:294,(anonymous_21)
FN:306,(anonymous_22)
FN:316,(anonymous_23)
FNF:24
FNH:11
FNDA:14,AdvancedMenu
FNDA:10,(anonymous_1)
FNDA:40,(anonymous_2)
FNDA:2,(anonymous_3)
FNDA:10,(anonymous_4)
FNDA:112,(anonymous_5)
FNDA:0,(anonymous_6)
FNDA:0,(anonymous_7)
FNDA:0,(anonymous_8)
FNDA:0,(anonymous_9)
FNDA:0,(anonymous_10)
FNDA:0,(anonymous_11)
FNDA:0,(anonymous_12)
FNDA:0,(anonymous_13)
FNDA:168,(anonymous_14)
FNDA:1,(anonymous_15)
FNDA:168,(anonymous_16)
FNDA:2,(anonymous_17)
FNDA:1,(anonymous_18)
FNDA:0,(anonymous_19)
FNDA:0,(anonymous_20)
FNDA:0,(anonymous_21)
FNDA:0,(anonymous_22)
FNDA:0,(anonymous_23)
DA:25,14
DA:26,14
DA:27,14
DA:28,14
DA:30,14
DA:31,10
DA:32,10
DA:33,40
DA:34,40
DA:35,6
DA:36,6
DA:39,10
DA:41,14
DA:42,2
DA:63,10
DA:69,14
DA:70,112
DA:71,112
DA:79,14
DA:91,0
DA:92,0
DA:93,0
DA:95,0
DA:97,0
DA:104,0
DA:115,0
DA:116,0
DA:117,0
DA:119,0
DA:121,0
DA:128,0
DA:136,0
DA:137,0
DA:155,0
DA:156,0
DA:157,0
DA:159,0
DA:160,0
DA:162,0
DA:165,0
DA:168,168
DA:186,1
DA:187,1
DA:188,0
DA:189,1
DA:190,1
DA:193,168
DA:209,2
DA:210,2
DA:211,0
DA:212,2
DA:213,0
DA:215,2
DA:228,1
DA:229,1
DA:230,1
DA:231,0
DA:232,0
DA:234,1
DA:244,0
DA:245,0
DA:270,0
DA:294,0
DA:306,0
DA:316,0
LF:65
LH:33
BRDA:34,0,0,6
BRDA:34,0,1,34
BRDA:64,1,0,10
BRDA:64,1,1,0
BRDA:73,2,0,112
BRDA:73,2,1,0
BRDA:82,3,0,14
BRDA:82,3,1,0
BRDA:85,4,0,14
BRDA:85,4,1,0
BRDA:88,5,0,14
BRDA:88,5,1,0
BRDA:92,6,0,0
BRDA:92,6,1,0
BRDA:97,7,0,0
BRDA:97,7,1,0
BRDA:106,8,0,14
BRDA:106,8,1,14
BRDA:116,9,0,0
BRDA:116,9,1,0
BRDA:121,10,0,0
BRDA:121,10,1,0
BRDA:132,11,0,14
BRDA:132,11,1,14
BRDA:144,12,0,14
BRDA:144,12,1,14
BRDA:148,13,0,14
BRDA:148,13,1,0
BRDA:155,14,0,0
BRDA:155,14,1,0
BRDA:156,15,0,0
BRDA:156,15,1,0
BRDA:156,16,0,0
BRDA:156,16,1,0
BRDA:159,17,0,0
BRDA:159,17,1,0
BRDA:160,18,0,0
BRDA:160,18,1,0
BRDA:162,19,0,0
BRDA:162,19,1,0
BRDA:172,20,0,14
BRDA:172,20,1,14
BRDA:174,21,0,14
BRDA:174,21,1,14
BRDA:186,22,0,1
BRDA:186,22,1,0
BRDA:187,23,0,0
BRDA:187,23,1,1
BRDA:187,24,0,1
BRDA:187,24,1,0
BRDA:189,25,0,0
BRDA:189,25,1,1
BRDA:189,26,0,1
BRDA:189,26,1,1
BRDA:193,27,0,168
BRDA:193,27,1,154
BRDA:209,28,0,2
BRDA:209,28,1,0
BRDA:210,29,0,0
BRDA:210,29,1,2
BRDA:210,30,0,2
BRDA:210,30,1,1
BRDA:212,31,0,0
BRDA:212,31,1,2
BRDA:212,32,0,2
BRDA:212,32,1,2
BRDA:228,33,0,1
BRDA:228,33,1,0
BRDA:229,34,0,1
BRDA:229,34,1,0
BRDA:229,35,0,1
BRDA:229,35,1,1
BRDA:231,36,0,0
BRDA:231,36,1,0
BRDA:231,37,0,0
BRDA:231,37,1,0
BRDA:264,38,0,14
BRDA:264,38,1,0
BRDA:265,39,0,0
BRDA:265,39,1,0
BRDA:286,40,0,14
BRDA:286,40,1,10
BRDA:286,40,2,6
BRDA:286,40,3,0
BRDA:286,40,4,6
BRDA:286,40,5,6
BRDA:286,40,6,6
BRDA:299,41,0,14
BRDA:299,41,1,14
BRDA:299,41,2,0
BRDA:299,41,3,0
BRDA:299,41,4,0
BRDA:311,42,0,14
BRDA:311,42,1,14
BRDA:311,42,2,10
BRDA:311,42,3,6
BRF:96
BRH:50
end_of_record
TN:
SF:app\dashboard\view_menu_basic.tsx
FN:18,(anonymous_0)
FN:27,BasicMenu
FN:33,(anonymous_2)
FN:36,(anonymous_3)
FN:37,(anonymous_4)
FN:53,(anonymous_5)
FN:54,(anonymous_6)
FN:62,(anonymous_7)
FN:63,(anonymous_8)
FN:80,(anonymous_9)
FN:97,(anonymous_10)
FN:117,(anonymous_11)
FN:138,(anonymous_12)
FN:155,(anonymous_13)
FNF:14
FNH:14
FNDA:10,(anonymous_0)
FNDA:14,BasicMenu
FNDA:4,(anonymous_2)
FNDA:28,(anonymous_3)
FNDA:20,(anonymous_4)
FNDA:4,(anonymous_5)
FNDA:24,(anonymous_6)
FNDA:4,(anonymous_7)
FNDA:24,(anonymous_8)
FNDA:1,(anonymous_9)
FNDA:1,(anonymous_10)
FNDA:1,(anonymous_11)
FNDA:1,(anonymous_12)
FNDA:1,(anonymous_13)
DA:10,2
DA:18,2
DA:19,10
DA:20,10
DA:28,14
DA:29,14
DA:30,14
DA:32,14
DA:33,4
DA:36,28
DA:38,20
DA:52,14
DA:54,4
DA:55,24
DA:61,14
DA:63,4
DA:64,24
DA:71,14
DA:81,1
DA:82,1
DA:83,1
DA:84,1
DA:85,1
DA:98,1
DA:99,1
DA:100,1
DA:101,1
DA:102,1
DA:118,1
DA:138,1
DA:156,1
LF:31
LH:31
BRDA:65,0,0,20
BRDA:65,0,1,4
BRDA:108,1,0,14
BRDA:108,1,1,14
BRDA:116,2,0,0
BRDA:116,2,1,14
BRDA:129,3,0,14
BRDA:129,3,1,14
BRDA:131,4,0,14
BRDA:131,4,1,0
BRDA:143,5,0,14
BRDA:143,5,1,0
BRDA:150,6,0,14
BRDA:150,6,1,0
BRDA:151,7,0,0
BRDA:151,7,1,0
BRF:16
BRH:10
end_of_record
TN:
SF:app\data\display.tsx
FN:10,getColRef
FN:20,DataDisplay
FN:25,(anonymous_2)
FNF:3
FNH:3
FNDA:112,getColRef
FNDA:28,DataDisplay
FNDA:28,(anonymous_2)
DA:11,112
DA:21,28
DA:22,28
DA:23,28
DA:24,28
DA:26,28
DA:40,28
LF:7
LH:7
BRDA:12,0,0,48
BRDA:12,0,1,64
BRDA:13,1,0,10
BRDA:13,1,1,38
BRDA:40,2,0,28
BRDA:40,2,1,0
BRF:6
BRH:5
end_of_record
TN:
SF:app\data\load.tsx
FN:32,Data
FN:37,(anonymous_1)
FN:38,(anonymous_2)
FN:39,(anonymous_3)
FN:40,(anonymous_4)
FN:41,(anonymous_5)
FN:50,(anonymous_6)
FN:56,(anonymous_7)
FN:61,(anonymous_8)
FN:64,(anonymous_9)
FN:69,(anonymous_10)
FN:74,(anonymous_11)
FN:77,(anonymous_12)
FN:79,(anonymous_13)
FNF:14
FNH:14
FNDA:18,Data
FNDA:2,(anonymous_1)
FNDA:2,(anonymous_2)
FNDA:2,(anonymous_3)
FNDA:2,(anonymous_4)
FNDA:2,(anonymous_5)
FNDA:680,(anonymous_6)
FNDA:44,(anonymous_7)
FNDA:4,(anonymous_8)
FNDA:404,(anonymous_9)
FNDA:2124,(anonymous_10)
FNDA:404,(anonymous_11)
FNDA:24,(anonymous_12)
FNDA:20,(anonymous_13)
DA:29,2
DA:30,2
DA:33,18
DA:34,18
DA:35,18
DA:36,18
DA:37,18
DA:38,2
DA:39,2
DA:40,2
DA:41,2
DA:42,2
DA:43,2
DA:44,2
DA:45,2
DA:48,18
DA:49,4
DA:50,680
DA:51,4
DA:54,4
DA:55,4
DA:56,4
DA:57,44
DA:58,20
DA:61,4
DA:62,4
DA:63,4
DA:64,4
DA:65,404
DA:66,4
DA:68,4
DA:70,2124
DA:71,2124
DA:72,2124
DA:74,404
DA:75,4
DA:76,4
DA:77,24
DA:79,20
DA:80,4
DA:81,4
DA:91,4
DA:92,4
DA:94,14
LF:44
LH:44
BRDA:48,0,0,4
BRDA:48,0,1,14
BRDA:48,1,0,18
BRDA:48,1,1,14
BRDA:48,1,2,12
BRDA:48,1,3,4
BRDA:57,2,0,20
BRDA:57,2,1,24
BRDA:65,3,0,4
BRDA:65,3,1,400
BRDA:66,4,0,4
BRDA:66,4,1,0
BRDA:72,5,0,1096
BRDA:72,5,1,1028
BRF:14
BRH:13
end_of_record
TN:
SF:app\data\make_series.ts
FN:16,indexMap
FN:23,(anonymous_1)
FN:27,makeSeries
FN:49,(anonymous_3)
FN:84,(anonymous_4)
FN:88,(anonymous_5)
FN:163,(anonymous_6)
FN:168,(anonymous_7)
FN:173,(anonymous_8)
FN:174,(anonymous_9)
FN:180,(anonymous_10)
FN:188,(anonymous_11)
FN:193,(anonymous_12)
FN:203,(anonymous_13)
FN:206,(anonymous_14)
FN:209,(anonymous_15)
FN:217,(anonymous_16)
FN:220,(anonymous_17)
FN:234,(anonymous_18)
FN:247,(anonymous_19)
FN:251,(anonymous_20)
FN:252,(anonymous_21)
FN:255,(anonymous_22)
FN:257,(anonymous_23)
FN:294,(anonymous_24)
FNF:25
FNH:14
FNDA:0,indexMap
FNDA:0,(anonymous_1)
FNDA:28,makeSeries
FNDA:16,(anonymous_3)
FNDA:0,(anonymous_4)
FNDA:0,(anonymous_5)
FNDA:0,(anonymous_6)
FNDA:0,(anonymous_7)
FNDA:38,(anonymous_8)
FNDA:54,(anonymous_9)
FNDA:194,(anonymous_10)
FNDA:0,(anonymous_11)
FNDA:108,(anonymous_12)
FNDA:246,(anonymous_13)
FNDA:108,(anonymous_14)
FNDA:108,(anonymous_15)
FNDA:0,(anonymous_16)
FNDA:0,(anonymous_17)
FNDA:0,(anonymous_18)
FNDA:0,(anonymous_19)
FNDA:86,(anonymous_20)
FNDA:242,(anonymous_21)
FNDA:238,(anonymous_22)
FNDA:2082,(anonymous_23)
FNDA:5570,(anonymous_24)
DA:11,2
DA:12,2
DA:13,2
DA:14,2
DA:17,0
DA:18,0
DA:23,0
DA:24,0
DA:33,28
DA:34,28
DA:35,28
DA:36,28
DA:37,28
DA:38,28
DA:39,28
DA:40,28
DA:41,28
DA:42,28
DA:43,28
DA:44,28
DA:45,28
DA:46,28
DA:47,28
DA:48,8
DA:49,8
DA:50,16
DA:58,28
DA:84,0
DA:88,0
DA:94,28
DA:95,28
DA:100,28
DA:101,28
DA:102,28
DA:108,28
DA:109,28
DA:110,28
DA:111,28
DA:113,28
DA:115,28
DA:116,28
DA:120,28
DA:122,28
DA:123,28
DA:124,28
DA:125,28
DA:126,28
DA:128,28
DA:129,28
DA:130,28
DA:131,28
DA:132,28
DA:133,0
DA:134,0
DA:135,0
DA:137,28
DA:138,28
DA:139,0
DA:141,28
DA:142,0
DA:143,0
DA:144,0
DA:145,0
DA:146,0
DA:148,0
DA:149,0
DA:150,0
DA:153,28
DA:154,28
DA:155,28
DA:156,28
DA:160,28
DA:161,0
DA:162,0
DA:163,0
DA:166,0
DA:167,0
DA:168,0
DA:172,28
DA:173,28
DA:174,38
DA:175,54
DA:180,194
DA:181,54
DA:182,54
DA:183,54
DA:184,54
DA:185,52
DA:186,52
DA:187,0
DA:188,0
DA:191,52
DA:192,52
DA:193,108
DA:197,52
DA:198,52
DA:199,52
DA:200,52
DA:201,52
DA:203,246
DA:205,52
DA:206,108
DA:208,52
DA:209,108
DA:211,52
DA:212,52
DA:213,52
DA:215,0
DA:216,0
DA:217,0
DA:219,0
DA:220,0
DA:223,52
DA:224,0
DA:225,0
DA:227,52
DA:228,52
DA:229,0
DA:230,0
DA:231,0
DA:232,0
DA:233,0
DA:234,0
DA:235,0
DA:241,0
DA:242,0
DA:244,52
DA:245,52
DA:246,0
DA:247,0
DA:248,0
DA:250,52
DA:251,86
DA:252,242
DA:253,52
DA:254,52
DA:255,238
DA:256,52
DA:257,52
DA:258,2082
DA:259,2082
DA:260,2082
DA:261,2082
DA:262,2082
DA:263,2082
DA:264,2082
DA:265,2082
DA:266,2082
DA:267,2082
DA:269,0
DA:270,0
DA:273,0
DA:274,0
DA:276,2082
DA:277,60
DA:278,60
DA:279,60
DA:280,60
DA:281,60
DA:282,60
DA:283,60
DA:286,2022
DA:289,0
DA:291,2082
DA:292,2082
DA:293,2082
DA:294,2082
DA:295,5570
DA:296,5570
DA:297,5570
DA:299,2082
DA:302,52
DA:314,52
DA:315,52
DA:316,52
DA:329,52
DA:330,52
DA:331,52
DA:332,52
DA:333,52
DA:334,52
DA:335,52
DA:336,52
DA:337,52
DA:341,28
LF:185
LH:135
BRDA:21,0,0,0
BRDA:21,0,1,0
BRDA:34,1,0,4
BRDA:34,1,1,24
BRDA:35,2,0,8
BRDA:35,2,1,20
BRDA:42,3,0,0
BRDA:42,3,1,28
BRDA:44,4,0,2
BRDA:44,4,1,26
BRDA:45,5,0,28
BRDA:45,5,1,0
BRDA:46,6,0,28
BRDA:46,6,1,0
BRDA:47,7,0,8
BRDA:47,7,1,20
BRDA:47,8,0,28
BRDA:47,8,1,28
BRDA:58,9,0,28
BRDA:58,9,1,0
BRDA:62,10,0,28
BRDA:62,10,1,0
BRDA:108,11,0,28
BRDA:108,11,1,0
BRDA:108,12,0,28
BRDA:108,12,1,28
BRDA:113,13,0,0
BRDA:113,13,1,28
BRDA:113,14,0,28
BRDA:113,14,1,28
BRDA:115,15,0,28
BRDA:115,15,1,28
BRDA:115,15,2,2
BRDA:117,16,0,28
BRDA:117,16,1,0
BRDA:117,17,0,28
BRDA:117,17,1,28
BRDA:120,18,0,28
BRDA:120,18,1,0
BRDA:120,19,0,28
BRDA:120,19,1,28
BRDA:120,20,0,28
BRDA:120,20,1,0
BRDA:120,21,0,28
BRDA:120,21,1,28
BRDA:124,22,0,28
BRDA:124,22,1,0
BRDA:124,23,0,28
BRDA:124,23,1,28
BRDA:125,24,0,28
BRDA:125,24,1,0
BRDA:126,25,0,28
BRDA:126,25,1,28
BRDA:126,25,2,0
BRDA:126,25,3,0
BRDA:130,26,0,28
BRDA:130,26,1,0
BRDA:132,27,0,0
BRDA:132,27,1,28
BRDA:137,28,0,28
BRDA:137,28,1,0
BRDA:138,29,0,0
BRDA:138,29,1,28
BRDA:138,30,0,28
BRDA:138,30,1,0
BRDA:139,31,0,0
BRDA:139,31,1,0
BRDA:141,32,0,0
BRDA:141,32,1,28
BRDA:141,33,0,28
BRDA:141,33,1,28
BRDA:143,34,0,0
BRDA:143,34,1,0
BRDA:148,35,0,0
BRDA:148,35,1,0
BRDA:149,36,0,0
BRDA:149,36,1,0
BRDA:149,37,0,0
BRDA:149,37,1,0
BRDA:150,38,0,0
BRDA:150,38,1,0
BRDA:154,39,0,2
BRDA:154,39,1,26
BRDA:154,40,0,28
BRDA:154,40,1,28
BRDA:155,41,0,28
BRDA:155,41,1,0
BRDA:155,42,0,28
BRDA:155,42,1,0
BRDA:160,43,0,0
BRDA:160,43,1,28
BRDA:161,44,0,0
BRDA:161,44,1,0
BRDA:166,45,0,0
BRDA:166,45,1,0
BRDA:176,46,0,24
BRDA:176,46,1,30
BRDA:176,47,0,20
BRDA:176,47,1,4
BRDA:177,48,0,32
BRDA:177,48,1,22
BRDA:182,49,0,24
BRDA:182,49,1,30
BRDA:183,50,0,32
BRDA:183,50,1,22
BRDA:184,51,0,2
BRDA:184,51,1,52
BRDA:185,52,0,52
BRDA:185,52,1,0
BRDA:186,53,0,0
BRDA:186,53,1,52
BRDA:191,54,0,52
BRDA:191,54,1,0
BRDA:200,55,0,52
BRDA:200,55,1,0
BRDA:200,56,0,52
BRDA:200,56,1,0
BRDA:205,57,0,52
BRDA:205,57,1,0
BRDA:208,58,0,52
BRDA:208,58,1,0
BRDA:212,59,0,0
BRDA:212,59,1,52
BRDA:213,60,0,0
BRDA:213,60,1,52
BRDA:216,61,0,0
BRDA:216,61,1,0
BRDA:219,62,0,0
BRDA:219,62,1,0
BRDA:223,63,0,0
BRDA:223,63,1,52
BRDA:228,64,0,0
BRDA:228,64,1,52
BRDA:229,65,0,0
BRDA:229,65,1,0
BRDA:238,66,0,0
BRDA:238,66,1,0
BRDA:245,67,0,0
BRDA:245,67,1,52
BRDA:248,68,0,0
BRDA:248,68,1,0
BRDA:251,69,0,86
BRDA:251,69,1,52
BRDA:252,70,0,4
BRDA:252,70,1,48
BRDA:252,71,0,52
BRDA:252,71,1,48
BRDA:253,72,0,4
BRDA:253,72,1,48
BRDA:260,73,0,2082
BRDA:260,73,1,0
BRDA:263,74,0,2082
BRDA:263,74,1,0
BRDA:264,75,0,2082
BRDA:264,75,1,0
BRDA:267,76,0,2082
BRDA:267,76,1,20
BRDA:269,77,0,0
BRDA:269,77,1,0
BRDA:276,78,0,60
BRDA:276,78,1,2022
BRDA:282,79,0,60
BRDA:282,79,1,0
BRDA:282,80,0,60
BRDA:282,80,1,60
BRDA:291,81,0,2082
BRDA:291,81,1,0
BRDA:314,82,0,52
BRDA:314,82,1,0
BRDA:333,83,0,52
BRDA:333,83,1,0
BRDA:341,84,0,28
BRDA:341,84,1,0
BRF:173
BRH:100
end_of_record
TN:
SF:app\data\variable.ts
FN:28,(anonymous_0)
FN:44,(anonymous_1)
FN:52,(anonymous_2)
FN:52,(anonymous_3)
FN:70,(anonymous_4)
FN:81,(anonymous_5)
FN:100,(anonymous_6)
FN:106,(anonymous_7)
FN:117,(anonymous_8)
FN:118,(anonymous_9)
FN:126,(anonymous_10)
FN:132,(anonymous_11)
FN:135,(anonymous_12)
FN:142,(anonymous_13)
FN:166,(anonymous_14)
FN:200,(anonymous_15)
FN:213,(anonymous_16)
FN:216,(anonymous_17)
FN:228,(anonymous_18)
FN:238,(anonymous_19)
FN:246,(anonymous_20)
FN:250,(anonymous_21)
FN:254,(anonymous_22)
FN:259,(anonymous_23)
FN:262,(anonymous_24)
FN:265,(anonymous_25)
FN:275,(anonymous_26)
FNF:27
FNH:20
FNDA:361,(anonymous_0)
FNDA:1891,(anonymous_1)
FNDA:0,(anonymous_2)
FNDA:0,(anonymous_3)
FNDA:0,(anonymous_4)
FNDA:4,(anonymous_5)
FNDA:1,(anonymous_6)
FNDA:4,(anonymous_7)
FNDA:4,(anonymous_8)
FNDA:4,(anonymous_9)
FNDA:0,(anonymous_10)
FNDA:56,(anonymous_11)
FNDA:56,(anonymous_12)
FNDA:365,(anonymous_13)
FNDA:365,(anonymous_14)
FNDA:422,(anonymous_15)
FNDA:216,(anonymous_16)
FNDA:86,(anonymous_17)
FNDA:86,(anonymous_18)
FNDA:30,(anonymous_19)
FNDA:28,(anonymous_20)
FNDA:0,(anonymous_21)
FNDA:28,(anonymous_22)
FNDA:0,(anonymous_23)
FNDA:90,(anonymous_24)
FNDA:216,(anonymous_25)
FNDA:0,(anonymous_26)
DA:3,2
DA:11,2
DA:12,2
DA:13,2
DA:14,2
DA:17,361
DA:18,361
DA:19,361
DA:20,361
DA:22,361
DA:23,361
DA:24,361
DA:25,361
DA:26,361
DA:29,361
DA:30,2
DA:31,2
DA:32,2
DA:33,2
DA:34,2
DA:35,2
DA:36,2
DA:37,0
DA:38,0
DA:39,2
DA:40,2
DA:41,2
DA:44,359
DA:45,1891
DA:46,1890
DA:47,508
DA:48,508
DA:49,300
DA:50,300
DA:52,0
DA:54,300
DA:59,0
DA:62,1382
DA:66,359
DA:68,361
DA:71,0
DA:72,0
DA:73,0
DA:74,0
DA:75,0
DA:76,0
DA:79,0
DA:89,4
DA:90,0
DA:92,4
DA:93,4
DA:94,4
DA:95,2
DA:96,0
DA:97,0
DA:99,2
DA:100,1
DA:104,4
DA:107,4
DA:109,4
DA:112,4
DA:113,4
DA:114,4
DA:117,4
DA:118,4
DA:119,4
DA:126,0
DA:133,56
DA:136,56
DA:137,56
DA:138,28
DA:143,365
DA:144,365
DA:145,149
DA:146,216
DA:147,216
DA:149,216
DA:154,216
DA:155,216
DA:159,0
DA:160,0
DA:161,0
DA:163,365
DA:164,365
DA:167,365
DA:168,149
DA:173,216
DA:176,216
DA:183,216
DA:184,206
DA:187,216
DA:198,216
DA:201,422
DA:213,216
DA:217,86
DA:218,86
DA:229,86
DA:239,30
DA:247,28
DA:250,0
DA:255,28
DA:260,0
DA:263,90
DA:266,216
DA:267,1
DA:269,216
DA:270,0
DA:271,0
DA:275,0
DA:279,216
LF:110
LH:87
BRDA:29,0,0,2
BRDA:29,0,1,359
BRDA:33,1,0,2
BRDA:33,1,1,0
BRDA:34,2,0,0
BRDA:34,2,1,2
BRDA:36,3,0,0
BRDA:36,3,1,2
BRDA:39,4,0,2
BRDA:39,4,1,0
BRDA:40,5,0,2
BRDA:40,5,1,0
BRDA:41,6,0,2
BRDA:41,6,1,0
BRDA:45,7,0,1890
BRDA:45,7,1,1
BRDA:46,8,0,508
BRDA:46,8,1,1382
BRDA:46,9,0,1890
BRDA:46,9,1,1636
BRDA:48,10,0,300
BRDA:48,10,1,208
BRDA:51,11,0,0
BRDA:51,11,1,300
BRDA:54,12,0,0
BRDA:54,12,1,300
BRDA:55,13,0,0
BRDA:55,13,1,300
BRDA:56,14,0,0
BRDA:56,14,1,0
BRDA:72,15,0,0
BRDA:72,15,1,0
BRDA:74,16,0,0
BRDA:74,16,1,0
BRDA:89,17,0,0
BRDA:89,17,1,4
BRDA:94,18,0,2
BRDA:94,18,1,2
BRDA:95,19,0,0
BRDA:95,19,1,2
BRDA:100,20,0,1
BRDA:100,20,1,1
BRDA:109,21,0,1
BRDA:109,21,1,3
BRDA:110,22,0,0
BRDA:110,22,1,3
BRDA:112,23,0,1
BRDA:112,23,1,3
BRDA:123,24,0,4
BRDA:123,24,1,0
BRDA:124,25,0,4
BRDA:124,25,1,0
BRDA:133,26,0,28
BRDA:133,26,1,28
BRDA:133,27,0,56
BRDA:133,27,1,28
BRDA:136,28,0,0
BRDA:136,28,1,56
BRDA:137,29,0,28
BRDA:137,29,1,28
BRDA:137,30,0,28
BRDA:137,30,1,0
BRDA:138,31,0,28
BRDA:138,31,1,0
BRDA:139,32,0,28
BRDA:139,32,1,0
BRDA:139,33,0,28
BRDA:139,33,1,28
BRDA:143,34,0,365
BRDA:143,34,1,346
BRDA:144,35,0,149
BRDA:144,35,1,216
BRDA:145,36,0,89
BRDA:145,36,1,60
BRDA:145,37,0,149
BRDA:145,37,1,119
BRDA:146,38,0,216
BRDA:146,38,1,0
BRDA:146,39,0,216
BRDA:146,39,1,0
BRDA:147,40,0,216
BRDA:147,40,1,0
BRDA:149,41,0,216
BRDA:149,41,1,0
BRDA:150,42,0,216
BRDA:150,42,1,0
BRDA:150,43,0,216
BRDA:150,43,1,216
BRDA:153,44,0,216
BRDA:153,44,1,0
BRDA:153,45,0,0
BRDA:153,45,1,0
BRDA:154,46,0,216
BRDA:154,46,1,0
BRDA:158,47,0,216
BRDA:158,47,1,0
BRDA:159,48,0,0
BRDA:159,48,1,0
BRDA:160,49,0,0
BRDA:160,49,1,0
BRDA:167,50,0,149
BRDA:167,50,1,216
BRDA:169,51,0,60
BRDA:169,51,1,89
BRDA:169,52,0,149
BRDA:169,52,1,119
BRDA:170,53,0,149
BRDA:170,53,1,130
BRDA:173,54,0,216
BRDA:173,54,1,0
BRDA:174,55,0,0
BRDA:174,55,1,0
BRDA:177,56,0,216
BRDA:177,56,1,0
BRDA:178,57,0,205
BRDA:178,57,1,11
BRDA:183,58,0,206
BRDA:183,58,1,10
BRDA:183,59,0,216
BRDA:183,59,1,216
BRDA:184,60,0,1
BRDA:184,60,1,205
BRDA:187,61,0,216
BRDA:187,61,1,0
BRDA:188,62,0,47
BRDA:188,62,1,169
BRDA:189,63,0,0
BRDA:189,63,1,47
BRDA:192,64,0,38
BRDA:192,64,1,131
BRDA:193,65,0,38
BRDA:193,65,1,0
BRDA:196,66,0,0
BRDA:196,66,1,131
BRDA:201,67,0,0
BRDA:201,67,1,422
BRDA:202,68,0,0
BRDA:202,68,1,0
BRDA:203,69,0,0
BRDA:203,69,1,0
BRDA:204,70,0,0
BRDA:204,70,1,0
BRDA:206,71,0,422
BRDA:206,71,1,0
BRDA:206,72,0,422
BRDA:206,72,1,0
BRDA:209,73,0,206
BRDA:209,73,1,10
BRDA:210,74,0,0
BRDA:210,74,1,10
BRDA:218,75,0,86
BRDA:218,75,1,0
BRDA:218,76,0,86
BRDA:218,76,1,86
BRDA:220,77,0,31
BRDA:220,77,1,55
BRDA:221,78,0,31
BRDA:221,78,1,0
BRDA:225,79,0,0
BRDA:225,79,1,86
BRDA:229,80,0,43
BRDA:229,80,1,43
BRDA:229,81,0,86
BRDA:229,81,1,43
BRDA:230,82,0,0
BRDA:230,82,1,86
BRDA:231,83,0,43
BRDA:231,83,1,43
BRDA:232,84,0,43
BRDA:232,84,1,0
BRDA:247,85,0,0
BRDA:247,85,1,28
BRDA:248,86,0,0
BRDA:248,86,1,0
BRDA:252,87,0,0
BRDA:252,87,1,28
BRDA:255,88,0,20
BRDA:255,88,1,8
BRDA:266,89,0,1
BRDA:266,89,1,215
BRDA:266,90,0,216
BRDA:266,90,1,1
BRDA:269,91,0,0
BRDA:269,91,1,216
BRDA:269,92,0,216
BRDA:269,92,1,0
BRDA:272,93,0,0
BRDA:272,93,1,0
BRDA:273,94,0,0
BRDA:273,94,1,0
BRDA:276,95,0,0
BRDA:276,95,1,0
BRDA:280,96,0,38
BRDA:280,96,1,178
BRDA:281,97,0,38
BRDA:281,97,1,0
BRDA:281,98,0,38
BRDA:281,98,1,38
BRDA:284,99,0,0
BRDA:284,99,1,178
BRF:200
BRH:125
end_of_record
TN:
SF:app\data\view.tsx
FN:98,urlParamsToString
FN:100,(anonymous_1)
FN:115,(anonymous_2)
FN:116,(anonymous_3)
FN:119,(anonymous_4)
FN:121,(anonymous_5)
FN:133,DataView
FN:172,(anonymous_7)
FN:178,(anonymous_8)
FN:190,(anonymous_9)
FN:198,(anonymous_10)
FN:212,(anonymous_11)
FN:229,(anonymous_12)
FN:232,(anonymous_13)
FN:238,(anonymous_14)
FN:243,(anonymous_15)
FN:246,(anonymous_16)
FN:252,(anonymous_17)
FN:257,(anonymous_18)
FN:262,(anonymous_19)
FN:267,(anonymous_20)
FN:274,(anonymous_21)
FN:303,(anonymous_22)
FN:305,(anonymous_23)
FN:313,(anonymous_24)
FN:315,(anonymous_25)
FN:324,(anonymous_26)
FN:328,(anonymous_27)
FN:330,(anonymous_28)
FN:332,(anonymous_29)
FNF:30
FNH:28
FNDA:26,urlParamsToString
FNDA:546,(anonymous_1)
FNDA:26,(anonymous_2)
FNDA:26,(anonymous_3)
FNDA:0,(anonymous_4)
FNDA:0,(anonymous_5)
FNDA:30,DataView
FNDA:240,(anonymous_7)
FNDA:6,(anonymous_8)
FNDA:2,(anonymous_9)
FNDA:17,(anonymous_10)
FNDA:22,(anonymous_11)
FNDA:106,(anonymous_12)
FNDA:146,(anonymous_13)
FNDA:30,(anonymous_14)
FNDA:30,(anonymous_15)
FNDA:9,(anonymous_16)
FNDA:30,(anonymous_17)
FNDA:150,(anonymous_18)
FNDA:30,(anonymous_19)
FNDA:60,(anonymous_20)
FNDA:4,(anonymous_21)
FNDA:30,(anonymous_22)
FNDA:630,(anonymous_23)
FNDA:24,(anonymous_24)
FNDA:96,(anonymous_25)
FNDA:24,(anonymous_26)
FNDA:28,(anonymous_27)
FNDA:140,(anonymous_28)
FNDA:56,(anonymous_29)
DA:53,2
DA:76,2
DA:77,2
DA:89,2
DA:99,26
DA:100,26
DA:101,546
DA:102,52
DA:103,52
DA:104,16
DA:107,494
DA:108,494
DA:109,48
DA:113,26
DA:115,2
DA:116,26
DA:119,2
DA:120,2
DA:121,2
DA:122,2
DA:123,2
DA:124,2
DA:126,2
DA:128,2
DA:134,30
DA:135,30
DA:173,240
DA:174,240
DA:178,30
DA:179,6
DA:180,2
DA:181,2
DA:182,2
DA:184,6
DA:185,6
DA:186,6
DA:187,2
DA:191,2
DA:192,2
DA:193,2
DA:194,2
DA:195,0
DA:196,2
DA:197,2
DA:198,17
DA:199,2
DA:200,0
DA:201,0
DA:203,2
DA:205,0
DA:210,6
DA:212,30
DA:213,22
DA:214,0
DA:221,0
DA:222,0
DA:224,22
DA:225,0
DA:226,0
DA:228,22
DA:229,106
DA:230,2
DA:232,146
DA:233,2
DA:235,22
DA:236,22
DA:238,30
DA:239,30
DA:244,30
DA:245,9
DA:246,9
DA:247,9
DA:249,21
DA:253,30
DA:254,30
DA:257,150
DA:259,0
DA:263,30
DA:264,30
DA:267,60
DA:269,0
DA:274,30
DA:275,4
DA:276,0
DA:285,4
DA:286,0
DA:287,0
DA:289,4
DA:290,4
DA:291,4
DA:292,0
DA:293,0
DA:294,0
DA:296,0
DA:297,0
DA:299,4
DA:301,30
DA:304,30
DA:305,30
DA:306,630
DA:308,30
DA:311,30
DA:313,30
DA:314,24
DA:315,24
DA:316,96
DA:317,96
DA:318,10
DA:319,10
DA:322,24
DA:324,30
DA:325,24
DA:328,30
DA:329,28
DA:330,140
DA:331,28
DA:332,56
DA:333,28
DA:343,28
DA:348,30
LF:120
LH:101
BRDA:101,0,0,52
BRDA:101,0,1,494
BRDA:101,1,0,546
BRDA:101,1,1,520
BRDA:103,2,0,16
BRDA:103,2,1,36
BRDA:108,3,0,48
BRDA:108,3,1,446
BRDA:179,4,0,2
BRDA:179,4,1,4
BRDA:186,5,0,2
BRDA:186,5,1,4
BRDA:193,6,0,2
BRDA:193,6,1,0
BRDA:194,7,0,0
BRDA:194,7,1,2
BRDA:195,8,0,0
BRDA:195,8,1,0
BRDA:196,9,0,2
BRDA:196,9,1,0
BRDA:196,10,0,2
BRDA:196,10,1,2
BRDA:199,11,0,0
BRDA:199,11,1,2
BRDA:213,12,0,0
BRDA:213,12,1,22
BRDA:224,13,0,0
BRDA:224,13,1,22
BRDA:229,14,0,2
BRDA:229,14,1,20
BRDA:232,15,0,2
BRDA:232,15,1,20
BRDA:240,16,0,30
BRDA:240,16,1,0
BRDA:241,17,0,30
BRDA:241,17,1,0
BRDA:242,18,0,30
BRDA:242,18,1,0
BRDA:244,19,0,9
BRDA:244,19,1,21
BRDA:253,20,0,30
BRDA:253,20,1,0
BRDA:263,21,0,30
BRDA:263,21,1,0
BRDA:275,22,0,0
BRDA:275,22,1,4
BRDA:285,23,0,0
BRDA:285,23,1,4
BRDA:289,24,0,4
BRDA:289,24,1,0
BRDA:290,25,0,4
BRDA:290,25,1,0
BRDA:292,26,0,0
BRDA:292,26,1,0
BRDA:292,27,0,0
BRDA:292,27,1,0
BRDA:306,28,0,450
BRDA:306,28,1,180
BRDA:317,29,0,10
BRDA:317,29,1,86
BRDA:337,30,0,0
BRDA:337,30,1,28
BRDA:338,31,0,0
BRDA:338,31,1,0
BRDA:339,32,0,28
BRDA:339,32,1,0
BRDA:340,33,0,28
BRDA:340,33,1,0
BRDA:343,34,0,26
BRDA:343,34,1,2
BRF:70
BRH:44
end_of_record
TN:
SF:app\parts\expandable.tsx
FN:4,Expandable
FN:9,(anonymous_1)
FNF:2
FNH:1
FNDA:28,Expandable
FNDA:0,(anonymous_1)
DA:5,28
DA:6,28
DA:9,0
LF:3
LH:2
BRDA:8,0,0,28
BRDA:8,0,1,0
BRDA:10,1,0,0
BRDA:10,1,1,28
BRF:4
BRH:2
end_of_record
TN:
SF:app\parts\export.tsx
FN:23,makePartialName
FN:28,Export
FN:33,(anonymous_2)
FN:43,(anonymous_3)
FN:50,(anonymous_4)
FN:53,(anonymous_5)
FN:56,(anonymous_6)
FN:66,(anonymous_7)
FN:104,(anonymous_8)
FN:111,(anonymous_9)
FN:112,(anonymous_10)
FN:121,(anonymous_11)
FN:123,(anonymous_12)
FN:128,(anonymous_13)
FN:134,(anonymous_14)
FN:143,(anonymous_15)
FN:159,(anonymous_16)
FN:166,(anonymous_17)
FNF:18
FNH:7
FNDA:28,makePartialName
FNDA:42,Export
FNDA:4,(anonymous_2)
FNDA:28,(anonymous_3)
FNDA:28,(anonymous_4)
FNDA:28,(anonymous_5)
FNDA:392,(anonymous_6)
FNDA:0,(anonymous_7)
FNDA:0,(anonymous_8)
FNDA:0,(anonymous_9)
FNDA:0,(anonymous_10)
FNDA:0,(anonymous_11)
FNDA:0,(anonymous_12)
FNDA:0,(anonymous_13)
FNDA:0,(anonymous_14)
FNDA:0,(anonymous_15)
FNDA:0,(anonymous_16)
FNDA:0,(anonymous_17)
DA:24,28
DA:29,42
DA:30,42
DA:31,42
DA:32,42
DA:34,4
DA:40,42
DA:41,42
DA:42,42
DA:43,42
DA:44,28
DA:45,28
DA:46,28
DA:48,28
DA:50,42
DA:51,42
DA:52,42
DA:53,42
DA:54,28
DA:55,28
DA:56,392
DA:57,28
DA:66,42
DA:67,42
DA:104,0
DA:111,0
DA:113,0
DA:114,0
DA:121,0
DA:123,0
DA:128,0
DA:134,0
DA:144,0
DA:145,0
DA:146,0
DA:148,0
DA:160,0
DA:161,0
DA:162,0
DA:163,0
DA:164,0
DA:165,0
DA:166,0
DA:167,0
DA:168,0
DA:169,0
LF:46
LH:24
BRDA:25,0,0,2
BRDA:25,0,1,26
BRDA:25,1,0,0
BRDA:25,1,1,26
BRDA:44,2,0,0
BRDA:44,2,1,28
BRDA:45,3,0,28
BRDA:45,3,1,0
BRDA:56,4,0,0
BRDA:56,4,1,392
BRDA:60,5,0,2
BRDA:60,5,1,26
BRDA:62,6,0,0
BRDA:62,6,1,26
BRDA:72,7,0,42
BRDA:72,7,1,0
BRDA:111,8,0,0
BRDA:111,8,1,0
BRDA:144,9,0,0
BRDA:144,9,1,0
BRDA:144,10,0,0
BRDA:144,10,1,0
BRDA:146,11,0,0
BRDA:146,11,1,0
BRF:24
BRH:10
end_of_record
TN:
SF:app\parts\info.tsx
FN:22,InfoCard
FN:88,InfoDisplay
FN:92,(anonymous_2)
FNF:3
FNH:1
FNDA:0,InfoCard
FNDA:28,InfoDisplay
FNDA:0,(anonymous_2)
DA:23,0
DA:24,0
DA:89,28
DA:90,28
DA:91,28
DA:92,28
DA:93,28
LF:7
LH:5
BRDA:48,0,0,0
BRDA:48,0,1,0
BRDA:61,1,0,0
BRDA:61,1,1,0
BRDA:68,2,0,0
BRDA:68,2,1,0
BRDA:68,3,0,0
BRDA:68,3,1,0
BRDA:69,4,0,0
BRDA:69,4,1,0
BRDA:71,5,0,0
BRDA:71,5,1,0
BRDA:73,6,0,0
BRDA:73,6,1,0
BRDA:98,7,0,28
BRDA:98,7,1,0
BRDA:115,8,0,0
BRDA:115,8,1,0
BRF:18
BRH:1
end_of_record
TN:
SF:app\parts\maps.tsx
FN:8,(anonymous_0)
FN:10,Maps
FN:23,(anonymous_2)
FNF:3
FNH:0
FNDA:0,(anonymous_0)
FNDA:0,Maps
FNDA:0,(anonymous_2)
DA:8,2
DA:21,0
DA:22,0
DA:23,0
DA:24,0
LF:5
LH:1
BRF:0
BRH:0
end_of_record
TN:
SF:app\parts\nav_bar.tsx
FN:7,NavBar
FN:18,(anonymous_1)
FNF:2
FNH:1
FNDA:4,NavBar
FNDA:0,(anonymous_1)
DA:8,4
DA:9,4
DA:10,4
DA:18,0
LF:4
LH:3
BRDA:18,0,0,0
BRDA:18,0,1,0
BRDA:19,1,0,4
BRDA:19,1,1,0
BRF:4
BRH:1
end_of_record
TN:
SF:app\parts\plot.tsx
FN:22,axisMin
FN:28,axisMax
FN:31,assignRanges
FN:37,(anonymous_3)
FN:38,(anonymous_4)
FN:46,formatNumberAxis
FN:98,resizePanels
FN:105,(anonymous_7)
FN:120,Plot
FN:131,(anonymous_9)
FN:151,(anonymous_10)
FN:153,(anonymous_11)
FN:165,(anonymous_12)
FN:172,(anonymous_13)
FN:180,(anonymous_14)
FN:212,(anonymous_15)
FN:223,(anonymous_16)
FN:243,(anonymous_17)
FN:259,(anonymous_18)
FN:264,(anonymous_19)
FN:269,(anonymous_20)
FN:274,(anonymous_21)
FN:305,(anonymous_22)
FN:341,(anonymous_23)
FNF:24
FNH:18
FNDA:0,axisMin
FNDA:0,axisMax
FNDA:30,assignRanges
FNDA:0,(anonymous_3)
FNDA:0,(anonymous_4)
FNDA:2059,formatNumberAxis
FNDA:45,resizePanels
FNDA:84,(anonymous_7)
FNDA:28,Plot
FNDA:4,(anonymous_9)
FNDA:4,(anonymous_10)
FNDA:32,(anonymous_11)
FNDA:0,(anonymous_12)
FNDA:2,(anonymous_13)
FNDA:0,(anonymous_14)
FNDA:16,(anonymous_15)
FNDA:1243,(anonymous_16)
FNDA:1243,(anonymous_17)
FNDA:28,(anonymous_18)
FNDA:1114,(anonymous_19)
FNDA:28,(anonymous_20)
FNDA:945,(anonymous_21)
FNDA:28,(anonymous_22)
FNDA:28,(anonymous_23)
DA:23,0
DA:29,0
DA:32,30
DA:33,30
DA:34,30
DA:35,30
DA:37,0
DA:38,0
DA:47,2059
DA:48,2059
DA:49,945
DA:50,945
DA:51,945
DA:61,2
DA:65,2
DA:86,2
DA:97,2
DA:99,45
DA:100,45
DA:101,45
DA:102,45
DA:103,45
DA:104,45
DA:105,45
DA:106,84
DA:107,84
DA:108,84
DA:109,84
DA:110,84
DA:117,45
DA:131,28
DA:132,4
DA:144,28
DA:145,28
DA:146,28
DA:147,28
DA:148,28
DA:149,28
DA:150,28
DA:151,28
DA:152,4
DA:153,4
DA:154,32
DA:155,32
DA:156,32
DA:157,32
DA:158,32
DA:159,30
DA:160,30
DA:164,4
DA:165,4
DA:166,0
DA:167,0
DA:168,0
DA:171,4
DA:172,4
DA:173,2
DA:174,2
DA:176,2
DA:179,28
DA:181,0
DA:182,0
DA:212,28
DA:213,16
DA:214,16
DA:215,16
DA:216,16
DA:217,15
DA:218,15
DA:219,15
DA:220,15
DA:221,15
DA:222,15
DA:223,15
DA:224,1243
DA:225,1243
DA:227,15
DA:228,15
DA:230,15
DA:231,15
DA:232,15
DA:233,15
DA:234,15
DA:243,1243
DA:260,28
DA:264,1114
DA:270,28
DA:274,945
DA:306,28
DA:307,28
DA:336,1
DA:341,28
DA:342,28
LF:93
LH:84
BRDA:22,0,0,0
BRDA:24,1,0,0
BRDA:24,1,1,0
BRDA:24,2,0,0
BRDA:24,2,1,0
BRDA:25,3,0,0
BRDA:25,3,1,0
BRDA:28,4,0,0
BRDA:32,5,0,0
BRDA:32,5,1,30
BRDA:33,6,0,30
BRDA:33,6,1,0
BRDA:47,7,0,0
BRDA:47,7,1,2059
BRDA:48,8,0,1114
BRDA:48,8,1,945
BRDA:48,9,0,2059
BRDA:48,9,1,1114
BRDA:50,10,0,163
BRDA:50,10,1,782
BRDA:52,11,0,0
BRDA:52,11,1,945
BRDA:53,12,0,0
BRDA:53,12,1,0
BRDA:54,13,0,0
BRDA:54,13,1,0
BRDA:55,14,0,0
BRDA:55,14,1,0
BRDA:57,15,0,654
BRDA:57,15,1,291
BRDA:99,16,0,30
BRDA:99,16,1,15
BRDA:106,17,0,27
BRDA:106,17,1,57
BRDA:107,18,0,24
BRDA:107,18,1,60
BRDA:147,19,0,28
BRDA:147,19,1,28
BRDA:152,20,0,4
BRDA:152,20,1,0
BRDA:154,21,0,32
BRDA:154,21,1,0
BRDA:158,22,0,30
BRDA:158,22,1,2
BRDA:158,23,0,32
BRDA:158,23,1,30
BRDA:164,24,0,4
BRDA:164,24,1,0
BRDA:166,25,0,0
BRDA:166,25,1,0
BRDA:168,26,0,0
BRDA:168,26,1,0
BRDA:173,27,0,2
BRDA:173,27,1,0
BRDA:181,28,0,0
BRDA:181,28,1,0
BRDA:184,29,0,0
BRDA:184,29,1,0
BRDA:184,30,0,0
BRDA:184,30,1,0
BRDA:186,31,0,0
BRDA:186,31,1,0
BRDA:187,32,0,0
BRDA:187,32,1,0
BRDA:187,33,0,0
BRDA:187,33,1,0
BRDA:187,33,2,0
BRDA:190,34,0,0
BRDA:190,34,1,0
BRDA:194,35,0,0
BRDA:194,35,1,0
BRDA:199,36,0,0
BRDA:199,36,1,0
BRDA:204,37,0,0
BRDA:204,37,1,0
BRDA:213,38,0,16
BRDA:213,38,1,0
BRDA:215,39,0,16
BRDA:215,39,1,0
BRDA:216,40,0,15
BRDA:216,40,1,1
BRDA:220,41,0,15
BRDA:220,41,1,0
BRDA:222,42,0,15
BRDA:222,42,1,0
BRDA:225,43,0,49
BRDA:225,43,1,1194
BRDA:231,44,0,13
BRDA:231,44,1,2
BRDA:231,45,0,15
BRDA:231,45,1,15
BRDA:243,46,0,15
BRDA:243,46,1,0
BRDA:250,47,0,15
BRDA:250,47,1,0
BRDA:306,48,0,28
BRDA:306,48,1,0
BRDA:306,49,0,28
BRDA:306,49,1,28
BRDA:310,50,0,16
BRDA:310,50,1,12
BRDA:310,51,0,28
BRDA:310,51,1,16
BRDA:312,52,0,0
BRDA:312,52,1,12
BRDA:313,53,0,0
BRDA:313,53,1,28
BRDA:313,54,0,28
BRDA:313,54,1,28
BRDA:314,55,0,0
BRDA:314,55,1,28
BRDA:314,56,0,28
BRDA:314,56,1,28
BRDA:323,57,0,15
BRDA:323,57,1,0
BRDA:327,58,0,15
BRDA:327,58,1,0
BRF:117
BRH:58
end_of_record
TN:
SF:app\parts\selector.tsx
FN:3,Selector
FN:19,(anonymous_1)
FN:28,(anonymous_2)
FN:30,(anonymous_3)
FN:39,(anonymous_4)
FN:41,(anonymous_5)
FNF:6
FNH:0
FNDA:0,Selector
FNDA:0,(anonymous_1)
FNDA:0,(anonymous_2)
FNDA:0,(anonymous_3)
FNDA:0,(anonymous_4)
FNDA:0,(anonymous_5)
DA:14,0
DA:20,0
DA:21,0
DA:28,0
DA:31,0
DA:39,0
DA:41,0
LF:7
LH:0
BRF:0
BRH:0
end_of_record
